<?xml version="1.0" encoding="utf-8"?><testsuites name="pytest tests"><testsuite name="pytest" errors="0" failures="0" skipped="0" tests="16" time="25.650" timestamp="2026-03-05T02:16:01.073403+00:00" hostname="agent-env-fc206a73-d10c-4670-86e8-21fbac77ad84"><testcase classname="backend.tests.test_task_auto_generation.TestTaskAutoGeneration" name="test_templates_endpoint_returns_9_seed_templates" time="0.512" /><testcase classname="backend.tests.test_task_auto_generation.TestTaskAutoGeneration" name="test_template_fields_structure" time="0.405" /><testcase classname="backend.tests.test_task_auto_generation.TestTaskAutoGeneration" name="test_templates_cover_all_trigger_events" time="0.411" /><testcase classname="backend.tests.test_task_auto_generation.TestTaskAutoGeneration" name="test_no_pool_routing_language_in_templates" time="0.397" /><testcase classname="backend.tests.test_task_auto_generation.TestTaskAutoGeneration" name="test_order_creation_auto_generates_request_created_tasks" time="2.459" /><testcase classname="backend.tests.test_task_auto_generation.TestTaskAutoGeneration" name="test_auto_generated_task_fields_correct" time="1.315" /><testcase classname="backend.tests.test_task_auto_generation.TestTaskAutoGeneration" name="test_due_dates_calculated_from_due_offset_hours" time="3.359" /><testcase classname="backend.tests.test_task_auto_generation.TestTaskAutoGeneration" name="test_video_category_triggers_video_specific_templates" time="2.975" /><testcase classname="backend.tests.test_task_auto_generation.TestTaskAutoGeneration" name="test_graphic_category_does_not_trigger_video_templates" time="1.307" /><testcase classname="backend.tests.test_task_auto_generation.TestTaskAutoGeneration" name="test_dedup_prevents_duplicate_tasks" time="2.030" /><testcase classname="backend.tests.test_task_auto_generation.TestTaskAutoGeneration" name="test_task_model_includes_template_and_trigger_fields" time="2.357" /><testcase classname="backend.tests.test_task_auto_generation.TestTaskAutoGeneration" name="test_no_pool_routing_in_generated_tasks" time="1.352" /><testcase classname="backend.tests.test_task_auto_generation.TestTaskAutoGeneration" name="test_templates_endpoint_requires_admin" time="0.445" /><testcase classname="backend.tests.test_task_auto_generation.TestVideoSpecificTemplateMatching" name="test_video_category_with_60s_in_title" time="1.276" /><testcase classname="backend.tests.test_task_auto_generation.TestVideoSpecificTemplateMatching" name="test_video_category_with_youtube_in_title" time="1.529" /><testcase classname="backend.tests.test_task_auto_generation.TestStatusTransitionTaskGeneration" name="test_pick_order_triggers_status_changed_to_doing" time="3.436" /></testsuite></testsuites>