<?xml version="1.0" encoding="utf-8"?><testsuites name="pytest tests"><testsuite name="pytest" errors="0" failures="0" skipped="0" tests="13" time="5.234" timestamp="2026-01-28T03:33:38.289459+00:00" hostname="agent-env-2891aed9-c603-4b3b-b028-9c2596881be5"><testcase classname="backend.tests.test_uat_round2_fixes.TestUATRound2Fixes" name="test_get_categories_l1" time="0.294" /><testcase classname="backend.tests.test_uat_round2_fixes.TestUATRound2Fixes" name="test_get_categories_l2" time="0.364" /><testcase classname="backend.tests.test_uat_round2_fixes.TestUATRound2Fixes" name="test_create_ticket_with_generic_category" time="0.458" /><testcase classname="backend.tests.test_uat_round2_fixes.TestUATRound2Fixes" name="test_create_ticket_appears_in_my_submitted_tickets" time="0.435" /><testcase classname="backend.tests.test_uat_round2_fixes.TestUATRound2Fixes" name="test_force_to_pool_2_endpoint_exists" time="0.448" /><testcase classname="backend.tests.test_uat_round2_fixes.TestUATRound2Fixes" name="test_force_to_pool_2_requires_admin" time="0.261" /><testcase classname="backend.tests.test_uat_round2_fixes.TestUATRound2Fixes" name="test_force_to_pool_2_only_open_unassigned" time="0.415" /><testcase classname="backend.tests.test_uat_round2_fixes.TestUATRound2Fixes" name="test_my_assigned_endpoint_exists" time="0.272" /><testcase classname="backend.tests.test_uat_round2_fixes.TestUATRound2Fixes" name="test_pool_endpoint_shows_unassigned_only" time="0.274" /><testcase classname="backend.tests.test_uat_round2_fixes.TestUATRound2Fixes" name="test_order_creation_with_all_priorities" time="0.814" /><testcase classname="backend.tests.test_uat_round2_fixes.TestUATRound2Fixes" name="test_draft_ticket_creation" time="0.384" /><testcase classname="backend.tests.test_uat_round2_fixes.TestReportAnIssue" name="test_bug_report_endpoint_exists" time="0.315" /><testcase classname="backend.tests.test_uat_round2_fixes.TestReportAnIssue" name="test_create_issue_via_orders_endpoint" time="0.443" /></testsuite></testsuites>