<?xml version="1.0" encoding="utf-8"?><testsuites name="pytest tests"><testsuite name="pytest" errors="0" failures="0" skipped="1" tests="27" time="13.185" timestamp="2026-03-05T03:26:02.025936+00:00" hostname="agent-env-fc206a73-d10c-4670-86e8-21fbac77ad84"><testcase classname="backend.tests.test_task_rbac_account_manager_v2.TestSetAccountManager" name="test_admin_can_set_account_manager" time="0.653" /><testcase classname="backend.tests.test_task_rbac_account_manager_v2.TestSetAccountManager" name="test_cannot_set_media_client_as_account_manager" time="0.122" /><testcase classname="backend.tests.test_task_rbac_account_manager_v2.TestSetAccountManager" name="test_non_admin_gets_403" time="0.496" /><testcase classname="backend.tests.test_task_rbac_account_manager_v2.TestSetAccountManager" name="test_non_client_user_gets_400" time="0.098" /><testcase classname="backend.tests.test_task_rbac_account_manager_v2.TestSetAccountManager" name="test_admin_can_clear_account_manager" time="0.514" /><testcase classname="backend.tests.test_task_rbac_account_manager_v2.TestGetAccountManager" name="test_returns_account_manager_info" time="0.244" /><testcase classname="backend.tests.test_task_rbac_account_manager_v2.TestGetAccountManager" name="test_returns_null_when_no_account_manager" time="0.326" /><testcase classname="backend.tests.test_task_rbac_account_manager_v2.TestAssignableUsers" name="test_admin_gets_all_org_users" time="0.121" /><testcase classname="backend.tests.test_task_rbac_account_manager_v2.TestAssignableUsers" name="test_client_gets_self_plus_am_with_flag" time="0.459" /><testcase classname="backend.tests.test_task_rbac_account_manager_v2.TestAssignableUsers" name="test_client_with_no_am_gets_only_self" time="0.480" /><testcase classname="backend.tests.test_task_rbac_account_manager_v2.TestAssignableUsers" name="test_internal_user_gets_self_managed_clients_internal_staff" time="0.350"><skipped type="pytest.skip" message="Could not login as internal user - may have different password">/app/backend/tests/test_task_rbac_account_manager_v2.py:368: Could not login as internal user - may have different password</skipped></testcase><testcase classname="backend.tests.test_task_rbac_account_manager_v2.TestClientTaskCreate" name="test_client_can_create_task_assigned_to_self" time="0.618" /><testcase classname="backend.tests.test_task_rbac_account_manager_v2.TestClientTaskCreate" name="test_client_can_create_task_assigned_to_am" time="0.653" /><testcase classname="backend.tests.test_task_rbac_account_manager_v2.TestClientTaskCreate" name="test_client_assigns_to_random_admin_user_403" time="0.474" /><testcase classname="backend.tests.test_task_rbac_account_manager_v2.TestClientTaskCreate" name="test_client_assigns_to_another_client_403" time="0.467" /><testcase classname="backend.tests.test_task_rbac_account_manager_v2.TestClientTaskCreate" name="test_client_creates_with_visibility_internal_403" time="0.488" /><testcase classname="backend.tests.test_task_rbac_account_manager_v2.TestClientTaskCreate" name="test_client_creates_with_visibility_client" time="0.563" /><testcase classname="backend.tests.test_task_rbac_account_manager_v2.TestClientTaskCreate" name="test_client_creates_with_visibility_both" time="0.577" /><testcase classname="backend.tests.test_task_rbac_account_manager_v2.TestClientTaskUpdate" name="test_client_updates_title_on_task_they_created" time="0.730" /><testcase classname="backend.tests.test_task_rbac_account_manager_v2.TestClientTaskUpdate" name="test_client_updates_status_on_visible_task_not_created" time="0.731" /><testcase classname="backend.tests.test_task_rbac_account_manager_v2.TestClientTaskUpdate" name="test_client_tries_to_update_title_on_task_they_didnt_create_403" time="0.679" /><testcase classname="backend.tests.test_task_rbac_account_manager_v2.TestClientTaskUpdate" name="test_client_tries_to_change_visibility_403" time="0.700" /><testcase classname="backend.tests.test_task_rbac_account_manager_v2.TestClientTaskUpdate" name="test_client_reassigns_own_task_to_am" time="0.726" /><testcase classname="backend.tests.test_task_rbac_account_manager_v2.TestClientTaskUpdate" name="test_client_reassigns_own_task_to_random_user_403" time="0.719" /><testcase classname="backend.tests.test_task_rbac_account_manager_v2.TestAdminFullAccess" name="test_admin_can_create_internal_visibility_task" time="0.219" /><testcase classname="backend.tests.test_task_rbac_account_manager_v2.TestAdminFullAccess" name="test_admin_can_assign_to_any_user" time="0.336" /><testcase classname="backend.tests.test_task_rbac_account_manager_v2.TestAdminFullAccess" name="test_admin_can_change_visibility" time="0.345" /></testsuite></testsuites>