<?xml version="1.0" encoding="utf-8"?><testsuites name="pytest tests"><testsuite name="pytest" errors="0" failures="0" skipped="0" tests="13" time="21.942" timestamp="2026-01-29T03:27:53.854833+00:00" hostname="agent-env-385d8e7f-0cfc-40f5-bf1a-12fddc4c203d"><testcase classname="backend.tests.test_multi_specialty_support.TestMultiSpecialtySupport" name="test_01_create_user_with_multiple_specialties" time="1.891" /><testcase classname="backend.tests.test_multi_specialty_support.TestMultiSpecialtySupport" name="test_02_create_user_with_legacy_single_specialty" time="4.011" /><testcase classname="backend.tests.test_multi_specialty_support.TestMultiSpecialtySupport" name="test_03_edit_user_add_specialties" time="3.735" /><testcase classname="backend.tests.test_multi_specialty_support.TestMultiSpecialtySupport" name="test_04_edit_user_remove_specialties" time="4.210" /><testcase classname="backend.tests.test_multi_specialty_support.TestMultiSpecialtySupport" name="test_05_primary_specialty_validation" time="0.555" /><testcase classname="backend.tests.test_multi_specialty_support.TestMultiSpecialtySupport" name="test_06_at_least_one_specialty_required" time="0.548" /><testcase classname="backend.tests.test_multi_specialty_support.TestMultiSpecialtySupport" name="test_07_migration_endpoint_exists" time="0.542" /><testcase classname="backend.tests.test_multi_specialty_support.TestMultiSpecialtySupport" name="test_08_user_list_shows_multiple_specialties" time="0.529" /><testcase classname="backend.tests.test_multi_specialty_support.TestMultiSpecialtySupport" name="test_09_existing_multi_specialty_user" time="0.520" /><testcase classname="backend.tests.test_multi_specialty_support.TestPoolRoutingMultiSpecialty" name="test_10_pool_routing_query_uses_or_for_specialty_ids" time="0.496" /><testcase classname="backend.tests.test_multi_specialty_support.TestPoolRoutingMultiSpecialty" name="test_11_user_with_multiple_specialties_matches_any" time="0.490" /><testcase classname="backend.tests.test_multi_specialty_support.TestUserDialogMultiSpecialty" name="test_12_api_accepts_specialty_ids_array" time="3.868" /><testcase classname="backend.tests.test_multi_specialty_support.TestUserDialogMultiSpecialty" name="test_13_api_returns_specialties_with_is_primary_flag" time="0.459" /></testsuite></testsuites>