<?xml version="1.0" encoding="utf-8"?><testsuites name="pytest tests"><testsuite name="pytest" errors="0" failures="0" skipped="0" tests="12" time="3.998" timestamp="2026-01-28T19:18:21.355698+00:00" hostname="agent-env-c6bd91ca-8097-462c-8827-b68e9114dd0b"><testcase classname="backend.tests.test_workflow_editor_fixes.TestWorkflowEditorBackend" name="test_admin_login_success" time="0.534" /><testcase classname="backend.tests.test_workflow_editor_fixes.TestWorkflowEditorBackend" name="test_get_workflows_list" time="0.278" /><testcase classname="backend.tests.test_workflow_editor_fixes.TestWorkflowEditorBackend" name="test_get_single_workflow" time="0.292" /><testcase classname="backend.tests.test_workflow_editor_fixes.TestWorkflowEditorBackend" name="test_get_specialties_for_dropdown" time="0.314" /><testcase classname="backend.tests.test_workflow_editor_fixes.TestWorkflowEditorBackend" name="test_get_roles_for_dropdown" time="0.281" /><testcase classname="backend.tests.test_workflow_editor_fixes.TestWorkflowEditorBackend" name="test_get_teams_for_dropdown" time="0.277" /><testcase classname="backend.tests.test_workflow_editor_fixes.TestWorkflowEditorBackend" name="test_get_sla_policies_for_dropdown" time="0.283" /><testcase classname="backend.tests.test_workflow_editor_fixes.TestWorkflowEditorBackend" name="test_workflow_update_nodes_edges" time="0.347" /><testcase classname="backend.tests.test_workflow_editor_fixes.TestWorkflowEditorBackend" name="test_workflow_with_assign_specialty_action" time="0.385" /><testcase classname="backend.tests.test_workflow_editor_fixes.TestWorkflowEditorBackend" name="test_multiple_workflow_opens" time="0.373" /><testcase classname="backend.tests.test_workflow_editor_fixes.TestAssignSpecialtyActionEngine" name="test_workflow_execution_endpoint_exists" time="0.282" /><testcase classname="backend.tests.test_workflow_editor_fixes.TestAssignSpecialtyActionEngine" name="test_workflow_templates_endpoint" time="0.275" /></testsuite></testsuites>