<?xml version="1.0" encoding="utf-8"?><testsuites name="pytest tests"><testsuite name="pytest" errors="0" failures="0" skipped="0" tests="18" time="6.479" timestamp="2026-01-28T18:02:42.011877+00:00" hostname="agent-env-c6bd91ca-8097-462c-8827-b68e9114dd0b"><testcase classname="backend.tests.test_p1_improvements.TestCategoriesSubcategoryMove" name="test_get_l1_categories" time="0.394" /><testcase classname="backend.tests.test_p1_improvements.TestCategoriesSubcategoryMove" name="test_get_l2_categories" time="0.310" /><testcase classname="backend.tests.test_p1_improvements.TestCategoriesSubcategoryMove" name="test_create_l1_category_for_move_test" time="0.391" /><testcase classname="backend.tests.test_p1_improvements.TestCategoriesSubcategoryMove" name="test_create_and_move_subcategory" time="0.477" /><testcase classname="backend.tests.test_p1_improvements.TestCategoriesSubcategoryMove" name="test_move_to_invalid_parent_fails" time="0.390" /><testcase classname="backend.tests.test_p1_improvements.TestLogsModule" name="test_get_system_logs" time="0.302" /><testcase classname="backend.tests.test_p1_improvements.TestLogsModule" name="test_get_api_logs" time="0.311" /><testcase classname="backend.tests.test_p1_improvements.TestLogsModule" name="test_get_ui_logs" time="0.301" /><testcase classname="backend.tests.test_p1_improvements.TestLogsModule" name="test_get_user_logs" time="0.306" /><testcase classname="backend.tests.test_p1_improvements.TestLogsModule" name="test_invalid_log_type_rejected" time="0.298" /><testcase classname="backend.tests.test_p1_improvements.TestLogsModule" name="test_create_log_entry" time="0.346" /><testcase classname="backend.tests.test_p1_improvements.TestAnnouncementsRetention" name="test_list_announcements" time="0.300" /><testcase classname="backend.tests.test_p1_improvements.TestAnnouncementsRetention" name="test_create_announcement" time="0.350" /><testcase classname="backend.tests.test_p1_improvements.TestAnnouncementsRetention" name="test_create_expired_announcement_within_24h" time="0.408" /><testcase classname="backend.tests.test_p1_improvements.TestAnnouncementsRetention" name="test_announcement_with_schedule" time="0.374" /><testcase classname="backend.tests.test_p1_improvements.TestAnnouncementsRetention" name="test_get_active_announcements_for_user" time="0.307" /><testcase classname="backend.tests.test_p1_improvements.TestAnnouncementsRetention" name="test_get_all_active_announcements" time="0.296" /><testcase classname="backend.tests.test_p1_improvements.TestCategoryL2UpdateModel" name="test_patch_l2_with_category_l1_id" time="0.421" /></testsuite></testsuites>