<?xml version="1.0" encoding="utf-8"?><testsuites name="pytest tests"><testsuite name="pytest" errors="0" failures="0" skipped="0" tests="24" time="14.243" timestamp="2026-02-01T03:28:40.488773+00:00" hostname="agent-env-8f062c0f-06a2-45aa-a6a0-63abaa262286"><testcase classname="backend.tests.test_multi_dashboard_system.TestMultiDashboardSystem" name="test_dashboard_list_returns_4_system_dashboards" time="0.369" /><testcase classname="backend.tests.test_multi_dashboard_system.TestMultiDashboardSystem" name="test_admin_executive_dashboard_has_19_widgets" time="0.304" /><testcase classname="backend.tests.test_multi_dashboard_system.TestMultiDashboardSystem" name="test_resolver_operator_dashboard_has_11_widgets" time="0.300" /><testcase classname="backend.tests.test_multi_dashboard_system.TestMultiDashboardSystem" name="test_partner_vendor_dashboard_has_9_widgets" time="0.304" /><testcase classname="backend.tests.test_multi_dashboard_system.TestMultiDashboardSystem" name="test_requester_client_dashboard_has_10_widgets" time="0.301" /><testcase classname="backend.tests.test_multi_dashboard_system.TestMultiDashboardSystem" name="test_widget_library_returns_widgets_and_categories" time="0.297" /><testcase classname="backend.tests.test_multi_dashboard_system.TestMultiDashboardSystem" name="test_widget_library_has_kpi_cards" time="0.300" /><testcase classname="backend.tests.test_multi_dashboard_system.TestMultiDashboardSystem" name="test_widget_library_has_charts" time="0.316" /><testcase classname="backend.tests.test_multi_dashboard_system.TestMultiDashboardSystem" name="test_widget_library_has_ticket_lists" time="0.300" /><testcase classname="backend.tests.test_multi_dashboard_system.TestMultiDashboardSystem" name="test_clone_dashboard_creates_new_dashboard" time="0.391" /><testcase classname="backend.tests.test_multi_dashboard_system.TestMultiDashboardSystem" name="test_clone_nonexistent_dashboard_returns_404" time="0.338" /><testcase classname="backend.tests.test_multi_dashboard_system.TestMultiDashboardSystem" name="test_preview_dashboard_as_administrator" time="0.301" /><testcase classname="backend.tests.test_multi_dashboard_system.TestMultiDashboardSystem" name="test_preview_dashboard_as_operator" time="0.304" /><testcase classname="backend.tests.test_multi_dashboard_system.TestMultiDashboardSystem" name="test_preview_nonexistent_dashboard_returns_404" time="0.296" /><testcase classname="backend.tests.test_multi_dashboard_system.TestMultiDashboardSystem" name="test_create_custom_dashboard" time="0.338" /><testcase classname="backend.tests.test_multi_dashboard_system.TestMultiDashboardSystem" name="test_update_dashboard" time="0.442" /><testcase classname="backend.tests.test_multi_dashboard_system.TestMultiDashboardSystem" name="test_cannot_delete_system_dashboard" time="0.292" /><testcase classname="backend.tests.test_multi_dashboard_system.TestMultiDashboardSystem" name="test_delete_custom_dashboard" time="0.366" /><testcase classname="backend.tests.test_multi_dashboard_system.TestIAMDashboardTypeAssignment" name="test_create_user_with_dashboard_type" time="2.722" /><testcase classname="backend.tests.test_multi_dashboard_system.TestIAMDashboardTypeAssignment" name="test_update_user_dashboard_type" time="1.648" /><testcase classname="backend.tests.test_multi_dashboard_system.TestIAMDashboardTypeAssignment" name="test_user_response_includes_dashboard_type_name" time="2.640" /><testcase classname="backend.tests.test_multi_dashboard_system.TestDashboardWidgetPermissions" name="test_widgets_have_required_permissions" time="0.299" /><testcase classname="backend.tests.test_multi_dashboard_system.TestDashboardWidgetPermissions" name="test_pool_widgets_require_orders_pick_permission" time="0.305" /><testcase classname="backend.tests.test_multi_dashboard_system.TestDashboardWidgetPermissions" name="test_preview_filters_widgets_by_role_permissions" time="0.629" /></testsuite></testsuites>