<?xml version="1.0" encoding="utf-8"?><testsuites name="pytest tests"><testsuite name="pytest" errors="0" failures="0" skipped="0" tests="12" time="10.793" timestamp="2026-01-29T02:07:15.144634+00:00" hostname="agent-env-385d8e7f-0cfc-40f5-bf1a-12fddc4c203d"><testcase classname="backend.tests.test_p0_documentation_pool_routing.TestDocumentationEndpoints" name="test_01_get_system_logic_snapshot_admin" time="0.395" /><testcase classname="backend.tests.test_p0_documentation_pool_routing.TestDocumentationEndpoints" name="test_02_download_md_format_admin" time="0.316" /><testcase classname="backend.tests.test_p0_documentation_pool_routing.TestDocumentationEndpoints" name="test_03_download_pdf_format_admin" time="0.313" /><testcase classname="backend.tests.test_p0_documentation_pool_routing.TestDocumentationEndpoints" name="test_04_non_admin_cannot_access_documentation" time="0.576" /><testcase classname="backend.tests.test_p0_documentation_pool_routing.TestDocumentationEndpoints" name="test_05_invalid_format_returns_400" time="0.301" /><testcase classname="backend.tests.test_p0_documentation_pool_routing.TestPoolRoutingLogic" name="test_06_ticket_with_matching_partner_goes_to_pool_1" time="0.311" /><testcase classname="backend.tests.test_p0_documentation_pool_routing.TestPoolRoutingLogic" name="test_07_ticket_without_matching_partner_goes_to_pool_2" time="1.261" /><testcase classname="backend.tests.test_p0_documentation_pool_routing.TestPoolRoutingLogic" name="test_08_partner_can_see_pool_1_tickets_matching_specialty" time="2.542" /><testcase classname="backend.tests.test_p0_documentation_pool_routing.TestPoolRoutingLogic" name="test_09_pool_stage_and_routing_fields_stored_correctly" time="3.123" /><testcase classname="backend.tests.test_p0_documentation_pool_routing.TestPoolRoutingLogic" name="test_10_draft_submission_triggers_pool_routing" time="0.398" /><testcase classname="backend.tests.test_p0_documentation_pool_routing.TestPoolAccessControl" name="test_11_admin_can_access_both_pools" time="0.393" /><testcase classname="backend.tests.test_p0_documentation_pool_routing.TestPoolAccessControl" name="test_12_standard_user_cannot_access_pools" time="0.653" /></testsuite></testsuites>