<?xml version="1.0" encoding="utf-8"?><testsuites name="pytest tests"><testsuite name="pytest" errors="11" failures="1" skipped="0" tests="13" time="3.572" timestamp="2026-01-28T00:11:49.154796+00:00" hostname="agent-env-2891aed9-c603-4b3b-b028-9c2596881be5"><testcase classname="backend.tests.test_p0_blockers.TestAuth" name="test_admin_login" time="0.344"><failure message="AssertionError: assert 'access_token' in {'token': 'eyJhbGciOiJIUzI1NiIsInR5cCI6IkpXVCJ9.eyJzdWIiOiI5MWRmYjEzOS01ZTlhLTRmZjAtYWE4My00NDc2YjIwOGQxZjkiLCJyb2xlIjoiQWRtaW5pc3RyYXRvciIsImV4cCI6MTc2OTY0NTUwOX0.U9iYPbsdmtAiTHsGOgxhmvsD_9jFVBNO3xnKNPCeUO0', 'user': {'access_tier_id': None, 'access_tier_name': None, 'account_type': 'Internal Staff', 'active': True, ...}}">backend/tests/test_p0_blockers.py:30: in test_admin_login
    assert "access_token" in data
E   AssertionError: assert 'access_token' in {'token': 'eyJhbGciOiJIUzI1NiIsInR5cCI6IkpXVCJ9.eyJzdWIiOiI5MWRmYjEzOS01ZTlhLTRmZjAtYWE4My00NDc2YjIwOGQxZjkiLCJyb2xlIjoiQWRtaW5pc3RyYXRvciIsImV4cCI6MTc2OTY0NTUwOX0.U9iYPbsdmtAiTHsGOgxhmvsD_9jFVBNO3xnKNPCeUO0', 'user': {'access_tier_id': None, 'access_tier_name': None, 'account_type': 'Internal Staff', 'active': True, ...}}</failure></testcase><testcase classname="backend.tests.test_p0_blockers.TestIAMRoles" name="test_list_roles" time="0.262"><error message="failed on setup with &quot;KeyError: 'access_token'&quot;">backend/tests/test_p0_blockers.py:46: in setup
    self.token = response.json()["access_token"]
                 ^^^^^^^^^^^^^^^^^^^^^^^^^^^^^^^
E   KeyError: 'access_token'</error></testcase><testcase classname="backend.tests.test_p0_blockers.TestIAMRoles" name="test_create_role" time="0.277"><error message="failed on setup with &quot;KeyError: 'access_token'&quot;">backend/tests/test_p0_blockers.py:46: in setup
    self.token = response.json()["access_token"]
                 ^^^^^^^^^^^^^^^^^^^^^^^^^^^^^^^
E   KeyError: 'access_token'</error></testcase><testcase classname="backend.tests.test_p0_blockers.TestIAMRoles" name="test_update_role" time="0.286"><error message="failed on setup with &quot;KeyError: 'access_token'&quot;">backend/tests/test_p0_blockers.py:46: in setup
    self.token = response.json()["access_token"]
                 ^^^^^^^^^^^^^^^^^^^^^^^^^^^^^^^
E   KeyError: 'access_token'</error></testcase><testcase classname="backend.tests.test_p0_blockers.TestIAMRoles" name="test_delete_role" time="0.267"><error message="failed on setup with &quot;KeyError: 'access_token'&quot;">backend/tests/test_p0_blockers.py:46: in setup
    self.token = response.json()["access_token"]
                 ^^^^^^^^^^^^^^^^^^^^^^^^^^^^^^^
E   KeyError: 'access_token'</error></testcase><testcase classname="backend.tests.test_p0_blockers.TestIAMAccountTypes" name="test_list_account_types" time="0.272"><error message="failed on setup with &quot;KeyError: 'access_token'&quot;">backend/tests/test_p0_blockers.py:156: in setup
    self.token = response.json()["access_token"]
                 ^^^^^^^^^^^^^^^^^^^^^^^^^^^^^^^
E   KeyError: 'access_token'</error></testcase><testcase classname="backend.tests.test_p0_blockers.TestIAMAccountTypes" name="test_create_account_type" time="0.267"><error message="failed on setup with &quot;KeyError: 'access_token'&quot;">backend/tests/test_p0_blockers.py:156: in setup
    self.token = response.json()["access_token"]
                 ^^^^^^^^^^^^^^^^^^^^^^^^^^^^^^^
E   KeyError: 'access_token'</error></testcase><testcase classname="backend.tests.test_p0_blockers.TestIAMAccountTypes" name="test_update_account_type" time="0.268"><error message="failed on setup with &quot;KeyError: 'access_token'&quot;">backend/tests/test_p0_blockers.py:156: in setup
    self.token = response.json()["access_token"]
                 ^^^^^^^^^^^^^^^^^^^^^^^^^^^^^^^
E   KeyError: 'access_token'</error></testcase><testcase classname="backend.tests.test_p0_blockers.TestIAMAccountTypes" name="test_delete_account_type" time="0.261"><error message="failed on setup with &quot;KeyError: 'access_token'&quot;">backend/tests/test_p0_blockers.py:156: in setup
    self.token = response.json()["access_token"]
                 ^^^^^^^^^^^^^^^^^^^^^^^^^^^^^^^
E   KeyError: 'access_token'</error></testcase><testcase classname="backend.tests.test_p0_blockers.TestOrderReassign" name="test_get_reassign_options" time="0.259"><error message="failed on setup with &quot;KeyError: 'access_token'&quot;">backend/tests/test_p0_blockers.py:264: in setup
    self.token = response.json()["access_token"]
                 ^^^^^^^^^^^^^^^^^^^^^^^^^^^^^^^
E   KeyError: 'access_token'</error></testcase><testcase classname="backend.tests.test_p0_blockers.TestOrderReassign" name="test_reassign_endpoint_exists" time="0.265"><error message="failed on setup with &quot;KeyError: 'access_token'&quot;">backend/tests/test_p0_blockers.py:264: in setup
    self.token = response.json()["access_token"]
                 ^^^^^^^^^^^^^^^^^^^^^^^^^^^^^^^
E   KeyError: 'access_token'</error></testcase><testcase classname="backend.tests.test_p0_blockers.TestMyTicketsEndpoint" name="test_my_requests_endpoint" time="0.261"><error message="failed on setup with &quot;KeyError: 'access_token'&quot;">backend/tests/test_p0_blockers.py:348: in setup
    self.token = response.json()["access_token"]
                 ^^^^^^^^^^^^^^^^^^^^^^^^^^^^^^^
E   KeyError: 'access_token'</error></testcase><testcase classname="backend.tests.test_p0_blockers.TestAllOrdersAdminOnly" name="test_orders_endpoint_requires_auth" time="0.045" /></testsuite></testsuites>