<?xml version="1.0" encoding="utf-8"?><testsuites name="pytest tests"><testsuite name="pytest" errors="0" failures="0" skipped="0" tests="16" time="5.948" timestamp="2026-01-24T16:45:02.595160+00:00" hostname="agent-env-a7f02e90-51f7-4491-83a5-62062ca0b42a"><testcase classname="backend.tests.test_dynamic_roles.TestDynamicRolesSystem" name="test_get_all_roles_returns_31_seeded_roles" time="0.376" /><testcase classname="backend.tests.test_dynamic_roles.TestDynamicRolesSystem" name="test_get_service_provider_roles_returns_29" time="0.305" /><testcase classname="backend.tests.test_dynamic_roles.TestDynamicRolesSystem" name="test_get_system_roles_returns_2" time="0.339" /><testcase classname="backend.tests.test_dynamic_roles.TestDynamicRolesSystem" name="test_service_provider_roles_include_expected_roles" time="0.302" /><testcase classname="backend.tests.test_dynamic_roles.TestDynamicRolesSystem" name="test_create_custom_role" time="0.384" /><testcase classname="backend.tests.test_dynamic_roles.TestDynamicRolesSystem" name="test_create_duplicate_role_fails" time="0.299" /><testcase classname="backend.tests.test_dynamic_roles.TestDynamicRolesSystem" name="test_update_non_system_role" time="0.376" /><testcase classname="backend.tests.test_dynamic_roles.TestDynamicRolesSystem" name="test_cannot_modify_system_roles" time="0.333" /><testcase classname="backend.tests.test_dynamic_roles.TestDynamicRolesSystem" name="test_delete_deactivates_role" time="0.379" /><testcase classname="backend.tests.test_dynamic_roles.TestDynamicRolesSystem" name="test_cannot_delete_system_roles" time="0.332" /><testcase classname="backend.tests.test_dynamic_roles.TestDynamicRolesSystem" name="test_create_user_with_service_provider_role" time="0.558" /><testcase classname="backend.tests.test_dynamic_roles.TestDynamicRolesSystem" name="test_create_user_with_invalid_role_fails" time="0.296" /><testcase classname="backend.tests.test_dynamic_roles.TestDynamicRolesSystem" name="test_update_user_role_to_service_provider" time="0.592" /><testcase classname="backend.tests.test_dynamic_roles.TestDynamicRolesSystem" name="test_get_service_providers_endpoint" time="0.317" /><testcase classname="backend.tests.test_dynamic_roles.TestRolePermissions" name="test_service_providers_have_can_pick_orders" time="0.299" /><testcase classname="backend.tests.test_dynamic_roles.TestRolePermissions" name="test_system_roles_have_correct_permissions" time="0.336" /></testsuite></testsuites>