<?xml version="1.0" encoding="utf-8"?><testsuites name="pytest tests"><testsuite name="pytest" errors="0" failures="0" skipped="0" tests="15" time="1.386" timestamp="2026-01-26T05:13:14.375212+00:00" hostname="agent-env-cf87cf94-1c16-4b5d-882f-4bec071303a0"><testcase classname="backend.tests.test_refactored_routes.TestAuthEndpoints" name="test_login_success" time="0.327" /><testcase classname="backend.tests.test_refactored_routes.TestAuthEndpoints" name="test_login_invalid_credentials" time="0.041" /><testcase classname="backend.tests.test_refactored_routes.TestCategoriesEndpoints" name="test_get_categories_l1" time="0.342" /><testcase classname="backend.tests.test_refactored_routes.TestCategoriesEndpoints" name="test_get_categories_l2" time="0.038" /><testcase classname="backend.tests.test_refactored_routes.TestDashboardEndpoints" name="test_get_dashboard_stats" time="0.059" /><testcase classname="backend.tests.test_refactored_routes.TestDashboardEndpoints" name="test_get_dashboard_editor" time="0.040" /><testcase classname="backend.tests.test_refactored_routes.TestDashboardEndpoints" name="test_get_dashboard_requester" time="0.032" /><testcase classname="backend.tests.test_refactored_routes.TestRatingsEndpoints" name="test_get_my_stats" time="0.040" /><testcase classname="backend.tests.test_refactored_routes.TestNotificationsEndpoints" name="test_get_unread_count" time="0.035" /><testcase classname="backend.tests.test_refactored_routes.TestNotificationsEndpoints" name="test_get_notifications" time="0.037" /><testcase classname="backend.tests.test_refactored_routes.TestMyRequestsEndpoint" name="test_get_my_requests" time="0.036" /><testcase classname="backend.tests.test_refactored_routes.TestTeamsEndpoints" name="test_get_teams" time="0.040" /><testcase classname="backend.tests.test_refactored_routes.TestTeamsEndpoints" name="test_get_team_members" time="0.075" /><testcase classname="backend.tests.test_refactored_routes.TestWorkflowsEndpoints" name="test_get_workflows" time="0.037" /><testcase classname="backend.tests.test_refactored_routes.TestAnnouncementEndpoints" name="test_get_announcement_ticker" time="0.079" /></testsuite></testsuites>