<?xml version="1.0" encoding="utf-8"?><testsuites name="pytest tests"><testsuite name="pytest" errors="0" failures="0" skipped="0" tests="17" time="10.667" timestamp="2026-01-28T03:09:44.216343+00:00" hostname="agent-env-2891aed9-c603-4b3b-b028-9c2596881be5"><testcase classname="tests.test_email_pool_announcements.TestEmailNotifications" name="test_ticket_created_email_trigger" time="0.571" /><testcase classname="tests.test_email_pool_announcements.TestEmailNotifications" name="test_ticket_picked_up_email_trigger" time="0.663" /><testcase classname="tests.test_email_pool_announcements.TestEmailNotifications" name="test_ticket_resolved_email_and_survey" time="0.607" /><testcase classname="tests.test_email_pool_announcements.TestEmailNotifications" name="test_ticket_cancelled_email_to_resolver_not_requester" time="0.787" /><testcase classname="tests.test_email_pool_announcements.TestPoolNotifications" name="test_pool_1_notification_on_ticket_creation" time="0.409" /><testcase classname="tests.test_email_pool_announcements.TestPoolNotifications" name="test_pool_endpoints_exist" time="0.570" /><testcase classname="tests.test_email_pool_announcements.TestAnnouncementsCRUD" name="test_list_announcements" time="0.306" /><testcase classname="tests.test_email_pool_announcements.TestAnnouncementsCRUD" name="test_create_announcement" time="0.349" /><testcase classname="tests.test_email_pool_announcements.TestAnnouncementsCRUD" name="test_update_announcement" time="0.377" /><testcase classname="tests.test_email_pool_announcements.TestAnnouncementsCRUD" name="test_delete_announcement" time="0.442" /><testcase classname="tests.test_email_pool_announcements.TestAnnouncementsCRUD" name="test_announcement_targeting_by_role" time="0.385" /><testcase classname="tests.test_email_pool_announcements.TestAnnouncementsCRUD" name="test_announcement_targeting_by_team" time="0.383" /><testcase classname="tests.test_email_pool_announcements.TestAnnouncementsCRUD" name="test_announcement_targeting_by_specialty" time="0.409" /><testcase classname="tests.test_email_pool_announcements.TestAnnouncementsCRUD" name="test_announcement_scheduling" time="0.379" /><testcase classname="tests.test_email_pool_announcements.TestAnnouncementsCRUD" name="test_get_active_announcement_for_user" time="0.303" /><testcase classname="tests.test_email_pool_announcements.TestAnnouncementsCRUD" name="test_announcement_validation_requires_target_when_not_send_to_all" time="0.301" /><testcase classname="tests.test_email_pool_announcements.TestEmailTemplates" name="test_email_test_endpoint_exists" time="3.293" /></testsuite></testsuites>