<?xml version="1.0" encoding="utf-8"?><testsuites name="pytest tests"><testsuite name="pytest" errors="0" failures="1" skipped="0" tests="39" time="3.229" timestamp="2026-01-26T21:26:37.069184+00:00" hostname="agent-env-df5edb6f-0ae9-435a-ac93-f00643a23ee7"><testcase classname="backend.tests.test_full_qa_pass.TestAuthModule" name="test_login_success" time="0.326" /><testcase classname="backend.tests.test_full_qa_pass.TestAuthModule" name="test_login_invalid_credentials" time="0.265" /><testcase classname="backend.tests.test_full_qa_pass.TestAuthModule" name="test_auth_me_endpoint" time="0.307" /><testcase classname="backend.tests.test_full_qa_pass.TestDashboardModule" name="test_dashboard_stats" time="0.312" /><testcase classname="backend.tests.test_full_qa_pass.TestDashboardModule" name="test_sla_monitoring_stats" time="0.044" /><testcase classname="backend.tests.test_full_qa_pass.TestOrdersModule" name="test_list_orders" time="0.041" /><testcase classname="backend.tests.test_full_qa_pass.TestOrdersModule" name="test_create_order" time="0.053" /><testcase classname="backend.tests.test_full_qa_pass.TestOrdersModule" name="test_get_order_detail" time="0.081" /><testcase classname="backend.tests.test_full_qa_pass.TestOrdersModule" name="test_update_order_status" time="0.117"><failure message="AssertionError: Status update failed: {&quot;detail&quot;:&quot;Not Found&quot;}&#10;assert 404 == 200&#10; +  where 404 = &lt;Response [404]&gt;.status_code">backend/tests/test_full_qa_pass.py:168: in test_update_order_status
    assert response.status_code == 200, f"Status update failed: {response.text}"
E   AssertionError: Status update failed: {"detail":"Not Found"}
E   assert 404 == 200
E    +  where 404 = &lt;Response [404]&gt;.status_code</failure></testcase><testcase classname="backend.tests.test_full_qa_pass.TestUsersModule" name="test_list_users" time="0.044" /><testcase classname="backend.tests.test_full_qa_pass.TestUsersModule" name="test_get_user_detail" time="0.081" /><testcase classname="backend.tests.test_full_qa_pass.TestTeamsModule" name="test_list_teams" time="0.045" /><testcase classname="backend.tests.test_full_qa_pass.TestTeamsModule" name="test_create_team" time="0.040" /><testcase classname="backend.tests.test_full_qa_pass.TestTeamsModule" name="test_update_team" time="0.082" /><testcase classname="backend.tests.test_full_qa_pass.TestWorkflowsModule" name="test_list_workflows" time="0.043" /><testcase classname="backend.tests.test_full_qa_pass.TestWorkflowsModule" name="test_list_workflow_templates" time="0.038" /><testcase classname="backend.tests.test_full_qa_pass.TestWorkflowsModule" name="test_create_workflow" time="0.041" /><testcase classname="backend.tests.test_full_qa_pass.TestSLAPoliciesModule" name="test_list_sla_policies" time="0.044" /><testcase classname="backend.tests.test_full_qa_pass.TestSLAPoliciesModule" name="test_sla_monitoring_stats" time="0.040" /><testcase classname="backend.tests.test_full_qa_pass.TestSLAPoliciesModule" name="test_sla_at_risk_orders" time="0.047" /><testcase classname="backend.tests.test_full_qa_pass.TestSLAPoliciesModule" name="test_sla_breached_orders" time="0.042" /><testcase classname="backend.tests.test_full_qa_pass.TestSLAPoliciesModule" name="test_escalation_history" time="0.039" /><testcase classname="backend.tests.test_full_qa_pass.TestSLAPoliciesModule" name="test_create_sla_policy" time="0.040" /><testcase classname="backend.tests.test_full_qa_pass.TestCategoriesModule" name="test_list_categories_l1" time="0.038" /><testcase classname="backend.tests.test_full_qa_pass.TestCategoriesModule" name="test_list_categories_l2" time="0.039" /><testcase classname="backend.tests.test_full_qa_pass.TestRolesModule" name="test_list_roles" time="0.040" /><testcase classname="backend.tests.test_full_qa_pass.TestRolesModule" name="test_get_permissions_matrix" time="0.081" /><testcase classname="backend.tests.test_full_qa_pass.TestIntegrationsModule" name="test_list_api_keys" time="0.039" /><testcase classname="backend.tests.test_full_qa_pass.TestIntegrationsModule" name="test_list_webhooks" time="0.040" /><testcase classname="backend.tests.test_full_qa_pass.TestNotificationsModule" name="test_list_notifications" time="0.041" /><testcase classname="backend.tests.test_full_qa_pass.TestAnnouncementsModule" name="test_get_announcement_ticker" time="0.038" /><testcase classname="backend.tests.test_full_qa_pass.TestSettingsModule" name="test_get_ui_settings" time="0.042" /><testcase classname="backend.tests.test_full_qa_pass.TestSettingsModule" name="test_get_smtp_config" time="0.040" /><testcase classname="backend.tests.test_full_qa_pass.TestAccessTiersModule" name="test_list_access_tiers" time="0.040" /><testcase classname="backend.tests.test_full_qa_pass.TestSpecialtiesModule" name="test_list_specialties" time="0.053" /><testcase classname="backend.tests.test_full_qa_pass.TestCleanup" name="test_cleanup_test_orders" time="0.156" /><testcase classname="backend.tests.test_full_qa_pass.TestCleanup" name="test_cleanup_test_teams" time="0.118" /><testcase classname="backend.tests.test_full_qa_pass.TestCleanup" name="test_cleanup_test_workflows" time="0.041" /><testcase classname="backend.tests.test_full_qa_pass.TestCleanup" name="test_cleanup_test_sla_policies" time="0.037" /></testsuite></testsuites>