<?xml version="1.0" encoding="utf-8"?><testsuites name="pytest tests"><testsuite name="pytest" errors="0" failures="0" skipped="0" tests="22" time="4.369" timestamp="2026-01-27T20:04:04.380109+00:00" hostname="agent-env-cbe88829-8187-4132-8d05-e4fc3f59d66a"><testcase classname="backend.tests.test_iam_sprint_features.TestAuthAndIdentityConfig" name="test_login_returns_new_iam_fields" time="0.573" /><testcase classname="backend.tests.test_iam_sprint_features.TestAuthAndIdentityConfig" name="test_identity_config_endpoint" time="0.040" /><testcase classname="backend.tests.test_iam_sprint_features.TestSpecialtiesAdmin" name="test_list_specialties" time="0.321" /><testcase classname="backend.tests.test_iam_sprint_features.TestSpecialtiesAdmin" name="test_create_specialty" time="0.052" /><testcase classname="backend.tests.test_iam_sprint_features.TestSpecialtiesAdmin" name="test_get_specialty_by_id" time="0.101" /><testcase classname="backend.tests.test_iam_sprint_features.TestSubscriptionPlansAdmin" name="test_list_subscription_plans" time="0.292" /><testcase classname="backend.tests.test_iam_sprint_features.TestSubscriptionPlansAdmin" name="test_create_subscription_plan" time="0.039" /><testcase classname="backend.tests.test_iam_sprint_features.TestSubscriptionPlansAdmin" name="test_get_subscription_plan_by_id" time="0.080" /><testcase classname="backend.tests.test_iam_sprint_features.TestUsersWithNewIAMFields" name="test_list_users_shows_new_columns" time="0.301" /><testcase classname="backend.tests.test_iam_sprint_features.TestUsersWithNewIAMFields" name="test_create_user_with_all_new_fields" time="0.369" /><testcase classname="backend.tests.test_iam_sprint_features.TestUsersWithNewIAMFields" name="test_create_user_requires_specialty" time="0.037" /><testcase classname="backend.tests.test_iam_sprint_features.TestUsersWithNewIAMFields" name="test_partner_requires_subscription_plan" time="0.038" /><testcase classname="backend.tests.test_iam_sprint_features.TestWorkflowTemplates" name="test_list_workflow_templates" time="0.295" /><testcase classname="backend.tests.test_iam_sprint_features.TestWorkflowTemplates" name="test_pool_routing_template_exists" time="0.035" /><testcase classname="backend.tests.test_iam_sprint_features.TestWorkflowTemplates" name="test_payments_template_exists" time="0.036" /><testcase classname="backend.tests.test_iam_sprint_features.TestWorkflowTemplates" name="test_install_workflow_template" time="0.074" /><testcase classname="backend.tests.test_iam_sprint_features.TestMockedGHLPayment" name="test_mocked_ghl_webhook_endpoint_exists" time="0.080" /><testcase classname="backend.tests.test_iam_sprint_features.TestMockedGHLPayment" name="test_simulate_payment_endpoint_exists" time="0.296" /><testcase classname="backend.tests.test_iam_sprint_features.TestAnnouncementsWithSpecialty" name="test_create_announcement_with_specialty_targeting" time="0.407" /><testcase classname="backend.tests.test_iam_sprint_features.TestMyServicesPage" name="test_my_services_content_endpoint" time="0.505" /><testcase classname="backend.tests.test_iam_sprint_features.TestMyServicesPage" name="test_update_my_services_content" time="0.042" /><testcase classname="backend.tests.test_iam_sprint_features.TestReportsPage" name="test_reports_endpoint_exists" time="0.294" /></testsuite></testsuites>