<?xml version="1.0" encoding="utf-8"?><testsuites name="pytest tests"><testsuite name="pytest" errors="0" failures="0" skipped="0" tests="12" time="9.446" timestamp="2026-01-25T23:00:38.919029+00:00" hostname="agent-env-c6797f84-f99f-4264-a6d0-08c5bfcc2b70"><testcase classname="tests.test_p0_notifications.TestMessageNotifications" name="test_01_admin_login" time="0.291" /><testcase classname="tests.test_p0_notifications.TestMessageNotifications" name="test_02_requester_login" time="0.274" /><testcase classname="tests.test_p0_notifications.TestMessageNotifications" name="test_03_requester_message_notifies_admin_when_no_resolver" time="1.291" /><testcase classname="tests.test_p0_notifications.TestMessageNotifications" name="test_04_requester_message_notifies_resolver_when_assigned" time="1.397" /><testcase classname="tests.test_p0_notifications.TestMessageNotifications" name="test_05_resolver_message_notifies_requester" time="1.303" /><testcase classname="tests.test_p0_notifications.TestMessageNotifications" name="test_06_notification_contains_ticket_reference" time="1.205" /><testcase classname="tests.test_p0_notifications.TestMessageNotifications" name="test_07_notification_contains_message_preview" time="1.156" /><testcase classname="tests.test_p0_notifications.TestMessageNotifications" name="test_08_long_message_truncated_in_notification" time="1.166" /><testcase classname="tests.test_p0_notifications.TestNotificationEndpoints" name="test_01_get_notifications" time="0.298" /><testcase classname="tests.test_p0_notifications.TestNotificationEndpoints" name="test_02_get_unread_count" time="0.305" /><testcase classname="tests.test_p0_notifications.TestNotificationEndpoints" name="test_03_mark_notification_read" time="0.344" /><testcase classname="tests.test_p0_notifications.TestNotificationEndpoints" name="test_04_mark_all_read" time="0.357" /></testsuite></testsuites>