<?xml version="1.0" encoding="utf-8"?><testsuites name="pytest tests"><testsuite name="pytest" errors="0" failures="0" skipped="0" tests="14" time="3.971" timestamp="2026-01-29T03:38:54.092591+00:00" hostname="agent-env-385d8e7f-0cfc-40f5-bf1a-12fddc4c203d"><testcase classname="backend.tests.test_pool1_routing_fix.TestPool1RoutingFix" name="test_01_internal_staff_user_exists_with_correct_account_type" time="0.339" /><testcase classname="backend.tests.test_pool1_routing_fix.TestPool1RoutingFix" name="test_02_partner_user_exists_with_correct_account_type" time="0.275" /><testcase classname="backend.tests.test_pool1_routing_fix.TestPool1RoutingFix" name="test_03_internal_staff_can_access_pool_1_endpoint" time="0.277" /><testcase classname="backend.tests.test_pool1_routing_fix.TestPool1RoutingFix" name="test_04_partner_can_access_pool_1_endpoint" time="0.270" /><testcase classname="backend.tests.test_pool1_routing_fix.TestPool1RoutingFix" name="test_05_pool_2_access_for_internal_staff_operator" time="0.272" /><testcase classname="backend.tests.test_pool1_routing_fix.TestPool1RoutingFix" name="test_06_pool_2_access_for_partner_operator" time="0.271" /><testcase classname="backend.tests.test_pool1_routing_fix.TestPool1RoutingFix" name="test_07_order_rrg_000099_routed_to_pool_1" time="0.277" /><testcase classname="backend.tests.test_pool1_routing_fix.TestPool1RoutingFix" name="test_08_order_rrg_000100_routed_to_pool_2" time="0.273" /><testcase classname="backend.tests.test_pool1_routing_fix.TestPool1RoutingFix" name="test_09_internal_staff_sees_matching_specialty_tickets_in_pool_1" time="0.275" /><testcase classname="backend.tests.test_pool1_routing_fix.TestPool1RoutingFix" name="test_10_admin_can_see_all_pool_1_tickets" time="0.280" /><testcase classname="backend.tests.test_pool1_routing_fix.TestPool1RoutingFix" name="test_11_admin_can_see_all_pool_2_tickets" time="0.283" /><testcase classname="backend.tests.test_pool1_routing_fix.TestPool1RoutingFix" name="test_12_verify_pool_1_query_includes_both_account_types" time="0.289" /><testcase classname="backend.tests.test_pool1_routing_fix.TestPool1RoutingEdgeCases" name="test_13_internal_staff_login_returns_correct_account_type" time="0.260" /><testcase classname="backend.tests.test_pool1_routing_fix.TestPool1RoutingEdgeCases" name="test_14_partner_login_returns_correct_account_type" time="0.260" /></testsuite></testsuites>