<?xml version="1.0" encoding="utf-8"?><testsuites name="pytest tests"><testsuite name="pytest" errors="0" failures="1" skipped="1" tests="13" time="1.113" timestamp="2026-01-26T01:58:42.454339+00:00" hostname="agent-env-c1453b6b-5c4b-42a2-ba49-144d2d7f5496"><testcase classname="backend.tests.test_p2p3_workflow_sla.TestP2BackendRefactoring" name="test_services_directory_exists" time="0.110"><failure message="assert 404 == 200&#10; +  where 404 = &lt;Response [404]&gt;.status_code">backend/tests/test_p2p3_workflow_sla.py:43: in test_services_directory_exists
    assert response.status_code == 200
E   assert 404 == 200
E    +  where 404 = &lt;Response [404]&gt;.status_code</failure></testcase><testcase classname="backend.tests.test_p2p3_workflow_sla.TestP2BackendRefactoring" name="test_notifications_service_works" time="0.327" /><testcase classname="backend.tests.test_p2p3_workflow_sla.TestP2BackendRefactoring" name="test_webhooks_service_works" time="0.040" /><testcase classname="backend.tests.test_p2p3_workflow_sla.TestP3WorkflowExecutionEngine" name="test_get_workflows" time="0.041" /><testcase classname="backend.tests.test_p2p3_workflow_sla.TestP3WorkflowExecutionEngine" name="test_get_workflow_executions" time="0.038" /><testcase classname="backend.tests.test_p2p3_workflow_sla.TestP3WorkflowExecutionEngine" name="test_workflow_test_endpoint" time="0.117" /><testcase classname="backend.tests.test_p2p3_workflow_sla.TestP3WorkflowExecutionEngine" name="test_workflow_execution_has_required_fields" time="0.043" /><testcase classname="backend.tests.test_p2p3_workflow_sla.TestP3SLABreachAlerts" name="test_get_sla_statistics" time="0.042" /><testcase classname="backend.tests.test_p2p3_workflow_sla.TestP3SLABreachAlerts" name="test_get_sla_alerts" time="0.037" /><testcase classname="backend.tests.test_p2p3_workflow_sla.TestP3SLABreachAlerts" name="test_manual_sla_check" time="0.082" /><testcase classname="backend.tests.test_p2p3_workflow_sla.TestP3SLABreachAlerts" name="test_acknowledge_sla_alert" time="0.037"><skipped type="pytest.skip" message="No unacknowledged alerts to test">/app/backend/tests/test_p2p3_workflow_sla.py:207: No unacknowledged alerts to test</skipped></testcase><testcase classname="backend.tests.test_p2p3_workflow_sla.TestSLADefinitions" name="test_get_sla_definitions" time="0.039" /><testcase classname="backend.tests.test_p2p3_workflow_sla.TestWorkflowTriggersOnOrderCreation" name="test_create_order_triggers_workflow" time="0.077" /></testsuite></testsuites>