<?xml version="1.0" encoding="utf-8"?><testsuites name="pytest tests"><testsuite name="pytest" errors="0" failures="0" skipped="0" tests="23" time="8.162" timestamp="2026-01-28T02:52:58.828282+00:00" hostname="agent-env-2891aed9-c603-4b3b-b028-9c2596881be5"><testcase classname="backend.tests.test_uat_p0_blockers.TestAuthentication" name="test_admin_login" time="0.344" /><testcase classname="backend.tests.test_uat_p0_blockers.TestUserCreationErrorHandling" name="test_create_user_invalid_email_returns_error" time="0.382" /><testcase classname="backend.tests.test_uat_p0_blockers.TestUserCreationErrorHandling" name="test_create_user_missing_required_fields" time="0.301" /><testcase classname="backend.tests.test_uat_p0_blockers.TestUserCreationErrorHandling" name="test_create_user_valid_data_succeeds" time="0.683" /><testcase classname="backend.tests.test_uat_p0_blockers.TestTicketCreationPersistence" name="test_create_order_persists" time="0.429" /><testcase classname="backend.tests.test_uat_p0_blockers.TestTicketCreationPersistence" name="test_create_bug_report_persists" time="0.338" /><testcase classname="backend.tests.test_uat_p0_blockers.TestReportsAccess" name="test_reports_available_endpoint" time="0.300" /><testcase classname="backend.tests.test_uat_p0_blockers.TestReportsAccess" name="test_generate_report" time="0.333" /><testcase classname="backend.tests.test_uat_p0_blockers.TestLogsAccess" name="test_system_logs_access" time="0.298" /><testcase classname="backend.tests.test_uat_p0_blockers.TestLogsAccess" name="test_api_logs_access" time="0.296" /><testcase classname="backend.tests.test_uat_p0_blockers.TestLogsAccess" name="test_ui_logs_access" time="0.301" /><testcase classname="backend.tests.test_uat_p0_blockers.TestLogsAccess" name="test_user_logs_access" time="0.299" /><testcase classname="backend.tests.test_uat_p0_blockers.TestAdminReopenCapability" name="test_reopen_closed_ticket" time="0.495" /><testcase classname="backend.tests.test_uat_p0_blockers.TestIAMCRUD" name="test_list_roles" time="0.328" /><testcase classname="backend.tests.test_uat_p0_blockers.TestIAMCRUD" name="test_create_role" time="0.337" /><testcase classname="backend.tests.test_uat_p0_blockers.TestIAMCRUD" name="test_list_account_types" time="0.300" /><testcase classname="backend.tests.test_uat_p0_blockers.TestIAMCRUD" name="test_create_account_type" time="0.342" /><testcase classname="backend.tests.test_uat_p0_blockers.TestIAMCRUD" name="test_list_specialties" time="0.326" /><testcase classname="backend.tests.test_uat_p0_blockers.TestIAMCRUD" name="test_create_specialty" time="0.346" /><testcase classname="backend.tests.test_uat_p0_blockers.TestIAMCRUD" name="test_list_teams" time="0.304" /><testcase classname="backend.tests.test_uat_p0_blockers.TestIAMCRUD" name="test_create_team" time="0.352" /><testcase classname="backend.tests.test_uat_p0_blockers.TestIAMCRUD" name="test_list_plans" time="0.300" /><testcase classname="backend.tests.test_uat_p0_blockers.TestIAMCRUD" name="test_create_plan" time="0.337" /></testsuite></testsuites>