<?xml version="1.0" encoding="utf-8"?><testsuites name="pytest tests"><testsuite name="pytest" errors="0" failures="0" skipped="0" tests="13" time="16.334" timestamp="2026-03-05T06:43:08.584753+00:00" hostname="agent-env-3466b7b7-f9c7-45c8-9afc-2ccba123565d"><testcase classname="backend.tests.test_service_templates_mvp.TestServiceTemplatesAPI" name="test_service_templates_returns_9_templates" time="0.580" /><testcase classname="backend.tests.test_service_templates_mvp.TestServiceTemplatesAPI" name="test_video_editing_60s_has_correct_form_schema" time="0.439" /><testcase classname="backend.tests.test_service_templates_mvp.TestServiceTemplatesAPI" name="test_youtube_long_form_has_different_form_schema" time="0.485" /><testcase classname="backend.tests.test_service_templates_mvp.TestServiceTemplatesAPI" name="test_templates_have_hidden_category_l1" time="0.450" /><testcase classname="backend.tests.test_service_templates_mvp.TestServiceTemplatesAPI" name="test_single_template_by_id" time="0.444" /><testcase classname="backend.tests.test_service_templates_mvp.TestOrderCreationWithServiceTemplate" name="test_create_order_with_service_template_id" time="0.523" /><testcase classname="backend.tests.test_service_templates_mvp.TestOrderCreationWithServiceTemplate" name="test_order_auto_resolves_hidden_category_l1" time="2.184" /><testcase classname="backend.tests.test_service_templates_mvp.TestOrderCreationWithServiceTemplate" name="test_youtube_order_has_youtube_specific_fields" time="2.801" /><testcase classname="backend.tests.test_service_templates_mvp.TestOrderCreationWithServiceTemplate" name="test_order_without_service_template_works" time="3.748" /><testcase classname="backend.tests.test_service_templates_mvp.TestServiceTemplateIntegrity" name="test_all_templates_have_form_schema" time="3.182" /><testcase classname="backend.tests.test_service_templates_mvp.TestServiceTemplateIntegrity" name="test_templates_sorted_by_sort_order" time="0.496" /><testcase classname="backend.tests.test_service_templates_mvp.TestServiceTemplateIntegrity" name="test_all_templates_are_client_visible" time="0.431" /><testcase classname="backend.tests.test_service_templates_mvp.TestServiceTemplateIntegrity" name="test_all_templates_are_active" time="0.439" /></testsuite></testsuites>