<?xml version="1.0" encoding="utf-8"?><testsuites name="pytest tests"><testsuite name="pytest" errors="0" failures="0" skipped="0" tests="13" time="5.242" timestamp="2026-01-24T21:34:15.952116+00:00" hostname="agent-env-2f7d698f-2641-4a67-8b79-6b9f9d6d9024"><testcase classname="backend.tests.test_workflow_enhancements.TestWorkflowEnhancements" name="test_01_workflow_response_includes_assigned_teams_field" time="0.378" /><testcase classname="backend.tests.test_workflow_enhancements.TestWorkflowEnhancements" name="test_02_workflow_response_includes_trigger_categories_field" time="0.324" /><testcase classname="backend.tests.test_workflow_enhancements.TestWorkflowEnhancements" name="test_03_create_workflow_with_assigned_teams" time="0.401" /><testcase classname="backend.tests.test_workflow_enhancements.TestWorkflowEnhancements" name="test_04_create_workflow_with_trigger_categories" time="0.439" /><testcase classname="backend.tests.test_workflow_enhancements.TestWorkflowEnhancements" name="test_05_patch_workflow_with_assigned_teams" time="0.356" /><testcase classname="backend.tests.test_workflow_enhancements.TestWorkflowEnhancements" name="test_06_patch_workflow_with_trigger_categories" time="0.416" /><testcase classname="backend.tests.test_workflow_enhancements.TestWorkflowEnhancements" name="test_07_create_workflow_with_form_node_trigger_field" time="0.455" /><testcase classname="backend.tests.test_workflow_enhancements.TestWorkflowEnhancements" name="test_08_create_workflow_with_conditional_sub_fields" time="0.420" /><testcase classname="backend.tests.test_workflow_enhancements.TestWorkflowEnhancements" name="test_09_get_workflow_preserves_sub_fields" time="0.452" /><testcase classname="backend.tests.test_workflow_enhancements.TestWorkflowEnhancements" name="test_10_update_workflow_with_sub_fields" time="0.401" /><testcase classname="backend.tests.test_workflow_enhancements.TestWorkflowEnhancements" name="test_11_get_workflows_by_team" time="0.347" /><testcase classname="backend.tests.test_workflow_enhancements.TestWorkflowEnhancements" name="test_12_get_workflows_by_category" time="0.361" /><testcase classname="backend.tests.test_workflow_enhancements.TestWorkflowEnhancements" name="test_13_create_complete_workflow_with_all_enhancements" time="0.404" /></testsuite></testsuites>