<?xml version="1.0" encoding="utf-8"?><testsuites name="pytest tests"><testsuite name="pytest" errors="0" failures="6" skipped="0" tests="30" time="9.884" timestamp="2026-01-28T18:14:29.995097+00:00" hostname="agent-env-c6bd91ca-8097-462c-8827-b68e9114dd0b"><testcase classname="backend.tests.test_pool_transitions_and_reports.TestAuthentication" name="test_admin_login" time="0.376" /><testcase classname="backend.tests.test_pool_transitions_and_reports.TestPoolTransitions" name="test_pool_1_endpoint_exists" time="0.309" /><testcase classname="backend.tests.test_pool_transitions_and_reports.TestPoolTransitions" name="test_pool_2_endpoint_exists" time="0.348" /><testcase classname="backend.tests.test_pool_transitions_and_reports.TestPoolTransitions" name="test_invalid_pool_number" time="0.300" /><testcase classname="backend.tests.test_pool_transitions_and_reports.TestPoolTransitions" name="test_force_pool_2_endpoint" time="0.609" /><testcase classname="backend.tests.test_pool_transitions_and_reports.TestPoolTransitions" name="test_pool_filtering_logic" time="0.387" /><testcase classname="backend.tests.test_pool_transitions_and_reports.TestReportsModule" name="test_get_available_reports_returns_13" time="0.301"><failure message="AssertionError: Expected report 'tickets_by_status' not found&#10;assert 'tickets_by_status' in ['tickets_created', 'tickets_closed', 'open_ticket_aging', 'avg_first_response', 'avg_resolution_time', 'sla_compliance', ...]">backend/tests/test_pool_transitions_and_reports.py:214: in test_get_available_reports_returns_13
    assert expected in report_ids, f"Expected report '{expected}' not found"
E   AssertionError: Expected report 'tickets_by_status' not found
E   assert 'tickets_by_status' in ['tickets_created', 'tickets_closed', 'open_ticket_aging', 'avg_first_response', 'avg_resolution_time', 'sla_compliance', ...]</failure></testcase><testcase classname="backend.tests.test_pool_transitions_and_reports.TestReportsModule" name="test_generate_tickets_created_report" time="0.307" /><testcase classname="backend.tests.test_pool_transitions_and_reports.TestReportsModule" name="test_generate_tickets_closed_report" time="0.301" /><testcase classname="backend.tests.test_pool_transitions_and_reports.TestReportsModule" name="test_generate_open_ticket_aging_report" time="0.302" /><testcase classname="backend.tests.test_pool_transitions_and_reports.TestReportsModule" name="test_generate_sla_compliance_report" time="0.301" /><testcase classname="backend.tests.test_pool_transitions_and_reports.TestReportsModule" name="test_generate_tickets_by_category_report" time="0.303" /><testcase classname="backend.tests.test_pool_transitions_and_reports.TestReportsModule" name="test_generate_tickets_by_assignee_report" time="0.301" /><testcase classname="backend.tests.test_pool_transitions_and_reports.TestReportsModule" name="test_generate_tickets_by_status_report" time="0.310"><failure message="AssertionError: Failed to generate report: {&quot;detail&quot;:&quot;Report not found&quot;}&#10;assert 404 == 200&#10; +  where 404 = &lt;Response [404]&gt;.status_code">backend/tests/test_pool_transitions_and_reports.py:337: in test_generate_tickets_by_status_report
    assert response.status_code == 200, f"Failed to generate report: {response.text}"
E   AssertionError: Failed to generate report: {"detail":"Report not found"}
E   assert 404 == 200
E    +  where 404 = &lt;Response [404]&gt;.status_code</failure></testcase><testcase classname="backend.tests.test_pool_transitions_and_reports.TestReportsModule" name="test_generate_resolution_time_report" time="0.329"><failure message="AssertionError: Failed to generate report: {&quot;detail&quot;:&quot;Report not found&quot;}&#10;assert 404 == 200&#10; +  where 404 = &lt;Response [404]&gt;.status_code">backend/tests/test_pool_transitions_and_reports.py:351: in test_generate_resolution_time_report
    assert response.status_code == 200, f"Failed to generate report: {response.text}"
E   AssertionError: Failed to generate report: {"detail":"Report not found"}
E   assert 404 == 200
E    +  where 404 = &lt;Response [404]&gt;.status_code</failure></testcase><testcase classname="backend.tests.test_pool_transitions_and_reports.TestReportsModule" name="test_generate_escalation_report" time="0.299"><failure message="AssertionError: Failed to generate report: {&quot;detail&quot;:&quot;Report not found&quot;}&#10;assert 404 == 200&#10; +  where 404 = &lt;Response [404]&gt;.status_code">backend/tests/test_pool_transitions_and_reports.py:365: in test_generate_escalation_report
    assert response.status_code == 200, f"Failed to generate report: {response.text}"
E   AssertionError: Failed to generate report: {"detail":"Report not found"}
E   assert 404 == 200
E    +  where 404 = &lt;Response [404]&gt;.status_code</failure></testcase><testcase classname="backend.tests.test_pool_transitions_and_reports.TestReportsModule" name="test_generate_stale_pending_review_report" time="0.307" /><testcase classname="backend.tests.test_pool_transitions_and_reports.TestReportsModule" name="test_generate_tickets_by_priority_report" time="0.340"><failure message="AssertionError: Failed to generate report: {&quot;detail&quot;:&quot;Report not found&quot;}&#10;assert 404 == 200&#10; +  where 404 = &lt;Response [404]&gt;.status_code">backend/tests/test_pool_transitions_and_reports.py:395: in test_generate_tickets_by_priority_report
    assert response.status_code == 200, f"Failed to generate report: {response.text}"
E   AssertionError: Failed to generate report: {"detail":"Report not found"}
E   assert 404 == 200
E    +  where 404 = &lt;Response [404]&gt;.status_code</failure></testcase><testcase classname="backend.tests.test_pool_transitions_and_reports.TestReportsModule" name="test_generate_tickets_by_team_report" time="0.307" /><testcase classname="backend.tests.test_pool_transitions_and_reports.TestReportsModule" name="test_generate_sla_policy_compliance_report" time="0.313"><failure message="AssertionError: Failed to generate report: {&quot;detail&quot;:&quot;Report not found&quot;}&#10;assert 404 == 200&#10; +  where 404 = &lt;Response [404]&gt;.status_code">backend/tests/test_pool_transitions_and_reports.py:423: in test_generate_sla_policy_compliance_report
    assert response.status_code == 200, f"Failed to generate report: {response.text}"
E   AssertionError: Failed to generate report: {"detail":"Report not found"}
E   assert 404 == 200
E    +  where 404 = &lt;Response [404]&gt;.status_code</failure></testcase><testcase classname="backend.tests.test_pool_transitions_and_reports.TestReportsExport" name="test_csv_export_endpoint" time="0.318" /><testcase classname="backend.tests.test_pool_transitions_and_reports.TestReportsExport" name="test_pdf_export_endpoint" time="0.307" /><testcase classname="backend.tests.test_pool_transitions_and_reports.TestReportsExport" name="test_csv_export_tickets_created" time="0.309" /><testcase classname="backend.tests.test_pool_transitions_and_reports.TestReportsExport" name="test_csv_export_open_ticket_aging" time="0.305" /><testcase classname="backend.tests.test_pool_transitions_and_reports.TestReportsWithFilters" name="test_report_with_date_filter" time="0.305" /><testcase classname="backend.tests.test_pool_transitions_and_reports.TestReportsWithFilters" name="test_report_with_status_filter" time="0.309" /><testcase classname="backend.tests.test_pool_transitions_and_reports.TestReportsWithFilters" name="test_report_with_sla_state_filter" time="0.302" /><testcase classname="backend.tests.test_pool_transitions_and_reports.TestReportsWithFilters" name="test_invalid_report_id_returns_404" time="0.308" /><testcase classname="backend.tests.test_pool_transitions_and_reports.TestPoolNotifications" name="test_pool_2_notification_fields_exist" time="0.306" /><testcase classname="backend.tests.test_pool_transitions_and_reports.TestPoolNotifications" name="test_send_pool_assignment_email_function_exists" time="0.274" /></testsuite></testsuites>