<?xml version="1.0" encoding="utf-8"?><testsuites name="pytest tests"><testsuite name="pytest" errors="0" failures="0" skipped="0" tests="9" time="2.976" timestamp="2026-01-28T15:47:46.482595+00:00" hostname="agent-env-c6bd91ca-8097-462c-8827-b68e9114dd0b"><testcase classname="tests.test_p0_uat_blockers.TestAuthentication" name="test_admin_login" time="0.288" /><testcase classname="tests.test_p0_uat_blockers.TestDashboardMyWork" name="test_my_work_endpoint_exists" time="0.297" /><testcase classname="tests.test_p0_uat_blockers.TestRolesEndpoint" name="test_roles_endpoint_returns_all_roles" time="0.307" /><testcase classname="tests.test_p0_uat_blockers.TestFileUpload" name="test_file_upload_endpoint_exists" time="0.491" /><testcase classname="tests.test_p0_uat_blockers.TestBugReportCreatesOrder" name="test_bug_report_creates_order" time="0.341" /><testcase classname="tests.test_p0_uat_blockers.TestPoolFiltering" name="test_pool_endpoint_exists" time="0.298" /><testcase classname="tests.test_p0_uat_blockers.TestDashboardStats" name="test_dashboard_stats_endpoint" time="0.308" /><testcase classname="tests.test_p0_uat_blockers.TestWorkflowsEndpoint" name="test_workflows_endpoint_exists" time="0.295" /><testcase classname="tests.test_p0_uat_blockers.TestMyRequestsEndpoint" name="test_my_requests_endpoint" time="0.295" /></testsuite></testsuites>