<?xml version="1.0" encoding="utf-8"?><testsuites name="pytest tests"><testsuite name="pytest" errors="0" failures="0" skipped="8" tests="12" time="3.312" timestamp="2026-01-27T00:54:28.182172+00:00" hostname="agent-env-8b8f2dcf-2f98-4dd8-bbff-952b4cbe726c"><testcase classname="backend.tests.test_cancel_and_delivery_notes.TestCancellationReasons" name="test_get_cancellation_reasons" time="0.083" /><testcase classname="backend.tests.test_cancel_and_delivery_notes.TestDashboardCleared" name="test_dashboard_shows_zero_tickets" time="0.337" /><testcase classname="backend.tests.test_cancel_and_delivery_notes.TestDashboardCleared" name="test_orders_list_empty" time="0.305" /><testcase classname="backend.tests.test_cancel_and_delivery_notes.TestCancelTicketFlow" name="test_cancel_open_ticket" time="0.266"><skipped type="pytest.skip" message="Requester login failed">/app/backend/tests/test_cancel_and_delivery_notes.py:130: Requester login failed</skipped></testcase><testcase classname="backend.tests.test_cancel_and_delivery_notes.TestCancelTicketFlow" name="test_cancel_creates_system_message" time="0.268"><skipped type="pytest.skip" message="Requester login failed">/app/backend/tests/test_cancel_and_delivery_notes.py:163: Requester login failed</skipped></testcase><testcase classname="backend.tests.test_cancel_and_delivery_notes.TestCancelTicketFlow" name="test_cancel_assigned_ticket_notifies_resolver" time="0.273"><skipped type="pytest.skip" message="Requester login failed">/app/backend/tests/test_cancel_and_delivery_notes.py:199: Requester login failed</skipped></testcase><testcase classname="backend.tests.test_cancel_and_delivery_notes.TestCancelTicketFlow" name="test_cannot_cancel_delivered_ticket" time="0.303"><skipped type="pytest.skip" message="Requester login failed">/app/backend/tests/test_cancel_and_delivery_notes.py:236: Requester login failed</skipped></testcase><testcase classname="backend.tests.test_cancel_and_delivery_notes.TestCancelTicketFlow" name="test_cancel_requires_reason" time="0.260"><skipped type="pytest.skip" message="Requester login failed">/app/backend/tests/test_cancel_and_delivery_notes.py:281: Requester login failed</skipped></testcase><testcase classname="backend.tests.test_cancel_and_delivery_notes.TestDeliveryNotesFlow" name="test_deliver_requires_resolution_notes" time="0.264"><skipped type="pytest.skip" message="Requester login failed">/app/backend/tests/test_cancel_and_delivery_notes.py:339: Requester login failed</skipped></testcase><testcase classname="backend.tests.test_cancel_and_delivery_notes.TestDeliveryNotesFlow" name="test_delivery_notes_displayed_in_order" time="0.298"><skipped type="pytest.skip" message="Requester login failed">/app/backend/tests/test_cancel_and_delivery_notes.py:382: Requester login failed</skipped></testcase><testcase classname="backend.tests.test_cancel_and_delivery_notes.TestDeliveryNotesFlow" name="test_delivery_notes_in_timeline" time="0.265"><skipped type="pytest.skip" message="Requester login failed">/app/backend/tests/test_cancel_and_delivery_notes.py:430: Requester login failed</skipped></testcase><testcase classname="backend.tests.test_cancel_and_delivery_notes.TestCleanup" name="test_cleanup_test_orders" time="0.304" /></testsuite></testsuites>