<?xml version="1.0" encoding="utf-8"?><testsuites name="pytest tests"><testsuite name="pytest" errors="0" failures="0" skipped="0" tests="19" time="20.921" timestamp="2026-02-01T17:27:28.229643+00:00" hostname="agent-env-56e5c984-d97e-4af1-a0b1-4b37a792ddfe"><testcase classname="backend.tests.test_p0_dashboard_pool_access.TestPoolAccessControl" name="test_admin_login_success" time="0.305" /><testcase classname="backend.tests.test_p0_dashboard_pool_access.TestPoolAccessControl" name="test_media_client_login_success" time="0.260" /><testcase classname="backend.tests.test_p0_dashboard_pool_access.TestPoolAccessControl" name="test_admin_can_access_pool_1" time="0.266" /><testcase classname="backend.tests.test_p0_dashboard_pool_access.TestPoolAccessControl" name="test_admin_can_access_pool_2" time="0.311" /><testcase classname="backend.tests.test_p0_dashboard_pool_access.TestPoolAccessControl" name="test_media_client_cannot_access_pools" time="0.268" /><testcase classname="backend.tests.test_p0_dashboard_pool_access.TestPoolAccessControl" name="test_user_with_can_pick_false_blocked_from_pools" time="0.295" /><testcase classname="backend.tests.test_p0_dashboard_pool_access.TestPoolAccessControl" name="test_create_user_with_can_pick_false_internal_staff" time="3.735" /><testcase classname="backend.tests.test_p0_dashboard_pool_access.TestPoolAccessControl" name="test_user_with_pool_access_pool1_blocked_from_pool2" time="2.811" /><testcase classname="backend.tests.test_p0_dashboard_pool_access.TestPoolAccessControl" name="test_user_with_pool_access_pool2_blocked_from_pool1" time="2.789" /><testcase classname="backend.tests.test_p0_dashboard_pool_access.TestPoolAccessControl" name="test_user_with_pool_access_both_can_access_all_pools" time="3.906" /><testcase classname="backend.tests.test_p0_dashboard_pool_access.TestDashboardMetrics" name="test_admin_dashboard_v2_metrics" time="0.339" /><testcase classname="backend.tests.test_p0_dashboard_pool_access.TestDashboardMetrics" name="test_media_client_dashboard_v2_metrics" time="0.337" /><testcase classname="backend.tests.test_p0_dashboard_pool_access.TestDashboardMetrics" name="test_orders_filter_by_status" time="0.273" /><testcase classname="backend.tests.test_p0_dashboard_pool_access.TestDashboardMetrics" name="test_my_requests_endpoint" time="0.275" /><testcase classname="backend.tests.test_p0_dashboard_pool_access.TestIAMPoolAccessDropdown" name="test_update_user_pool_access" time="0.326" /><testcase classname="backend.tests.test_p0_dashboard_pool_access.TestIAMPoolAccessDropdown" name="test_update_user_can_pick_false_sets_pool_access_none" time="2.273" /><testcase classname="backend.tests.test_p0_dashboard_pool_access.TestIAMPoolAccessDropdown" name="test_pool_access_validation" time="1.519" /><testcase classname="backend.tests.test_p0_dashboard_pool_access.TestUserResponseFields" name="test_user_response_includes_pool_fields" time="0.273" /><testcase classname="backend.tests.test_p0_dashboard_pool_access.TestUserResponseFields" name="test_auth_me_includes_pool_fields" time="0.269" /></testsuite></testsuites>