<?xml version="1.0" encoding="utf-8"?><testsuites name="pytest tests"><testsuite name="pytest" errors="0" failures="12" skipped="0" tests="14" time="3.924" timestamp="2026-01-29T03:37:47.352592+00:00" hostname="agent-env-385d8e7f-0cfc-40f5-bf1a-12fddc4c203d"><testcase classname="backend.tests.test_pool1_routing_fix.TestPool1RoutingFix" name="test_01_internal_staff_user_exists_with_correct_account_type" time="0.336"><failure message="AssertionError: Admin login failed&#10;assert None">backend/tests/test_pool1_routing_fix.py:50: in test_01_internal_staff_user_exists_with_correct_account_type
    assert token, "Admin login failed"
E   AssertionError: Admin login failed
E   assert None</failure></testcase><testcase classname="backend.tests.test_pool1_routing_fix.TestPool1RoutingFix" name="test_02_partner_user_exists_with_correct_account_type" time="0.264"><failure message="AssertionError: Admin login failed&#10;assert None">backend/tests/test_pool1_routing_fix.py:69: in test_02_partner_user_exists_with_correct_account_type
    assert token, "Admin login failed"
E   AssertionError: Admin login failed
E   assert None</failure></testcase><testcase classname="backend.tests.test_pool1_routing_fix.TestPool1RoutingFix" name="test_03_internal_staff_can_access_pool_1_endpoint" time="0.271"><failure message="AssertionError: Internal Staff login failed for internaladmin@test.com&#10;assert None">backend/tests/test_pool1_routing_fix.py:88: in test_03_internal_staff_can_access_pool_1_endpoint
    assert token, f"Internal Staff login failed for {INTERNAL_STAFF_CREDS['email']}"
E   AssertionError: Internal Staff login failed for internaladmin@test.com
E   assert None</failure></testcase><testcase classname="backend.tests.test_pool1_routing_fix.TestPool1RoutingFix" name="test_04_partner_can_access_pool_1_endpoint" time="0.263"><failure message="AssertionError: Partner login failed for partneruser@test.com&#10;assert None">backend/tests/test_pool1_routing_fix.py:105: in test_04_partner_can_access_pool_1_endpoint
    assert token, f"Partner login failed for {PARTNER_CREDS['email']}"
E   AssertionError: Partner login failed for partneruser@test.com
E   assert None</failure></testcase><testcase classname="backend.tests.test_pool1_routing_fix.TestPool1RoutingFix" name="test_05_pool_2_access_denied_for_internal_staff" time="0.265"><failure message="AssertionError: Internal Staff login failed&#10;assert None">backend/tests/test_pool1_routing_fix.py:122: in test_05_pool_2_access_denied_for_internal_staff
    assert token, f"Internal Staff login failed"
E   AssertionError: Internal Staff login failed
E   assert None</failure></testcase><testcase classname="backend.tests.test_pool1_routing_fix.TestPool1RoutingFix" name="test_06_pool_2_access_denied_for_partner" time="0.263"><failure message="AssertionError: Partner login failed&#10;assert None">backend/tests/test_pool1_routing_fix.py:136: in test_06_pool_2_access_denied_for_partner
    assert token, f"Partner login failed"
E   AssertionError: Partner login failed
E   assert None</failure></testcase><testcase classname="backend.tests.test_pool1_routing_fix.TestPool1RoutingFix" name="test_07_order_rrg_000099_routed_to_pool_1" time="0.265"><failure message="AssertionError: Admin login failed&#10;assert None">backend/tests/test_pool1_routing_fix.py:150: in test_07_order_rrg_000099_routed_to_pool_1
    assert token, "Admin login failed"
E   AssertionError: Admin login failed
E   assert None</failure></testcase><testcase classname="backend.tests.test_pool1_routing_fix.TestPool1RoutingFix" name="test_08_order_rrg_000100_routed_to_pool_2" time="0.267"><failure message="AssertionError: Admin login failed&#10;assert None">backend/tests/test_pool1_routing_fix.py:170: in test_08_order_rrg_000100_routed_to_pool_2
    assert token, "Admin login failed"
E   AssertionError: Admin login failed
E   assert None</failure></testcase><testcase classname="backend.tests.test_pool1_routing_fix.TestPool1RoutingFix" name="test_09_internal_staff_sees_matching_specialty_tickets_in_pool_1" time="0.264"><failure message="AssertionError: Internal Staff login failed&#10;assert None">backend/tests/test_pool1_routing_fix.py:189: in test_09_internal_staff_sees_matching_specialty_tickets_in_pool_1
    assert token, f"Internal Staff login failed"
E   AssertionError: Internal Staff login failed
E   assert None</failure></testcase><testcase classname="backend.tests.test_pool1_routing_fix.TestPool1RoutingFix" name="test_10_admin_can_see_all_pool_1_tickets" time="0.262"><failure message="AssertionError: Admin login failed&#10;assert None">backend/tests/test_pool1_routing_fix.py:222: in test_10_admin_can_see_all_pool_1_tickets
    assert token, "Admin login failed"
E   AssertionError: Admin login failed
E   assert None</failure></testcase><testcase classname="backend.tests.test_pool1_routing_fix.TestPool1RoutingFix" name="test_11_admin_can_see_all_pool_2_tickets" time="0.269"><failure message="AssertionError: Admin login failed&#10;assert None">backend/tests/test_pool1_routing_fix.py:240: in test_11_admin_can_see_all_pool_2_tickets
    assert token, "Admin login failed"
E   AssertionError: Admin login failed
E   assert None</failure></testcase><testcase classname="backend.tests.test_pool1_routing_fix.TestPool1RoutingFix" name="test_12_verify_pool_1_query_includes_both_account_types" time="0.262"><failure message="AssertionError: Admin login failed&#10;assert None">backend/tests/test_pool1_routing_fix.py:259: in test_12_verify_pool_1_query_includes_both_account_types
    assert token, "Admin login failed"
E   AssertionError: Admin login failed
E   assert None</failure></testcase><testcase classname="backend.tests.test_pool1_routing_fix.TestPool1RoutingEdgeCases" name="test_13_internal_staff_login_returns_correct_account_type" time="0.262" /><testcase classname="backend.tests.test_pool1_routing_fix.TestPool1RoutingEdgeCases" name="test_14_partner_login_returns_correct_account_type" time="0.261" /></testsuite></testsuites>