<?xml version="1.0" encoding="utf-8"?><testsuites name="pytest tests"><testsuite name="pytest" errors="0" failures="2" skipped="0" tests="13" time="5.672" timestamp="2026-01-26T19:42:52.310191+00:00" hostname="agent-env-df5edb6f-0ae9-435a-ac93-f00643a23ee7"><testcase classname="backend.tests.test_dashboard_workflow_features.TestAuthentication" name="test_admin_login_returns_administrator_role" time="0.369" /><testcase classname="backend.tests.test_dashboard_workflow_features.TestDashboardAPIs" name="test_dashboard_stats_api_for_admin" time="0.606" /><testcase classname="backend.tests.test_dashboard_workflow_features.TestDashboardAPIs" name="test_dashboard_editor_api" time="0.347"><failure message="assert 403 == 200&#10; +  where 403 = &lt;Response [403]&gt;.status_code">backend/tests/test_dashboard_workflow_features.py:69: in test_dashboard_editor_api
    assert response.status_code == 200
E   assert 403 == 200
E    +  where 403 = &lt;Response [403]&gt;.status_code</failure></testcase><testcase classname="backend.tests.test_dashboard_workflow_features.TestDashboardAPIs" name="test_dashboard_requester_api" time="0.358"><failure message="assert 403 == 200&#10; +  where 403 = &lt;Response [403]&gt;.status_code">backend/tests/test_dashboard_workflow_features.py:82: in test_dashboard_requester_api
    assert response.status_code == 200
E   assert 403 == 200
E    +  where 403 = &lt;Response [403]&gt;.status_code</failure></testcase><testcase classname="backend.tests.test_dashboard_workflow_features.TestDashboardAPIs" name="test_orders_api_returns_data" time="0.329" /><testcase classname="backend.tests.test_dashboard_workflow_features.TestWorkflowMetaActions" name="test_workflow_actions_includes_auto_escalate" time="0.324" /><testcase classname="backend.tests.test_dashboard_workflow_features.TestWorkflowMetaActions" name="test_all_expected_action_types_present" time="0.341" /><testcase classname="backend.tests.test_dashboard_workflow_features.TestWorkflowWithAutoEscalate" name="test_create_workflow_with_auto_escalate_action" time="0.356" /><testcase classname="backend.tests.test_dashboard_workflow_features.TestWorkflowWithAutoEscalate" name="test_update_workflow_with_auto_escalate_action" time="0.400" /><testcase classname="backend.tests.test_dashboard_workflow_features.TestWorkflowWithAutoEscalate" name="test_get_workflow_with_auto_escalate_action" time="0.399" /><testcase classname="backend.tests.test_dashboard_workflow_features.TestRolesAndTeamsForEscalation" name="test_roles_api_returns_roles" time="0.748" /><testcase classname="backend.tests.test_dashboard_workflow_features.TestRolesAndTeamsForEscalation" name="test_teams_api_returns_teams" time="0.374" /><testcase classname="backend.tests.test_dashboard_workflow_features.TestEscalationHistory" name="test_escalation_history_api_exists" time="0.362" /></testsuite></testsuites>