<?xml version="1.0" encoding="utf-8"?><testsuites name="pytest tests"><testsuite name="pytest" errors="18" failures="0" skipped="0" tests="18" time="2.181" timestamp="2026-01-26T05:38:36.662603+00:00" hostname="agent-env-cf87cf94-1c16-4b5d-882f-4bec071303a0"><testcase classname="backend.tests.test_escalation.TestEscalationStats" name="test_get_escalation_stats" time="0.345"><error message="failed on setup with &quot;AssertionError: No access_token in response&#10;assert 'access_token' in {'token': 'eyJhbGciOiJIUzI1NiIsInR5cCI6IkpXVCJ9.eyJzdWIiOiIxMGY2YzA2My1jZDczLTQxZmYtYTVmZC05OWQ1NzEwMTZhNzEiLCJyb2xlIjoiQWRtaW4iLCJleHAiOjE3Njk0OTIzMTd9.PyrmZYSw8D3V39l5YTFSR6l2zd2upSoLNl9uiwsQWpc', 'user': {'active': True, 'avatar': None, 'created_at': '2026-01-23T20:28:59.799161+00:00', 'email': 'admin@redribbonops.com', ...}}&quot;">backend/tests/test_escalation.py:29: in auth_token
    assert "access_token" in data, "No access_token in response"
E   AssertionError: No access_token in response
E   assert 'access_token' in {'token': 'eyJhbGciOiJIUzI1NiIsInR5cCI6IkpXVCJ9.eyJzdWIiOiIxMGY2YzA2My1jZDczLTQxZmYtYTVmZC05OWQ1NzEwMTZhNzEiLCJyb2xlIjoiQWRtaW4iLCJleHAiOjE3Njk0OTIzMTd9.PyrmZYSw8D3V39l5YTFSR6l2zd2upSoLNl9uiwsQWpc', 'user': {'active': True, 'avatar': None, 'created_at': '2026-01-23T20:28:59.799161+00:00', 'email': 'admin@redribbonops.com', ...}}</error></testcase><testcase classname="backend.tests.test_escalation.TestEscalationPolicyCRUD" name="test_list_policies_empty_or_existing" time="0.263"><error message="failed on setup with &quot;AssertionError: No access_token in response&#10;assert 'access_token' in {'token': 'eyJhbGciOiJIUzI1NiIsInR5cCI6IkpXVCJ9.eyJzdWIiOiIxMGY2YzA2My1jZDczLTQxZmYtYTVmZC05OWQ1NzEwMTZhNzEiLCJyb2xlIjoiQWRtaW4iLCJleHAiOjE3Njk0OTIzMTd9.PyrmZYSw8D3V39l5YTFSR6l2zd2upSoLNl9uiwsQWpc', 'user': {'active': True, 'avatar': None, 'created_at': '2026-01-23T20:28:59.799161+00:00', 'email': 'admin@redribbonops.com', ...}}&quot;">backend/tests/test_escalation.py:29: in auth_token
    assert "access_token" in data, "No access_token in response"
E   AssertionError: No access_token in response
E   assert 'access_token' in {'token': 'eyJhbGciOiJIUzI1NiIsInR5cCI6IkpXVCJ9.eyJzdWIiOiIxMGY2YzA2My1jZDczLTQxZmYtYTVmZC05OWQ1NzEwMTZhNzEiLCJyb2xlIjoiQWRtaW4iLCJleHAiOjE3Njk0OTIzMTd9.PyrmZYSw8D3V39l5YTFSR6l2zd2upSoLNl9uiwsQWpc', 'user': {'active': True, 'avatar': None, 'created_at': '2026-01-23T20:28:59.799161+00:00', 'email': 'admin@redribbonops.com', ...}}</error></testcase><testcase classname="backend.tests.test_escalation.TestEscalationPolicyCRUD" name="test_create_policy_minimal" time="0.000"><error message="failed on setup with &quot;AssertionError: No access_token in response&#10;assert 'access_token' in {'token': 'eyJhbGciOiJIUzI1NiIsInR5cCI6IkpXVCJ9.eyJzdWIiOiIxMGY2YzA2My1jZDczLTQxZmYtYTVmZC05OWQ1NzEwMTZhNzEiLCJyb2xlIjoiQWRtaW4iLCJleHAiOjE3Njk0OTIzMTd9.PyrmZYSw8D3V39l5YTFSR6l2zd2upSoLNl9uiwsQWpc', 'user': {'active': True, 'avatar': None, 'created_at': '2026-01-23T20:28:59.799161+00:00', 'email': 'admin@redribbonops.com', ...}}&quot;">backend/tests/test_escalation.py:29: in auth_token
    assert "access_token" in data, "No access_token in response"
E   AssertionError: No access_token in response
E   assert 'access_token' in {'token': 'eyJhbGciOiJIUzI1NiIsInR5cCI6IkpXVCJ9.eyJzdWIiOiIxMGY2YzA2My1jZDczLTQxZmYtYTVmZC05OWQ1NzEwMTZhNzEiLCJyb2xlIjoiQWRtaW4iLCJleHAiOjE3Njk0OTIzMTd9.PyrmZYSw8D3V39l5YTFSR6l2zd2upSoLNl9uiwsQWpc', 'user': {'active': True, 'avatar': None, 'created_at': '2026-01-23T20:28:59.799161+00:00', 'email': 'admin@redribbonops.com', ...}}</error></testcase><testcase classname="backend.tests.test_escalation.TestEscalationPolicyCRUD" name="test_create_policy_with_actions" time="0.000"><error message="failed on setup with &quot;AssertionError: No access_token in response&#10;assert 'access_token' in {'token': 'eyJhbGciOiJIUzI1NiIsInR5cCI6IkpXVCJ9.eyJzdWIiOiIxMGY2YzA2My1jZDczLTQxZmYtYTVmZC05OWQ1NzEwMTZhNzEiLCJyb2xlIjoiQWRtaW4iLCJleHAiOjE3Njk0OTIzMTd9.PyrmZYSw8D3V39l5YTFSR6l2zd2upSoLNl9uiwsQWpc', 'user': {'active': True, 'avatar': None, 'created_at': '2026-01-23T20:28:59.799161+00:00', 'email': 'admin@redribbonops.com', ...}}&quot;">backend/tests/test_escalation.py:29: in auth_token
    assert "access_token" in data, "No access_token in response"
E   AssertionError: No access_token in response
E   assert 'access_token' in {'token': 'eyJhbGciOiJIUzI1NiIsInR5cCI6IkpXVCJ9.eyJzdWIiOiIxMGY2YzA2My1jZDczLTQxZmYtYTVmZC05OWQ1NzEwMTZhNzEiLCJyb2xlIjoiQWRtaW4iLCJleHAiOjE3Njk0OTIzMTd9.PyrmZYSw8D3V39l5YTFSR6l2zd2upSoLNl9uiwsQWpc', 'user': {'active': True, 'avatar': None, 'created_at': '2026-01-23T20:28:59.799161+00:00', 'email': 'admin@redribbonops.com', ...}}</error></testcase><testcase classname="backend.tests.test_escalation.TestEscalationPolicyCRUD" name="test_create_policy_duplicate_name_fails" time="0.000"><error message="failed on setup with &quot;AssertionError: No access_token in response&#10;assert 'access_token' in {'token': 'eyJhbGciOiJIUzI1NiIsInR5cCI6IkpXVCJ9.eyJzdWIiOiIxMGY2YzA2My1jZDczLTQxZmYtYTVmZC05OWQ1NzEwMTZhNzEiLCJyb2xlIjoiQWRtaW4iLCJleHAiOjE3Njk0OTIzMTd9.PyrmZYSw8D3V39l5YTFSR6l2zd2upSoLNl9uiwsQWpc', 'user': {'active': True, 'avatar': None, 'created_at': '2026-01-23T20:28:59.799161+00:00', 'email': 'admin@redribbonops.com', ...}}&quot;">backend/tests/test_escalation.py:29: in auth_token
    assert "access_token" in data, "No access_token in response"
E   AssertionError: No access_token in response
E   assert 'access_token' in {'token': 'eyJhbGciOiJIUzI1NiIsInR5cCI6IkpXVCJ9.eyJzdWIiOiIxMGY2YzA2My1jZDczLTQxZmYtYTVmZC05OWQ1NzEwMTZhNzEiLCJyb2xlIjoiQWRtaW4iLCJleHAiOjE3Njk0OTIzMTd9.PyrmZYSw8D3V39l5YTFSR6l2zd2upSoLNl9uiwsQWpc', 'user': {'active': True, 'avatar': None, 'created_at': '2026-01-23T20:28:59.799161+00:00', 'email': 'admin@redribbonops.com', ...}}</error></testcase><testcase classname="backend.tests.test_escalation.TestEscalationPolicyCRUD" name="test_get_policy_by_id" time="0.000"><error message="failed on setup with &quot;AssertionError: No access_token in response&#10;assert 'access_token' in {'token': 'eyJhbGciOiJIUzI1NiIsInR5cCI6IkpXVCJ9.eyJzdWIiOiIxMGY2YzA2My1jZDczLTQxZmYtYTVmZC05OWQ1NzEwMTZhNzEiLCJyb2xlIjoiQWRtaW4iLCJleHAiOjE3Njk0OTIzMTd9.PyrmZYSw8D3V39l5YTFSR6l2zd2upSoLNl9uiwsQWpc', 'user': {'active': True, 'avatar': None, 'created_at': '2026-01-23T20:28:59.799161+00:00', 'email': 'admin@redribbonops.com', ...}}&quot;">backend/tests/test_escalation.py:29: in auth_token
    assert "access_token" in data, "No access_token in response"
E   AssertionError: No access_token in response
E   assert 'access_token' in {'token': 'eyJhbGciOiJIUzI1NiIsInR5cCI6IkpXVCJ9.eyJzdWIiOiIxMGY2YzA2My1jZDczLTQxZmYtYTVmZC05OWQ1NzEwMTZhNzEiLCJyb2xlIjoiQWRtaW4iLCJleHAiOjE3Njk0OTIzMTd9.PyrmZYSw8D3V39l5YTFSR6l2zd2upSoLNl9uiwsQWpc', 'user': {'active': True, 'avatar': None, 'created_at': '2026-01-23T20:28:59.799161+00:00', 'email': 'admin@redribbonops.com', ...}}</error></testcase><testcase classname="backend.tests.test_escalation.TestEscalationPolicyCRUD" name="test_get_policy_not_found" time="0.000"><error message="failed on setup with &quot;AssertionError: No access_token in response&#10;assert 'access_token' in {'token': 'eyJhbGciOiJIUzI1NiIsInR5cCI6IkpXVCJ9.eyJzdWIiOiIxMGY2YzA2My1jZDczLTQxZmYtYTVmZC05OWQ1NzEwMTZhNzEiLCJyb2xlIjoiQWRtaW4iLCJleHAiOjE3Njk0OTIzMTd9.PyrmZYSw8D3V39l5YTFSR6l2zd2upSoLNl9uiwsQWpc', 'user': {'active': True, 'avatar': None, 'created_at': '2026-01-23T20:28:59.799161+00:00', 'email': 'admin@redribbonops.com', ...}}&quot;">backend/tests/test_escalation.py:29: in auth_token
    assert "access_token" in data, "No access_token in response"
E   AssertionError: No access_token in response
E   assert 'access_token' in {'token': 'eyJhbGciOiJIUzI1NiIsInR5cCI6IkpXVCJ9.eyJzdWIiOiIxMGY2YzA2My1jZDczLTQxZmYtYTVmZC05OWQ1NzEwMTZhNzEiLCJyb2xlIjoiQWRtaW4iLCJleHAiOjE3Njk0OTIzMTd9.PyrmZYSw8D3V39l5YTFSR6l2zd2upSoLNl9uiwsQWpc', 'user': {'active': True, 'avatar': None, 'created_at': '2026-01-23T20:28:59.799161+00:00', 'email': 'admin@redribbonops.com', ...}}</error></testcase><testcase classname="backend.tests.test_escalation.TestEscalationPolicyCRUD" name="test_update_policy" time="0.000"><error message="failed on setup with &quot;AssertionError: No access_token in response&#10;assert 'access_token' in {'token': 'eyJhbGciOiJIUzI1NiIsInR5cCI6IkpXVCJ9.eyJzdWIiOiIxMGY2YzA2My1jZDczLTQxZmYtYTVmZC05OWQ1NzEwMTZhNzEiLCJyb2xlIjoiQWRtaW4iLCJleHAiOjE3Njk0OTIzMTd9.PyrmZYSw8D3V39l5YTFSR6l2zd2upSoLNl9uiwsQWpc', 'user': {'active': True, 'avatar': None, 'created_at': '2026-01-23T20:28:59.799161+00:00', 'email': 'admin@redribbonops.com', ...}}&quot;">backend/tests/test_escalation.py:29: in auth_token
    assert "access_token" in data, "No access_token in response"
E   AssertionError: No access_token in response
E   assert 'access_token' in {'token': 'eyJhbGciOiJIUzI1NiIsInR5cCI6IkpXVCJ9.eyJzdWIiOiIxMGY2YzA2My1jZDczLTQxZmYtYTVmZC05OWQ1NzEwMTZhNzEiLCJyb2xlIjoiQWRtaW4iLCJleHAiOjE3Njk0OTIzMTd9.PyrmZYSw8D3V39l5YTFSR6l2zd2upSoLNl9uiwsQWpc', 'user': {'active': True, 'avatar': None, 'created_at': '2026-01-23T20:28:59.799161+00:00', 'email': 'admin@redribbonops.com', ...}}</error></testcase><testcase classname="backend.tests.test_escalation.TestEscalationPolicyCRUD" name="test_delete_policy" time="0.000"><error message="failed on setup with &quot;AssertionError: No access_token in response&#10;assert 'access_token' in {'token': 'eyJhbGciOiJIUzI1NiIsInR5cCI6IkpXVCJ9.eyJzdWIiOiIxMGY2YzA2My1jZDczLTQxZmYtYTVmZC05OWQ1NzEwMTZhNzEiLCJyb2xlIjoiQWRtaW4iLCJleHAiOjE3Njk0OTIzMTd9.PyrmZYSw8D3V39l5YTFSR6l2zd2upSoLNl9uiwsQWpc', 'user': {'active': True, 'avatar': None, 'created_at': '2026-01-23T20:28:59.799161+00:00', 'email': 'admin@redribbonops.com', ...}}&quot;">backend/tests/test_escalation.py:29: in auth_token
    assert "access_token" in data, "No access_token in response"
E   AssertionError: No access_token in response
E   assert 'access_token' in {'token': 'eyJhbGciOiJIUzI1NiIsInR5cCI6IkpXVCJ9.eyJzdWIiOiIxMGY2YzA2My1jZDczLTQxZmYtYTVmZC05OWQ1NzEwMTZhNzEiLCJyb2xlIjoiQWRtaW4iLCJleHAiOjE3Njk0OTIzMTd9.PyrmZYSw8D3V39l5YTFSR6l2zd2upSoLNl9uiwsQWpc', 'user': {'active': True, 'avatar': None, 'created_at': '2026-01-23T20:28:59.799161+00:00', 'email': 'admin@redribbonops.com', ...}}</error></testcase><testcase classname="backend.tests.test_escalation.TestEscalatedOrders" name="test_get_escalated_orders" time="0.264"><error message="failed on setup with &quot;AssertionError: No access_token in response&#10;assert 'access_token' in {'token': 'eyJhbGciOiJIUzI1NiIsInR5cCI6IkpXVCJ9.eyJzdWIiOiIxMGY2YzA2My1jZDczLTQxZmYtYTVmZC05OWQ1NzEwMTZhNzEiLCJyb2xlIjoiQWRtaW4iLCJleHAiOjE3Njk0OTIzMTd9.PyrmZYSw8D3V39l5YTFSR6l2zd2upSoLNl9uiwsQWpc', 'user': {'active': True, 'avatar': None, 'created_at': '2026-01-23T20:28:59.799161+00:00', 'email': 'admin@redribbonops.com', ...}}&quot;">backend/tests/test_escalation.py:29: in auth_token
    assert "access_token" in data, "No access_token in response"
E   AssertionError: No access_token in response
E   assert 'access_token' in {'token': 'eyJhbGciOiJIUzI1NiIsInR5cCI6IkpXVCJ9.eyJzdWIiOiIxMGY2YzA2My1jZDczLTQxZmYtYTVmZC05OWQ1NzEwMTZhNzEiLCJyb2xlIjoiQWRtaW4iLCJleHAiOjE3Njk0OTIzMTd9.PyrmZYSw8D3V39l5YTFSR6l2zd2upSoLNl9uiwsQWpc', 'user': {'active': True, 'avatar': None, 'created_at': '2026-01-23T20:28:59.799161+00:00', 'email': 'admin@redribbonops.com', ...}}</error></testcase><testcase classname="backend.tests.test_escalation.TestEscalatedOrders" name="test_get_escalated_orders_count" time="0.000"><error message="failed on setup with &quot;AssertionError: No access_token in response&#10;assert 'access_token' in {'token': 'eyJhbGciOiJIUzI1NiIsInR5cCI6IkpXVCJ9.eyJzdWIiOiIxMGY2YzA2My1jZDczLTQxZmYtYTVmZC05OWQ1NzEwMTZhNzEiLCJyb2xlIjoiQWRtaW4iLCJleHAiOjE3Njk0OTIzMTd9.PyrmZYSw8D3V39l5YTFSR6l2zd2upSoLNl9uiwsQWpc', 'user': {'active': True, 'avatar': None, 'created_at': '2026-01-23T20:28:59.799161+00:00', 'email': 'admin@redribbonops.com', ...}}&quot;">backend/tests/test_escalation.py:29: in auth_token
    assert "access_token" in data, "No access_token in response"
E   AssertionError: No access_token in response
E   assert 'access_token' in {'token': 'eyJhbGciOiJIUzI1NiIsInR5cCI6IkpXVCJ9.eyJzdWIiOiIxMGY2YzA2My1jZDczLTQxZmYtYTVmZC05OWQ1NzEwMTZhNzEiLCJyb2xlIjoiQWRtaW4iLCJleHAiOjE3Njk0OTIzMTd9.PyrmZYSw8D3V39l5YTFSR6l2zd2upSoLNl9uiwsQWpc', 'user': {'active': True, 'avatar': None, 'created_at': '2026-01-23T20:28:59.799161+00:00', 'email': 'admin@redribbonops.com', ...}}</error></testcase><testcase classname="backend.tests.test_escalation.TestEscalatedOrders" name="test_get_escalated_orders_by_level" time="0.000"><error message="failed on setup with &quot;AssertionError: No access_token in response&#10;assert 'access_token' in {'token': 'eyJhbGciOiJIUzI1NiIsInR5cCI6IkpXVCJ9.eyJzdWIiOiIxMGY2YzA2My1jZDczLTQxZmYtYTVmZC05OWQ1NzEwMTZhNzEiLCJyb2xlIjoiQWRtaW4iLCJleHAiOjE3Njk0OTIzMTd9.PyrmZYSw8D3V39l5YTFSR6l2zd2upSoLNl9uiwsQWpc', 'user': {'active': True, 'avatar': None, 'created_at': '2026-01-23T20:28:59.799161+00:00', 'email': 'admin@redribbonops.com', ...}}&quot;">backend/tests/test_escalation.py:29: in auth_token
    assert "access_token" in data, "No access_token in response"
E   AssertionError: No access_token in response
E   assert 'access_token' in {'token': 'eyJhbGciOiJIUzI1NiIsInR5cCI6IkpXVCJ9.eyJzdWIiOiIxMGY2YzA2My1jZDczLTQxZmYtYTVmZC05OWQ1NzEwMTZhNzEiLCJyb2xlIjoiQWRtaW4iLCJleHAiOjE3Njk0OTIzMTd9.PyrmZYSw8D3V39l5YTFSR6l2zd2upSoLNl9uiwsQWpc', 'user': {'active': True, 'avatar': None, 'created_at': '2026-01-23T20:28:59.799161+00:00', 'email': 'admin@redribbonops.com', ...}}</error></testcase><testcase classname="backend.tests.test_escalation.TestEscalationCheck" name="test_trigger_escalation_check" time="0.267"><error message="failed on setup with &quot;AssertionError: No access_token in response&#10;assert 'access_token' in {'token': 'eyJhbGciOiJIUzI1NiIsInR5cCI6IkpXVCJ9.eyJzdWIiOiIxMGY2YzA2My1jZDczLTQxZmYtYTVmZC05OWQ1NzEwMTZhNzEiLCJyb2xlIjoiQWRtaW4iLCJleHAiOjE3Njk0OTIzMTh9.RG1XI0Z-PaPEXWlcqi1-7p57m7Mzzw4fvAX8nzDqKLQ', 'user': {'active': True, 'avatar': None, 'created_at': '2026-01-23T20:28:59.799161+00:00', 'email': 'admin@redribbonops.com', ...}}&quot;">backend/tests/test_escalation.py:29: in auth_token
    assert "access_token" in data, "No access_token in response"
E   AssertionError: No access_token in response
E   assert 'access_token' in {'token': 'eyJhbGciOiJIUzI1NiIsInR5cCI6IkpXVCJ9.eyJzdWIiOiIxMGY2YzA2My1jZDczLTQxZmYtYTVmZC05OWQ1NzEwMTZhNzEiLCJyb2xlIjoiQWRtaW4iLCJleHAiOjE3Njk0OTIzMTh9.RG1XI0Z-PaPEXWlcqi1-7p57m7Mzzw4fvAX8nzDqKLQ', 'user': {'active': True, 'avatar': None, 'created_at': '2026-01-23T20:28:59.799161+00:00', 'email': 'admin@redribbonops.com', ...}}</error></testcase><testcase classname="backend.tests.test_escalation.TestEscalationHistory" name="test_get_order_escalation_history_not_found" time="0.263"><error message="failed on setup with &quot;AssertionError: No access_token in response&#10;assert 'access_token' in {'token': 'eyJhbGciOiJIUzI1NiIsInR5cCI6IkpXVCJ9.eyJzdWIiOiIxMGY2YzA2My1jZDczLTQxZmYtYTVmZC05OWQ1NzEwMTZhNzEiLCJyb2xlIjoiQWRtaW4iLCJleHAiOjE3Njk0OTIzMTh9.RG1XI0Z-PaPEXWlcqi1-7p57m7Mzzw4fvAX8nzDqKLQ', 'user': {'active': True, 'avatar': None, 'created_at': '2026-01-23T20:28:59.799161+00:00', 'email': 'admin@redribbonops.com', ...}}&quot;">backend/tests/test_escalation.py:29: in auth_token
    assert "access_token" in data, "No access_token in response"
E   AssertionError: No access_token in response
E   assert 'access_token' in {'token': 'eyJhbGciOiJIUzI1NiIsInR5cCI6IkpXVCJ9.eyJzdWIiOiIxMGY2YzA2My1jZDczLTQxZmYtYTVmZC05OWQ1NzEwMTZhNzEiLCJyb2xlIjoiQWRtaW4iLCJleHAiOjE3Njk0OTIzMTh9.RG1XI0Z-PaPEXWlcqi1-7p57m7Mzzw4fvAX8nzDqKLQ', 'user': {'active': True, 'avatar': None, 'created_at': '2026-01-23T20:28:59.799161+00:00', 'email': 'admin@redribbonops.com', ...}}</error></testcase><testcase classname="backend.tests.test_escalation.TestEscalationValidation" name="test_create_policy_missing_name" time="0.263"><error message="failed on setup with &quot;AssertionError: No access_token in response&#10;assert 'access_token' in {'token': 'eyJhbGciOiJIUzI1NiIsInR5cCI6IkpXVCJ9.eyJzdWIiOiIxMGY2YzA2My1jZDczLTQxZmYtYTVmZC05OWQ1NzEwMTZhNzEiLCJyb2xlIjoiQWRtaW4iLCJleHAiOjE3Njk0OTIzMTh9.RG1XI0Z-PaPEXWlcqi1-7p57m7Mzzw4fvAX8nzDqKLQ', 'user': {'active': True, 'avatar': None, 'created_at': '2026-01-23T20:28:59.799161+00:00', 'email': 'admin@redribbonops.com', ...}}&quot;">backend/tests/test_escalation.py:29: in auth_token
    assert "access_token" in data, "No access_token in response"
E   AssertionError: No access_token in response
E   assert 'access_token' in {'token': 'eyJhbGciOiJIUzI1NiIsInR5cCI6IkpXVCJ9.eyJzdWIiOiIxMGY2YzA2My1jZDczLTQxZmYtYTVmZC05OWQ1NzEwMTZhNzEiLCJyb2xlIjoiQWRtaW4iLCJleHAiOjE3Njk0OTIzMTh9.RG1XI0Z-PaPEXWlcqi1-7p57m7Mzzw4fvAX8nzDqKLQ', 'user': {'active': True, 'avatar': None, 'created_at': '2026-01-23T20:28:59.799161+00:00', 'email': 'admin@redribbonops.com', ...}}</error></testcase><testcase classname="backend.tests.test_escalation.TestEscalationValidation" name="test_create_policy_invalid_trigger" time="0.000"><error message="failed on setup with &quot;AssertionError: No access_token in response&#10;assert 'access_token' in {'token': 'eyJhbGciOiJIUzI1NiIsInR5cCI6IkpXVCJ9.eyJzdWIiOiIxMGY2YzA2My1jZDczLTQxZmYtYTVmZC05OWQ1NzEwMTZhNzEiLCJyb2xlIjoiQWRtaW4iLCJleHAiOjE3Njk0OTIzMTh9.RG1XI0Z-PaPEXWlcqi1-7p57m7Mzzw4fvAX8nzDqKLQ', 'user': {'active': True, 'avatar': None, 'created_at': '2026-01-23T20:28:59.799161+00:00', 'email': 'admin@redribbonops.com', ...}}&quot;">backend/tests/test_escalation.py:29: in auth_token
    assert "access_token" in data, "No access_token in response"
E   AssertionError: No access_token in response
E   assert 'access_token' in {'token': 'eyJhbGciOiJIUzI1NiIsInR5cCI6IkpXVCJ9.eyJzdWIiOiIxMGY2YzA2My1jZDczLTQxZmYtYTVmZC05OWQ1NzEwMTZhNzEiLCJyb2xlIjoiQWRtaW4iLCJleHAiOjE3Njk0OTIzMTh9.RG1XI0Z-PaPEXWlcqi1-7p57m7Mzzw4fvAX8nzDqKLQ', 'user': {'active': True, 'avatar': None, 'created_at': '2026-01-23T20:28:59.799161+00:00', 'email': 'admin@redribbonops.com', ...}}</error></testcase><testcase classname="backend.tests.test_escalation.TestEscalationValidation" name="test_create_policy_cooldown_too_low" time="0.000"><error message="failed on setup with &quot;AssertionError: No access_token in response&#10;assert 'access_token' in {'token': 'eyJhbGciOiJIUzI1NiIsInR5cCI6IkpXVCJ9.eyJzdWIiOiIxMGY2YzA2My1jZDczLTQxZmYtYTVmZC05OWQ1NzEwMTZhNzEiLCJyb2xlIjoiQWRtaW4iLCJleHAiOjE3Njk0OTIzMTh9.RG1XI0Z-PaPEXWlcqi1-7p57m7Mzzw4fvAX8nzDqKLQ', 'user': {'active': True, 'avatar': None, 'created_at': '2026-01-23T20:28:59.799161+00:00', 'email': 'admin@redribbonops.com', ...}}&quot;">backend/tests/test_escalation.py:29: in auth_token
    assert "access_token" in data, "No access_token in response"
E   AssertionError: No access_token in response
E   assert 'access_token' in {'token': 'eyJhbGciOiJIUzI1NiIsInR5cCI6IkpXVCJ9.eyJzdWIiOiIxMGY2YzA2My1jZDczLTQxZmYtYTVmZC05OWQ1NzEwMTZhNzEiLCJyb2xlIjoiQWRtaW4iLCJleHAiOjE3Njk0OTIzMTh9.RG1XI0Z-PaPEXWlcqi1-7p57m7Mzzw4fvAX8nzDqKLQ', 'user': {'active': True, 'avatar': None, 'created_at': '2026-01-23T20:28:59.799161+00:00', 'email': 'admin@redribbonops.com', ...}}</error></testcase><testcase classname="backend.tests.test_escalation.TestCleanup" name="test_cleanup_test_policies" time="0.277"><error message="failed on setup with &quot;AssertionError: No access_token in response&#10;assert 'access_token' in {'token': 'eyJhbGciOiJIUzI1NiIsInR5cCI6IkpXVCJ9.eyJzdWIiOiIxMGY2YzA2My1jZDczLTQxZmYtYTVmZC05OWQ1NzEwMTZhNzEiLCJyb2xlIjoiQWRtaW4iLCJleHAiOjE3Njk0OTIzMTh9.RG1XI0Z-PaPEXWlcqi1-7p57m7Mzzw4fvAX8nzDqKLQ', 'user': {'active': True, 'avatar': None, 'created_at': '2026-01-23T20:28:59.799161+00:00', 'email': 'admin@redribbonops.com', ...}}&quot;">backend/tests/test_escalation.py:29: in auth_token
    assert "access_token" in data, "No access_token in response"
E   AssertionError: No access_token in response
E   assert 'access_token' in {'token': 'eyJhbGciOiJIUzI1NiIsInR5cCI6IkpXVCJ9.eyJzdWIiOiIxMGY2YzA2My1jZDczLTQxZmYtYTVmZC05OWQ1NzEwMTZhNzEiLCJyb2xlIjoiQWRtaW4iLCJleHAiOjE3Njk0OTIzMTh9.RG1XI0Z-PaPEXWlcqi1-7p57m7Mzzw4fvAX8nzDqKLQ', 'user': {'active': True, 'avatar': None, 'created_at': '2026-01-23T20:28:59.799161+00:00', 'email': 'admin@redribbonops.com', ...}}</error></testcase></testsuite></testsuites>