<?xml version="1.0" encoding="utf-8"?><testsuites name="pytest tests"><testsuite name="pytest" errors="0" failures="0" skipped="0" tests="12" time="8.884" timestamp="2026-01-26T20:40:20.743312+00:00" hostname="agent-env-df5edb6f-0ae9-435a-ac93-f00643a23ee7"><testcase classname="tests.test_dashboard_sla_integration.TestDashboardSLAIntegration" name="test_sla_monitoring_stats_endpoint_returns_correct_structure" time="0.605" /><testcase classname="tests.test_dashboard_sla_integration.TestDashboardSLAIntegration" name="test_dashboard_stats_does_not_include_sla_breaching_in_admin_kpis" time="0.603" /><testcase classname="tests.test_dashboard_sla_integration.TestDashboardSLAIntegration" name="test_sla_stats_consistency_between_endpoints" time="0.685" /><testcase classname="tests.test_dashboard_sla_integration.TestDashboardSLAIntegration" name="test_access_tiers_endpoint_available" time="0.583" /><testcase classname="tests.test_dashboard_sla_integration.TestDashboardSLAIntegration" name="test_create_policy_with_access_tier_scope" time="0.701" /><testcase classname="tests.test_dashboard_sla_integration.TestDashboardSLAIntegration" name="test_update_policy_with_access_tier_scope" time="0.962" /><testcase classname="tests.test_dashboard_sla_integration.TestDashboardSLAIntegration" name="test_policy_scope_includes_all_scope_types" time="0.896" /><testcase classname="tests.test_dashboard_sla_integration.TestDashboardSLAIntegration" name="test_policy_check_endpoint_works" time="0.667" /><testcase classname="tests.test_dashboard_sla_integration.TestDashboardSLAIntegration" name="test_escalation_history_endpoint" time="0.775" /><testcase classname="tests.test_dashboard_sla_integration.TestDashboardSLAIntegration" name="test_at_risk_orders_endpoint" time="0.712" /><testcase classname="tests.test_dashboard_sla_integration.TestDashboardSLAIntegration" name="test_breached_orders_endpoint" time="0.748" /><testcase classname="tests.test_dashboard_sla_integration.TestSLAPolicyModel" name="test_policy_response_includes_all_fields" time="0.889" /></testsuite></testsuites>