<?xml version="1.0" encoding="utf-8"?><testsuites name="pytest tests"><testsuite name="pytest" errors="0" failures="0" skipped="0" tests="17" time="1.132" timestamp="2026-01-26T20:08:00.894612+00:00" hostname="agent-env-df5edb6f-0ae9-435a-ac93-f00643a23ee7"><testcase classname="backend.tests.test_sla_policies.TestSLAPoliciesCRUD" name="test_list_policies_initially" time="0.368" /><testcase classname="backend.tests.test_sla_policies.TestSLAPoliciesCRUD" name="test_create_sla_policy_with_full_config" time="0.013" /><testcase classname="backend.tests.test_sla_policies.TestSLAPoliciesCRUD" name="test_get_sla_policy_by_id" time="0.013" /><testcase classname="backend.tests.test_sla_policies.TestSLAPoliciesCRUD" name="test_update_sla_policy" time="0.025" /><testcase classname="backend.tests.test_sla_policies.TestSLAPoliciesCRUD" name="test_delete_sla_policy" time="0.069" /><testcase classname="backend.tests.test_sla_policies.TestSLAPoliciesMonitoring" name="test_monitoring_stats" time="0.016" /><testcase classname="backend.tests.test_sla_policies.TestSLAPoliciesMonitoring" name="test_at_risk_orders" time="0.064" /><testcase classname="backend.tests.test_sla_policies.TestSLAPoliciesMonitoring" name="test_breached_orders" time="0.027" /><testcase classname="backend.tests.test_sla_policies.TestSLAPoliciesMonitoring" name="test_escalation_history" time="0.016" /><testcase classname="backend.tests.test_sla_policies.TestSLAPoliciesScope" name="test_get_roles_for_scope" time="0.015" /><testcase classname="backend.tests.test_sla_policies.TestSLAPoliciesScope" name="test_get_teams_for_scope" time="0.055" /><testcase classname="backend.tests.test_sla_policies.TestSLAPoliciesScope" name="test_get_specialties_for_scope" time="0.032" /><testcase classname="backend.tests.test_sla_policies.TestSLAPoliciesScope" name="test_create_policy_with_scope" time="0.048" /><testcase classname="backend.tests.test_sla_policies.TestWorkflowActionReplacement" name="test_workflow_actions_include_apply_sla_policy" time="0.053" /><testcase classname="backend.tests.test_sla_policies.TestRouteRedirects" name="test_old_sla_route_redirect" time="0.000" /><testcase classname="backend.tests.test_sla_policies.TestRouteRedirects" name="test_old_escalation_route_redirect" time="0.000" /><testcase classname="backend.tests.test_sla_policies.TestPolicyTriggerCheck" name="test_trigger_policy_check" time="0.217" /></testsuite></testsuites>