<?xml version="1.0" encoding="utf-8"?><testsuites name="pytest tests"><testsuite name="pytest" errors="0" failures="0" skipped="8" tests="12" time="3.164" timestamp="2026-01-27T00:52:49.237982+00:00" hostname="agent-env-8b8f2dcf-2f98-4dd8-bbff-952b4cbe726c"><testcase classname="backend.tests.test_cancel_and_delivery_notes.TestCancellationReasons" name="test_get_cancellation_reasons" time="0.094" /><testcase classname="backend.tests.test_cancel_and_delivery_notes.TestDashboardCleared" name="test_dashboard_shows_zero_tickets" time="0.338" /><testcase classname="backend.tests.test_cancel_and_delivery_notes.TestDashboardCleared" name="test_orders_list_empty" time="0.311" /><testcase classname="backend.tests.test_cancel_and_delivery_notes.TestCancelTicketFlow" name="test_cancel_open_ticket" time="0.354"><skipped type="pytest.skip" message="Failed to create requester user">/app/backend/tests/test_cancel_and_delivery_notes.py:174: Failed to create requester user</skipped></testcase><testcase classname="backend.tests.test_cancel_and_delivery_notes.TestCancelTicketFlow" name="test_cancel_creates_system_message" time="0.355"><skipped type="pytest.skip" message="Failed to create requester user">/app/backend/tests/test_cancel_and_delivery_notes.py:207: Failed to create requester user</skipped></testcase><testcase classname="backend.tests.test_cancel_and_delivery_notes.TestCancelTicketFlow" name="test_cancel_assigned_ticket_notifies_resolver" time="0.350"><skipped type="pytest.skip" message="Failed to create requester user">/app/backend/tests/test_cancel_and_delivery_notes.py:243: Failed to create requester user</skipped></testcase><testcase classname="backend.tests.test_cancel_and_delivery_notes.TestCancelTicketFlow" name="test_cannot_cancel_delivered_ticket" time="0.336"><skipped type="pytest.skip" message="Failed to create requester user">/app/backend/tests/test_cancel_and_delivery_notes.py:280: Failed to create requester user</skipped></testcase><testcase classname="backend.tests.test_cancel_and_delivery_notes.TestCancelTicketFlow" name="test_cancel_requires_reason" time="0.390"><skipped type="pytest.skip" message="Failed to create requester user">/app/backend/tests/test_cancel_and_delivery_notes.py:325: Failed to create requester user</skipped></testcase><testcase classname="backend.tests.test_cancel_and_delivery_notes.TestDeliveryNotesFlow" name="test_deliver_requires_resolution_notes" time="0.044"><skipped type="pytest.skip" message="Requester login failed">/app/backend/tests/test_cancel_and_delivery_notes.py:383: Requester login failed</skipped></testcase><testcase classname="backend.tests.test_cancel_and_delivery_notes.TestDeliveryNotesFlow" name="test_delivery_notes_displayed_in_order" time="0.044"><skipped type="pytest.skip" message="Requester login failed">/app/backend/tests/test_cancel_and_delivery_notes.py:426: Requester login failed</skipped></testcase><testcase classname="backend.tests.test_cancel_and_delivery_notes.TestDeliveryNotesFlow" name="test_delivery_notes_in_timeline" time="0.037"><skipped type="pytest.skip" message="Requester login failed">/app/backend/tests/test_cancel_and_delivery_notes.py:474: Requester login failed</skipped></testcase><testcase classname="backend.tests.test_cancel_and_delivery_notes.TestCleanup" name="test_cleanup_test_orders" time="0.301" /></testsuite></testsuites>