<?xml version="1.0" encoding="utf-8"?><testsuites name="pytest tests"><testsuite name="pytest" errors="0" failures="0" skipped="0" tests="14" time="4.591" timestamp="2026-01-24T21:13:48.112664+00:00" hostname="agent-env-2f7d698f-2641-4a67-8b79-6b9f9d6d9024"><testcase classname="backend.tests.test_workflows.TestWorkflowAPIs" name="test_01_list_workflows" time="0.351" /><testcase classname="backend.tests.test_workflows.TestWorkflowAPIs" name="test_02_create_workflow" time="0.288" /><testcase classname="backend.tests.test_workflows.TestWorkflowAPIs" name="test_03_create_workflow_with_nodes" time="0.329" /><testcase classname="backend.tests.test_workflows.TestWorkflowAPIs" name="test_04_get_workflow_by_id" time="0.369" /><testcase classname="backend.tests.test_workflows.TestWorkflowAPIs" name="test_05_get_nonexistent_workflow" time="0.285" /><testcase classname="backend.tests.test_workflows.TestWorkflowAPIs" name="test_06_update_workflow_full" time="0.375" /><testcase classname="backend.tests.test_workflows.TestWorkflowAPIs" name="test_07_update_workflow_partial" time="0.336" /><testcase classname="backend.tests.test_workflows.TestWorkflowAPIs" name="test_08_duplicate_workflow" time="0.367" /><testcase classname="backend.tests.test_workflows.TestWorkflowAPIs" name="test_09_duplicate_workflow_name_conflict" time="0.334" /><testcase classname="backend.tests.test_workflows.TestWorkflowAPIs" name="test_10_delete_workflow" time="0.292" /><testcase classname="backend.tests.test_workflows.TestWorkflowAPIs" name="test_11_create_workflow_duplicate_name" time="0.369" /><testcase classname="backend.tests.test_workflows.TestWorkflowAPIs" name="test_12_workflow_meta_actions" time="0.279" /><testcase classname="backend.tests.test_workflows.TestWorkflowAPIs" name="test_13_workflow_meta_field_types" time="0.269" /><testcase classname="backend.tests.test_workflows.TestWorkflowAPIs" name="test_14_workflow_with_all_node_types" time="0.288" /></testsuite></testsuites>