<?xml version="1.0" encoding="utf-8"?><testsuites name="pytest tests"><testsuite name="pytest" errors="0" failures="1" skipped="0" tests="17" time="1.074" timestamp="2026-01-26T20:06:04.879674+00:00" hostname="agent-env-df5edb6f-0ae9-435a-ac93-f00643a23ee7"><testcase classname="backend.tests.test_sla_policies.TestSLAPoliciesCRUD" name="test_list_policies_initially" time="0.377" /><testcase classname="backend.tests.test_sla_policies.TestSLAPoliciesCRUD" name="test_create_sla_policy_with_full_config" time="0.049" /><testcase classname="backend.tests.test_sla_policies.TestSLAPoliciesCRUD" name="test_get_sla_policy_by_id" time="0.011" /><testcase classname="backend.tests.test_sla_policies.TestSLAPoliciesCRUD" name="test_update_sla_policy" time="0.017" /><testcase classname="backend.tests.test_sla_policies.TestSLAPoliciesCRUD" name="test_delete_sla_policy" time="0.075" /><testcase classname="backend.tests.test_sla_policies.TestSLAPoliciesMonitoring" name="test_monitoring_stats" time="0.012" /><testcase classname="backend.tests.test_sla_policies.TestSLAPoliciesMonitoring" name="test_at_risk_orders" time="0.015" /><testcase classname="backend.tests.test_sla_policies.TestSLAPoliciesMonitoring" name="test_breached_orders" time="0.056" /><testcase classname="backend.tests.test_sla_policies.TestSLAPoliciesMonitoring" name="test_escalation_history" time="0.013" /><testcase classname="backend.tests.test_sla_policies.TestSLAPoliciesScope" name="test_get_roles_for_scope" time="0.014" /><testcase classname="backend.tests.test_sla_policies.TestSLAPoliciesScope" name="test_get_teams_for_scope" time="0.013" /><testcase classname="backend.tests.test_sla_policies.TestSLAPoliciesScope" name="test_get_specialties_for_scope" time="0.025" /><testcase classname="backend.tests.test_sla_policies.TestSLAPoliciesScope" name="test_create_policy_with_scope" time="0.041" /><testcase classname="backend.tests.test_sla_policies.TestWorkflowActionReplacement" name="test_workflow_actions_include_apply_sla_policy" time="0.053"><failure message="AssertionError: Response should be a list&#10;assert False&#10; +  where False = isinstance({'actions': [{'config_fields': ['role_id'], 'description': 'Automatically assign ticket to a role', 'icon': 'UserPlus', 'label': 'Auto-Assign Role', ...}, {'config_fields': ['team_id', 'user_id'], 'description': 'Forward ticket to another team/user', 'icon': 'Forward', 'label': 'Forward Ticket', ...}, {'config_fields': ['email_template', 'subject'], 'description': 'Send email to the assigned user', 'icon': 'Mail', 'label': 'Email Assigned User', ...}, {'config_fields': ['email_template', 'subject'], 'description': 'Send email to the requester', 'icon': 'Send', 'label': 'Email Requester', ...}, {'config_fields': ['status'], 'description': 'Change ticket status', 'icon': 'RefreshCw', 'label': 'Update Status', ...}, {'config_fields': ['message', 'recipients'], 'description': 'Send in-app notification', 'icon': 'Bell', 'label': 'Send Notification', ...}, ...]}, list)">backend/tests/test_sla_policies.py:366: in test_workflow_actions_include_apply_sla_policy
    assert isinstance(data, list), "Response should be a list"
E   AssertionError: Response should be a list
E   assert False
E    +  where False = isinstance({'actions': [{'config_fields': ['role_id'], 'description': 'Automatically assign ticket to a role', 'icon': 'UserPlus', 'label': 'Auto-Assign Role', ...}, {'config_fields': ['team_id', 'user_id'], 'description': 'Forward ticket to another team/user', 'icon': 'Forward', 'label': 'Forward Ticket', ...}, {'config_fields': ['email_template', 'subject'], 'description': 'Send email to the assigned user', 'icon': 'Mail', 'label': 'Email Assigned User', ...}, {'config_fields': ['email_template', 'subject'], 'description': 'Send email to the requester', 'icon': 'Send', 'label': 'Email Requester', ...}, {'config_fields': ['status'], 'description': 'Change ticket status', 'icon': 'RefreshCw', 'label': 'Update Status', ...}, {'config_fields': ['message', 'recipients'], 'description': 'Send in-app notification', 'icon': 'Bell', 'label': 'Send Notification', ...}, ...]}, list)</failure></testcase><testcase classname="backend.tests.test_sla_policies.TestRouteRedirects" name="test_old_sla_route_redirect" time="0.000" /><testcase classname="backend.tests.test_sla_policies.TestRouteRedirects" name="test_old_escalation_route_redirect" time="0.000" /><testcase classname="backend.tests.test_sla_policies.TestPolicyTriggerCheck" name="test_trigger_policy_check" time="0.053" /></testsuite></testsuites>