<?xml version="1.0" encoding="utf-8"?><testsuites name="pytest tests"><testsuite name="pytest" errors="0" failures="1" skipped="0" tests="12" time="3.879" timestamp="2026-01-26T22:45:55.452257+00:00" hostname="agent-env-8b8f2dcf-2f98-4dd8-bbff-952b4cbe726c"><testcase classname="backend.tests.test_draft_and_review_reminder.TestDraftCreation" name="test_01_create_draft_order" time="0.355" /><testcase classname="backend.tests.test_draft_and_review_reminder.TestDraftCreation" name="test_02_draft_appears_in_my_requests" time="0.351"><failure message="AssertionError: Draft should appear in requester's orders list&#10;assert False">backend/tests/test_draft_and_review_reminder.py:94: in test_02_draft_appears_in_my_requests
    assert draft_found, "Draft should appear in requester's orders list"
E   AssertionError: Draft should appear in requester's orders list
E   assert False</failure></testcase><testcase classname="backend.tests.test_draft_and_review_reminder.TestDraftCreation" name="test_03_submit_draft_changes_status_to_open" time="0.303" /><testcase classname="backend.tests.test_draft_and_review_reminder.TestDraftCreation" name="test_04_update_draft" time="0.296" /><testcase classname="backend.tests.test_draft_and_review_reminder.TestDraftCreation" name="test_05_cannot_submit_non_draft" time="0.311" /><testcase classname="backend.tests.test_draft_and_review_reminder.TestDraftCreation" name="test_06_draft_not_in_pool" time="0.332" /><testcase classname="backend.tests.test_draft_and_review_reminder.TestReviewReminder" name="test_07_pending_status_sets_review_started_at" time="0.337" /><testcase classname="backend.tests.test_draft_and_review_reminder.TestReviewReminder" name="test_08_message_updates_last_requester_message_at" time="0.286" /><testcase classname="backend.tests.test_draft_and_review_reminder.TestReviewReminder" name="test_09_review_reminder_service_import" time="0.273" /><testcase classname="backend.tests.test_draft_and_review_reminder.TestDraftVisibility" name="test_10_draft_get_by_id_access_control" time="0.280" /><testcase classname="backend.tests.test_draft_and_review_reminder.TestFeatureRequestDraft" name="test_11_feature_request_draft_endpoint_exists" time="0.277" /><testcase classname="backend.tests.test_draft_and_review_reminder.TestBugReportDraft" name="test_12_bug_report_draft_endpoint_exists" time="0.268" /></testsuite></testsuites>