<?xml version="1.0" encoding="utf-8"?><testsuites name="pytest tests"><testsuite name="pytest" errors="0" failures="0" skipped="0" tests="7" time="7.129" timestamp="2026-02-01T00:21:08.003489+00:00" hostname="agent-env-8f062c0f-06a2-45aa-a6a0-63abaa262286"><testcase classname="backend.tests.test_p0_iam_fixes.TestP0IAMFixes" name="test_media_client_without_specialty_should_succeed" time="1.546" /><testcase classname="backend.tests.test_p0_iam_fixes.TestP0IAMFixes" name="test_internal_staff_without_specialty_should_fail" time="0.289" /><testcase classname="backend.tests.test_p0_iam_fixes.TestP0IAMFixes" name="test_create_new_user_with_unique_email_should_succeed" time="1.539" /><testcase classname="backend.tests.test_p0_iam_fixes.TestP0IAMFixes" name="test_duplicate_email_should_fail" time="2.610" /><testcase classname="backend.tests.test_p0_iam_fixes.TestP0IAMFixes" name="test_specialties_not_filtered_by_team" time="0.421" /><testcase classname="backend.tests.test_p0_iam_fixes.TestP0IAMFixes" name="test_partner_requires_subscription_plan" time="0.381" /><testcase classname="backend.tests.test_p0_iam_fixes.TestIdentityConfig" name="test_identity_config_returns_all_options" time="0.273" /></testsuite></testsuites>