<?xml version="1.0" encoding="utf-8"?><testsuites name="pytest tests"><testsuite name="pytest" errors="0" failures="0" skipped="0" tests="13" time="16.358" timestamp="2026-03-05T06:54:51.583534+00:00" hostname="agent-env-3466b7b7-f9c7-45c8-9afc-2ccba123565d"><testcase classname="test_service_templates_mvp.TestServiceTemplatesAPI" name="test_service_templates_returns_9_templates" time="0.534" /><testcase classname="test_service_templates_mvp.TestServiceTemplatesAPI" name="test_video_editing_60s_has_correct_form_schema" time="0.446" /><testcase classname="test_service_templates_mvp.TestServiceTemplatesAPI" name="test_youtube_long_form_has_different_form_schema" time="0.447" /><testcase classname="test_service_templates_mvp.TestServiceTemplatesAPI" name="test_templates_have_hidden_category_l1" time="0.477" /><testcase classname="test_service_templates_mvp.TestServiceTemplatesAPI" name="test_single_template_by_id" time="0.488" /><testcase classname="test_service_templates_mvp.TestOrderCreationWithServiceTemplate" name="test_create_order_with_service_template_id" time="0.473" /><testcase classname="test_service_templates_mvp.TestOrderCreationWithServiceTemplate" name="test_order_auto_resolves_hidden_category_l1" time="3.309" /><testcase classname="test_service_templates_mvp.TestOrderCreationWithServiceTemplate" name="test_youtube_order_has_youtube_specific_fields" time="3.641" /><testcase classname="test_service_templates_mvp.TestOrderCreationWithServiceTemplate" name="test_order_without_service_template_works" time="3.206" /><testcase classname="test_service_templates_mvp.TestServiceTemplateIntegrity" name="test_all_templates_have_form_schema" time="1.907" /><testcase classname="test_service_templates_mvp.TestServiceTemplateIntegrity" name="test_templates_sorted_by_sort_order" time="0.442" /><testcase classname="test_service_templates_mvp.TestServiceTemplateIntegrity" name="test_all_templates_are_client_visible" time="0.418" /><testcase classname="test_service_templates_mvp.TestServiceTemplateIntegrity" name="test_all_templates_are_active" time="0.448" /></testsuite></testsuites>