<?xml version="1.0" encoding="utf-8"?><testsuites name="pytest tests"><testsuite name="pytest" errors="0" failures="0" skipped="0" tests="24" time="3.021" timestamp="2026-02-01T02:52:34.225514+00:00" hostname="agent-env-8f062c0f-06a2-45aa-a6a0-63abaa262286"><testcase classname="tests.test_dashboard_v2.TestDashboardV2Metrics" name="test_metrics_endpoint_returns_200" time="0.439" /><testcase classname="tests.test_dashboard_v2.TestDashboardV2Metrics" name="test_metrics_returns_admin_role_type" time="0.116" /><testcase classname="tests.test_dashboard_v2.TestDashboardV2Metrics" name="test_metrics_contains_kpi_fields" time="0.112" /><testcase classname="tests.test_dashboard_v2.TestDashboardV2Metrics" name="test_metrics_contains_sla_fields" time="0.123" /><testcase classname="tests.test_dashboard_v2.TestDashboardV2Metrics" name="test_metrics_contains_pool_fields_for_admin" time="0.111" /><testcase classname="tests.test_dashboard_v2.TestDashboardV2Metrics" name="test_metrics_contains_workload_fields" time="0.111" /><testcase classname="tests.test_dashboard_v2.TestDashboardV2Metrics" name="test_metrics_contains_trend_data" time="0.123" /><testcase classname="tests.test_dashboard_v2.TestDashboardV2Metrics" name="test_metrics_admin_sees_global_stats" time="0.113" /><testcase classname="tests.test_dashboard_v2.TestDashboardV2TicketLists" name="test_working_on_endpoint" time="0.339" /><testcase classname="tests.test_dashboard_v2.TestDashboardV2TicketLists" name="test_waiting_on_me_endpoint" time="0.037" /><testcase classname="tests.test_dashboard_v2.TestDashboardV2TicketLists" name="test_pending_review_endpoint" time="0.044" /><testcase classname="tests.test_dashboard_v2.TestDashboardV2TicketLists" name="test_recently_delivered_endpoint" time="0.040" /><testcase classname="tests.test_dashboard_v2.TestDashboardV2TicketLists" name="test_recently_delivered_with_days_param" time="0.037" /><testcase classname="tests.test_dashboard_v2.TestDashboardV2TicketLists" name="test_working_on_with_limit_param" time="0.033" /><testcase classname="tests.test_dashboard_v2.TestDashboardV2Charts" name="test_ticket_volume_by_status_endpoint" time="0.341" /><testcase classname="tests.test_dashboard_v2.TestDashboardV2Charts" name="test_ticket_volume_by_status_with_days_param" time="0.046" /><testcase classname="tests.test_dashboard_v2.TestDashboardV2Charts" name="test_ticket_volume_by_category_endpoint" time="0.081" /><testcase classname="tests.test_dashboard_v2.TestDashboardV2Charts" name="test_pool_routing_endpoint_for_admin" time="0.041" /><testcase classname="tests.test_dashboard_v2.TestDashboardV2Unauthorized" name="test_metrics_requires_auth" time="0.036" /><testcase classname="tests.test_dashboard_v2.TestDashboardV2Unauthorized" name="test_working_on_requires_auth" time="0.038" /><testcase classname="tests.test_dashboard_v2.TestDashboardV2Unauthorized" name="test_charts_require_auth" time="0.035" /><testcase classname="tests.test_dashboard_v2.TestDashboardV2DataIntegrity" name="test_kpi_values_are_non_negative" time="0.367" /><testcase classname="tests.test_dashboard_v2.TestDashboardV2DataIntegrity" name="test_sla_values_are_non_negative" time="0.122" /><testcase classname="tests.test_dashboard_v2.TestDashboardV2DataIntegrity" name="test_chart_data_has_correct_structure" time="0.047" /></testsuite></testsuites>