<?xml version="1.0" encoding="utf-8"?><testsuites name="pytest tests"><testsuite name="pytest" errors="0" failures="1" skipped="0" tests="6" time="1.939" timestamp="2026-01-28T20:56:33.220407+00:00" hostname="agent-env-c6bd91ca-8097-462c-8827-b68e9114dd0b"><testcase classname="backend.tests.test_iam_permission_matrix.TestIAMPermissionMatrix" name="test_list_roles" time="0.317" /><testcase classname="backend.tests.test_iam_permission_matrix.TestIAMPermissionMatrix" name="test_get_role_with_permissions" time="0.340" /><testcase classname="backend.tests.test_iam_permission_matrix.TestIAMPermissionMatrix" name="test_update_role_permissions" time="0.355" /><testcase classname="backend.tests.test_iam_permission_matrix.TestIAMPermissionMatrix" name="test_role_permissions_structure" time="0.278" /><testcase classname="backend.tests.test_iam_permission_matrix.TestIAMPermissionMatrix" name="test_system_role_name_protection" time="0.291" /><testcase classname="backend.tests.test_iam_permission_matrix.TestIAMPermissionMatrix" name="test_create_custom_role_with_permissions" time="0.285"><failure message="AssertionError: Failed to create role: {&quot;detail&quot;:&quot;Role with this name already exists&quot;}&#10;assert 400 == 200&#10; +  where 400 = &lt;Response [400]&gt;.status_code">backend/tests/test_iam_permission_matrix.py:193: in test_create_custom_role_with_permissions
    assert create_response.status_code == 200, f"Failed to create role: {create_response.text}"
E   AssertionError: Failed to create role: {"detail":"Role with this name already exists"}
E   assert 400 == 200
E    +  where 400 = &lt;Response [400]&gt;.status_code</failure></testcase></testsuite></testsuites>