<?xml version="1.0" encoding="utf-8"?><testsuites name="pytest tests"><testsuite name="pytest" errors="0" failures="0" skipped="0" tests="39" time="34.022" timestamp="2026-01-26T21:27:12.027185+00:00" hostname="agent-env-df5edb6f-0ae9-435a-ac93-f00643a23ee7"><testcase classname="backend.tests.test_full_qa_pass.TestAuthModule" name="test_login_success" time="0.319" /><testcase classname="backend.tests.test_full_qa_pass.TestAuthModule" name="test_login_invalid_credentials" time="0.300" /><testcase classname="backend.tests.test_full_qa_pass.TestAuthModule" name="test_auth_me_endpoint" time="12.531" /><testcase classname="backend.tests.test_full_qa_pass.TestDashboardModule" name="test_dashboard_stats" time="0.326" /><testcase classname="backend.tests.test_full_qa_pass.TestDashboardModule" name="test_sla_monitoring_stats" time="0.043" /><testcase classname="backend.tests.test_full_qa_pass.TestOrdersModule" name="test_list_orders" time="0.042" /><testcase classname="backend.tests.test_full_qa_pass.TestOrdersModule" name="test_create_order" time="2.091" /><testcase classname="backend.tests.test_full_qa_pass.TestOrdersModule" name="test_get_order_detail" time="0.121" /><testcase classname="backend.tests.test_full_qa_pass.TestOrdersModule" name="test_update_order_status" time="0.124" /><testcase classname="backend.tests.test_full_qa_pass.TestUsersModule" name="test_list_users" time="0.039" /><testcase classname="backend.tests.test_full_qa_pass.TestUsersModule" name="test_get_user_detail" time="0.076" /><testcase classname="backend.tests.test_full_qa_pass.TestTeamsModule" name="test_list_teams" time="0.042" /><testcase classname="backend.tests.test_full_qa_pass.TestTeamsModule" name="test_create_team" time="11.244" /><testcase classname="backend.tests.test_full_qa_pass.TestTeamsModule" name="test_update_team" time="5.279" /><testcase classname="backend.tests.test_full_qa_pass.TestWorkflowsModule" name="test_list_workflows" time="0.041" /><testcase classname="backend.tests.test_full_qa_pass.TestWorkflowsModule" name="test_list_workflow_templates" time="0.041" /><testcase classname="backend.tests.test_full_qa_pass.TestWorkflowsModule" name="test_create_workflow" time="0.041" /><testcase classname="backend.tests.test_full_qa_pass.TestSLAPoliciesModule" name="test_list_sla_policies" time="0.043" /><testcase classname="backend.tests.test_full_qa_pass.TestSLAPoliciesModule" name="test_sla_monitoring_stats" time="0.048" /><testcase classname="backend.tests.test_full_qa_pass.TestSLAPoliciesModule" name="test_sla_at_risk_orders" time="0.042" /><testcase classname="backend.tests.test_full_qa_pass.TestSLAPoliciesModule" name="test_sla_breached_orders" time="0.043" /><testcase classname="backend.tests.test_full_qa_pass.TestSLAPoliciesModule" name="test_escalation_history" time="0.039" /><testcase classname="backend.tests.test_full_qa_pass.TestSLAPoliciesModule" name="test_create_sla_policy" time="0.047" /><testcase classname="backend.tests.test_full_qa_pass.TestCategoriesModule" name="test_list_categories_l1" time="0.038" /><testcase classname="backend.tests.test_full_qa_pass.TestCategoriesModule" name="test_list_categories_l2" time="0.040" /><testcase classname="backend.tests.test_full_qa_pass.TestRolesModule" name="test_list_roles" time="0.037" /><testcase classname="backend.tests.test_full_qa_pass.TestRolesModule" name="test_get_permissions_matrix" time="0.039" /><testcase classname="backend.tests.test_full_qa_pass.TestIntegrationsModule" name="test_list_api_keys" time="0.040" /><testcase classname="backend.tests.test_full_qa_pass.TestIntegrationsModule" name="test_list_webhooks" time="0.044" /><testcase classname="backend.tests.test_full_qa_pass.TestNotificationsModule" name="test_list_notifications" time="0.039" /><testcase classname="backend.tests.test_full_qa_pass.TestAnnouncementsModule" name="test_get_announcement_ticker" time="0.040" /><testcase classname="backend.tests.test_full_qa_pass.TestSettingsModule" name="test_get_ui_settings" time="0.040" /><testcase classname="backend.tests.test_full_qa_pass.TestSettingsModule" name="test_get_smtp_config" time="0.042" /><testcase classname="backend.tests.test_full_qa_pass.TestAccessTiersModule" name="test_list_access_tiers" time="0.040" /><testcase classname="backend.tests.test_full_qa_pass.TestSpecialtiesModule" name="test_list_specialties" time="0.049" /><testcase classname="backend.tests.test_full_qa_pass.TestCleanup" name="test_cleanup_test_orders" time="0.267" /><testcase classname="backend.tests.test_full_qa_pass.TestCleanup" name="test_cleanup_test_teams" time="0.117" /><testcase classname="backend.tests.test_full_qa_pass.TestCleanup" name="test_cleanup_test_workflows" time="0.042" /><testcase classname="backend.tests.test_full_qa_pass.TestCleanup" name="test_cleanup_test_sla_policies" time="0.038" /></testsuite></testsuites>