<?xml version="1.0" encoding="utf-8"?><testsuites name="pytest tests"><testsuite name="pytest" errors="0" failures="0" skipped="0" tests="30" time="54.886" timestamp="2026-01-28T18:15:35.927695+00:00" hostname="agent-env-c6bd91ca-8097-462c-8827-b68e9114dd0b"><testcase classname="backend.tests.test_pool_transitions_and_reports.TestAuthentication" name="test_admin_login" time="0.331" /><testcase classname="backend.tests.test_pool_transitions_and_reports.TestPoolTransitions" name="test_pool_1_endpoint_exists" time="0.310" /><testcase classname="backend.tests.test_pool_transitions_and_reports.TestPoolTransitions" name="test_pool_2_endpoint_exists" time="0.305" /><testcase classname="backend.tests.test_pool_transitions_and_reports.TestPoolTransitions" name="test_invalid_pool_number" time="0.307" /><testcase classname="backend.tests.test_pool_transitions_and_reports.TestPoolTransitions" name="test_force_pool_2_endpoint" time="0.595" /><testcase classname="backend.tests.test_pool_transitions_and_reports.TestPoolTransitions" name="test_pool_filtering_logic" time="0.390" /><testcase classname="backend.tests.test_pool_transitions_and_reports.TestReportsModule" name="test_get_available_reports_returns_13" time="0.298" /><testcase classname="backend.tests.test_pool_transitions_and_reports.TestReportsModule" name="test_generate_tickets_created_report" time="0.305" /><testcase classname="backend.tests.test_pool_transitions_and_reports.TestReportsModule" name="test_generate_tickets_closed_report" time="0.305" /><testcase classname="backend.tests.test_pool_transitions_and_reports.TestReportsModule" name="test_generate_open_ticket_aging_report" time="0.304" /><testcase classname="backend.tests.test_pool_transitions_and_reports.TestReportsModule" name="test_generate_sla_compliance_report" time="0.306" /><testcase classname="backend.tests.test_pool_transitions_and_reports.TestReportsModule" name="test_generate_tickets_by_category_report" time="0.305" /><testcase classname="backend.tests.test_pool_transitions_and_reports.TestReportsModule" name="test_generate_tickets_by_assignee_report" time="0.299" /><testcase classname="backend.tests.test_pool_transitions_and_reports.TestReportsModule" name="test_generate_tickets_by_specialty_report" time="0.301" /><testcase classname="backend.tests.test_pool_transitions_and_reports.TestReportsModule" name="test_generate_avg_first_response_report" time="0.307" /><testcase classname="backend.tests.test_pool_transitions_and_reports.TestReportsModule" name="test_generate_avg_resolution_time_report" time="0.329" /><testcase classname="backend.tests.test_pool_transitions_and_reports.TestReportsModule" name="test_generate_escalation_events_report" time="0.298" /><testcase classname="backend.tests.test_pool_transitions_and_reports.TestReportsModule" name="test_generate_sla_policy_effectiveness_report" time="0.340" /><testcase classname="backend.tests.test_pool_transitions_and_reports.TestReportsModule" name="test_generate_stale_pending_review_report" time="0.344" /><testcase classname="backend.tests.test_pool_transitions_and_reports.TestReportsModule" name="test_generate_tickets_by_team_report" time="0.303" /><testcase classname="backend.tests.test_pool_transitions_and_reports.TestReportsExport" name="test_csv_export_endpoint" time="0.301" /><testcase classname="backend.tests.test_pool_transitions_and_reports.TestReportsExport" name="test_pdf_export_endpoint" time="0.300" /><testcase classname="backend.tests.test_pool_transitions_and_reports.TestReportsExport" name="test_csv_export_tickets_created" time="0.301" /><testcase classname="backend.tests.test_pool_transitions_and_reports.TestReportsExport" name="test_csv_export_open_ticket_aging" time="0.299" /><testcase classname="backend.tests.test_pool_transitions_and_reports.TestReportsWithFilters" name="test_report_with_date_filter" time="0.304" /><testcase classname="backend.tests.test_pool_transitions_and_reports.TestReportsWithFilters" name="test_report_with_status_filter" time="0.298" /><testcase classname="backend.tests.test_pool_transitions_and_reports.TestReportsWithFilters" name="test_report_with_sla_state_filter" time="27.120" /><testcase classname="backend.tests.test_pool_transitions_and_reports.TestReportsWithFilters" name="test_invalid_report_id_returns_404" time="11.555" /><testcase classname="backend.tests.test_pool_transitions_and_reports.TestPoolNotifications" name="test_pool_2_notification_fields_exist" time="0.305" /><testcase classname="backend.tests.test_pool_transitions_and_reports.TestPoolNotifications" name="test_send_pool_assignment_email_function_exists" time="7.407" /></testsuite></testsuites>