<?xml version="1.0" encoding="utf-8"?><testsuites name="pytest tests"><testsuite name="pytest" errors="0" failures="0" skipped="0" tests="28" time="7.006" timestamp="2026-03-05T01:47:58.475975+00:00" hostname="agent-env-fc206a73-d10c-4670-86e8-21fbac77ad84"><testcase classname="backend.tests.test_task_api.TestAuthentication" name="test_admin_login" time="0.682" /><testcase classname="backend.tests.test_task_api.TestAuthentication" name="test_client_login" time="0.461" /><testcase classname="backend.tests.test_task_api.TestCreateTask" name="test_admin_creates_task_with_all_fields" time="0.105" /><testcase classname="backend.tests.test_task_api.TestCreateTask" name="test_admin_creates_task_assigned_to_internal_user" time="0.053" /><testcase classname="backend.tests.test_task_api.TestCreateTask" name="test_admin_creates_task_auto_position" time="0.052" /><testcase classname="backend.tests.test_task_api.TestCreateTask" name="test_non_admin_cannot_create_tasks" time="0.119" /><testcase classname="backend.tests.test_task_api.TestCreateTask" name="test_admin_cannot_create_task_in_different_org" time="0.058" /><testcase classname="backend.tests.test_task_api.TestCreateTask" name="test_assignee_from_different_org_rejected" time="0.049" /><testcase classname="backend.tests.test_task_api.TestListTasks" name="test_setup_tasks_for_visibility_tests" time="0.182" /><testcase classname="backend.tests.test_task_api.TestListTasks" name="test_admin_sees_all_tasks_in_org" time="0.059" /><testcase classname="backend.tests.test_task_api.TestListTasks" name="test_filter_by_status" time="0.063" /><testcase classname="backend.tests.test_task_api.TestListTasks" name="test_filter_by_visibility" time="0.063" /><testcase classname="backend.tests.test_task_api.TestClientVisibility" name="test_client_sees_client_visibility_tasks" time="0.521" /><testcase classname="backend.tests.test_task_api.TestClientVisibility" name="test_client_does_not_see_internal_tasks" time="0.530" /><testcase classname="backend.tests.test_task_api.TestUpdateTask" name="test_admin_updates_title" time="0.106" /><testcase classname="backend.tests.test_task_api.TestUpdateTask" name="test_admin_updates_description" time="0.060" /><testcase classname="backend.tests.test_task_api.TestUpdateTask" name="test_admin_updates_visibility" time="0.111" /><testcase classname="backend.tests.test_task_api.TestUpdateTask" name="test_status_change_to_done_sets_completed_at" time="0.119" /><testcase classname="backend.tests.test_task_api.TestUpdateTask" name="test_status_change_from_done_clears_completed_at" time="0.169" /><testcase classname="backend.tests.test_task_api.TestUpdateTask" name="test_update_nonexistent_task_returns_404" time="0.273" /><testcase classname="backend.tests.test_task_api.TestClientUpdateRestrictions" name="test_client_can_update_status_on_visible_task" time="0.559" /><testcase classname="backend.tests.test_task_api.TestClientUpdateRestrictions" name="test_client_cannot_update_title" time="0.527" /><testcase classname="backend.tests.test_task_api.TestClientUpdateRestrictions" name="test_client_cannot_update_description" time="0.547" /><testcase classname="backend.tests.test_task_api.TestClientUpdateRestrictions" name="test_client_cannot_update_visibility" time="0.538" /><testcase classname="backend.tests.test_task_api.TestClientUpdateRestrictions" name="test_client_cannot_update_internal_task" time="0.580" /><testcase classname="backend.tests.test_task_api.TestReorderTasks" name="test_admin_can_reorder_task" time="0.109" /><testcase classname="backend.tests.test_task_api.TestReorderTasks" name="test_reorder_nonexistent_task_returns_404" time="0.050" /><testcase classname="backend.tests.test_task_api.TestCleanup" name="test_cleanup_test_tasks" time="0.120" /></testsuite></testsuites>