<?xml version="1.0" encoding="utf-8"?><testsuites name="pytest tests"><testsuite name="pytest" errors="0" failures="0" skipped="1" tests="15" time="4.921" timestamp="2026-03-05T02:52:38.471279+00:00" hostname="agent-env-fc206a73-d10c-4670-86e8-21fbac77ad84"><testcase classname="backend.tests.test_task_rbac_account_manager.TestAccountManagerEndpoints" name="test_get_account_manager_returns_info" time="0.603" /><testcase classname="backend.tests.test_task_rbac_account_manager.TestAccountManagerEndpoints" name="test_admin_can_set_account_manager" time="0.352" /><testcase classname="backend.tests.test_task_rbac_account_manager.TestAccountManagerEndpoints" name="test_non_admin_cannot_set_account_manager" time="0.515" /><testcase classname="backend.tests.test_task_rbac_account_manager.TestAccountManagerEndpoints" name="test_cannot_assign_client_as_account_manager" time="0.111" /><testcase classname="backend.tests.test_task_rbac_account_manager.TestAssignableUsers" name="test_admin_gets_all_org_users" time="0.109" /><testcase classname="backend.tests.test_task_rbac_account_manager.TestAssignableUsers" name="test_client_gets_self_and_account_manager" time="0.107" /><testcase classname="backend.tests.test_task_rbac_account_manager.TestClientTaskCreate" name="test_client_can_create_client_visibility_task" time="0.242" /><testcase classname="backend.tests.test_task_rbac_account_manager.TestClientTaskCreate" name="test_client_can_assign_to_account_manager" time="0.224" /><testcase classname="backend.tests.test_task_rbac_account_manager.TestClientTaskCreate" name="test_client_cannot_assign_to_other_users" time="0.128" /><testcase classname="backend.tests.test_task_rbac_account_manager.TestClientTaskCreate" name="test_client_cannot_create_internal_visibility_task" time="0.102" /><testcase classname="backend.tests.test_task_rbac_account_manager.TestClientTaskCreate" name="test_client_can_create_both_visibility_task" time="0.257" /><testcase classname="backend.tests.test_task_rbac_account_manager.TestClientTaskUpdate" name="test_client_can_update_title_on_own_task" time="0.353" /><testcase classname="backend.tests.test_task_rbac_account_manager.TestClientTaskUpdate" name="test_client_can_update_status_on_visible_task" time="0.344" /><testcase classname="backend.tests.test_task_rbac_account_manager.TestClientCannotEditOthersTitle" name="test_client_cannot_update_title_on_others_task" time="1.004" /><testcase classname="backend.tests.test_task_rbac_account_manager.TestInternalUserAssignableUsers" name="test_internal_user_gets_self_managed_clients_and_internal_staff" time="0.342"><skipped type="pytest.skip" message="Could not login as internal user - may have different password">/app/backend/tests/test_task_rbac_account_manager.py:481: Could not login as internal user - may have different password</skipped></testcase></testsuite></testsuites>