<?xml version="1.0" encoding="utf-8"?><testsuites name="pytest tests"><testsuite name="pytest" errors="0" failures="0" skipped="0" tests="18" time="3.621" timestamp="2026-01-26T05:38:53.690187+00:00" hostname="agent-env-cf87cf94-1c16-4b5d-882f-4bec071303a0"><testcase classname="backend.tests.test_escalation.TestEscalationStats" name="test_get_escalation_stats" time="0.364" /><testcase classname="backend.tests.test_escalation.TestEscalationPolicyCRUD" name="test_list_policies_empty_or_existing" time="0.315" /><testcase classname="backend.tests.test_escalation.TestEscalationPolicyCRUD" name="test_create_policy_minimal" time="0.059" /><testcase classname="backend.tests.test_escalation.TestEscalationPolicyCRUD" name="test_create_policy_with_actions" time="0.043" /><testcase classname="backend.tests.test_escalation.TestEscalationPolicyCRUD" name="test_create_policy_duplicate_name_fails" time="0.171" /><testcase classname="backend.tests.test_escalation.TestEscalationPolicyCRUD" name="test_get_policy_by_id" time="0.161" /><testcase classname="backend.tests.test_escalation.TestEscalationPolicyCRUD" name="test_get_policy_not_found" time="0.041" /><testcase classname="backend.tests.test_escalation.TestEscalationPolicyCRUD" name="test_update_policy" time="0.238" /><testcase classname="backend.tests.test_escalation.TestEscalationPolicyCRUD" name="test_delete_policy" time="0.112" /><testcase classname="backend.tests.test_escalation.TestEscalatedOrders" name="test_get_escalated_orders" time="0.294" /><testcase classname="backend.tests.test_escalation.TestEscalatedOrders" name="test_get_escalated_orders_count" time="0.084" /><testcase classname="backend.tests.test_escalation.TestEscalatedOrders" name="test_get_escalated_orders_by_level" time="0.042" /><testcase classname="backend.tests.test_escalation.TestEscalationCheck" name="test_trigger_escalation_check" time="0.305" /><testcase classname="backend.tests.test_escalation.TestEscalationHistory" name="test_get_order_escalation_history_not_found" time="0.302" /><testcase classname="backend.tests.test_escalation.TestEscalationValidation" name="test_create_policy_missing_name" time="0.310" /><testcase classname="backend.tests.test_escalation.TestEscalationValidation" name="test_create_policy_invalid_trigger" time="0.038" /><testcase classname="backend.tests.test_escalation.TestEscalationValidation" name="test_create_policy_cooldown_too_low" time="0.041" /><testcase classname="backend.tests.test_escalation.TestCleanup" name="test_cleanup_test_policies" time="0.619" /></testsuite></testsuites>