<?xml version="1.0" encoding="utf-8"?><testsuites name="pytest tests"><testsuite name="pytest" errors="0" failures="4" skipped="0" tests="15" time="5.694" timestamp="2026-01-26T19:21:25.191724+00:00" hostname="agent-env-df5edb6f-0ae9-435a-ac93-f00643a23ee7"><testcase classname="backend.tests.test_workflow_targeting.TestWorkflowTemplates" name="test_templates_returns_object_with_templates_and_categories" time="0.415" /><testcase classname="backend.tests.test_workflow_targeting.TestWorkflowTemplates" name="test_templates_returns_6_templates" time="0.320" /><testcase classname="backend.tests.test_workflow_targeting.TestWorkflowTemplates" name="test_templates_returns_6_categories" time="0.332" /><testcase classname="backend.tests.test_workflow_targeting.TestWorkflowTemplates" name="test_templates_filter_by_category" time="0.313" /><testcase classname="backend.tests.test_workflow_targeting.TestWorkflowTemplates" name="test_template_structure" time="0.310" /><testcase classname="backend.tests.test_workflow_targeting.TestWorkflowSpecialtyAccessTierFields" name="test_workflows_list_has_specialty_fields" time="0.304" /><testcase classname="backend.tests.test_workflow_targeting.TestWorkflowSpecialtyAccessTierFields" name="test_workflows_list_has_access_tier_fields" time="0.300" /><testcase classname="backend.tests.test_workflow_targeting.TestWorkflowSpecialtyTargeting" name="test_create_workflow_with_specialties" time="0.398"><failure message="AssertionError: Failed to create workflow: {&quot;detail&quot;:&quot;Permission denied&quot;}&#10;assert 403 == 200&#10; +  where 403 = &lt;Response [403]&gt;.status_code">backend/tests/test_workflow_targeting.py:164: in test_create_workflow_with_specialties
    assert response.status_code == 200, f"Failed to create workflow: {response.text}"
E   AssertionError: Failed to create workflow: {"detail":"Permission denied"}
E   assert 403 == 200
E    +  where 403 = &lt;Response [403]&gt;.status_code</failure></testcase><testcase classname="backend.tests.test_workflow_targeting.TestWorkflowSpecialtyTargeting" name="test_create_workflow_with_access_tiers" time="0.414"><failure message="AssertionError: Failed to create workflow: {&quot;detail&quot;:&quot;Permission denied&quot;}&#10;assert 403 == 200&#10; +  where 403 = &lt;Response [403]&gt;.status_code">backend/tests/test_workflow_targeting.py:194: in test_create_workflow_with_access_tiers
    assert response.status_code == 200, f"Failed to create workflow: {response.text}"
E   AssertionError: Failed to create workflow: {"detail":"Permission denied"}
E   assert 403 == 200
E    +  where 403 = &lt;Response [403]&gt;.status_code</failure></testcase><testcase classname="backend.tests.test_workflow_targeting.TestWorkflowSpecialtyTargeting" name="test_update_workflow_specialties_via_patch" time="0.390"><failure message="assert 403 == 200&#10; +  where 403 = &lt;Response [403]&gt;.status_code">backend/tests/test_workflow_targeting.py:222: in test_update_workflow_specialties_via_patch
    assert create_response.status_code == 200
E   assert 403 == 200
E    +  where 403 = &lt;Response [403]&gt;.status_code</failure></testcase><testcase classname="backend.tests.test_workflow_targeting.TestWorkflowSpecialtyTargeting" name="test_update_workflow_access_tiers_via_patch" time="0.407"><failure message="assert 403 == 200&#10; +  where 403 = &lt;Response [403]&gt;.status_code">backend/tests/test_workflow_targeting.py:266: in test_update_workflow_access_tiers_via_patch
    assert create_response.status_code == 200
E   assert 403 == 200
E    +  where 403 = &lt;Response [403]&gt;.status_code</failure></testcase><testcase classname="backend.tests.test_workflow_targeting.TestWorkflowBySpecialtyAndTier" name="test_get_workflows_by_specialty" time="0.444" /><testcase classname="backend.tests.test_workflow_targeting.TestWorkflowBySpecialtyAndTier" name="test_get_workflows_by_access_tier" time="0.443" /><testcase classname="backend.tests.test_workflow_targeting.TestSpecialtiesAndAccessTiersExist" name="test_specialties_exist" time="0.354" /><testcase classname="backend.tests.test_workflow_targeting.TestSpecialtiesAndAccessTiersExist" name="test_access_tiers_exist" time="0.306" /></testsuite></testsuites>