<?xml version="1.0" encoding="utf-8"?><testsuites name="pytest tests"><testsuite name="pytest" errors="0" failures="0" skipped="1" tests="12" time="27.674" timestamp="2026-01-28T23:57:48.939232+00:00" hostname="agent-env-80894739-2181-4b06-bc58-96ba8838070c"><testcase classname="tests.test_email_notifications.TestEmailNotifications" name="test_01_create_test_order_for_email_testing" time="0.386" /><testcase classname="tests.test_email_notifications.TestEmailNotifications" name="test_02_pick_order_triggers_in_progress_email" time="5.044" /><testcase classname="tests.test_email_notifications.TestEmailNotifications" name="test_03_submit_for_review_triggers_pending_email" time="0.285"><skipped type="pytest.skip" message="Admin not assigned as editor">/app/backend/tests/test_email_notifications.py:102: Admin not assigned as editor</skipped></testcase><testcase classname="tests.test_email_notifications.TestEmailNotifications" name="test_04_close_order_triggers_closed_email" time="0.307" /><testcase classname="tests.test_email_notifications.TestEmailNotifications" name="test_05_reopen_order_triggers_reopened_email" time="2.068" /><testcase classname="tests.test_email_notifications.TestEmailNotifications" name="test_06_reassign_order_triggers_reassigned_email" time="0.314" /><testcase classname="tests.test_email_notifications.TestEmailNotifications" name="test_07_verify_email_service_functions_exist" time="1.178" /><testcase classname="tests.test_email_notifications.TestEmailNotifications" name="test_08_verify_email_templates_exist" time="0.262" /><testcase classname="tests.test_email_notifications.TestEmailNotificationEndpoints" name="test_close_endpoint_sends_email" time="2.304" /><testcase classname="tests.test_email_notifications.TestEmailNotificationEndpoints" name="test_reopen_endpoint_sends_email" time="3.727" /><testcase classname="tests.test_email_notifications.TestEmailNotificationEndpoints" name="test_reassign_endpoint_sends_email" time="4.886" /><testcase classname="tests.test_email_notifications.TestStatusChangeEmailTriggers" name="test_full_ticket_lifecycle_emails" time="6.846" /></testsuite></testsuites>