<?xml version="1.0" encoding="utf-8"?><testsuites name="pytest tests"><testsuite name="pytest" errors="0" failures="0" skipped="0" tests="24" time="9.049" timestamp="2026-01-26T18:39:07.729686+00:00" hostname="agent-env-3307c672-3387-4c7c-bb9a-ae021c867c5e"><testcase classname="tests.test_iam_refactor.TestAuth" name="test_admin_login_success" time="0.354" /><testcase classname="tests.test_iam_refactor.TestRolesAPI" name="test_list_roles_returns_3_system_roles" time="0.303" /><testcase classname="tests.test_iam_refactor.TestRolesAPI" name="test_roles_have_permission_matrix" time="0.311" /><testcase classname="tests.test_iam_refactor.TestRolesAPI" name="test_administrator_has_full_permissions" time="0.316" /><testcase classname="tests.test_iam_refactor.TestRolesAPI" name="test_standard_user_has_limited_permissions" time="0.310" /><testcase classname="tests.test_iam_refactor.TestRolesAPI" name="test_get_role_by_id" time="0.348" /><testcase classname="tests.test_iam_refactor.TestRolesAPI" name="test_update_role_permissions" time="0.379" /><testcase classname="tests.test_iam_refactor.TestRolesAPI" name="test_reset_role_to_defaults" time="0.357" /><testcase classname="tests.test_iam_refactor.TestRolesAPI" name="test_get_permission_modules" time="0.297" /><testcase classname="tests.test_iam_refactor.TestSpecialtiesAPI" name="test_list_specialties" time="0.314" /><testcase classname="tests.test_iam_refactor.TestSpecialtiesAPI" name="test_create_specialty" time="0.357" /><testcase classname="tests.test_iam_refactor.TestSpecialtiesAPI" name="test_create_duplicate_specialty_fails" time="0.385" /><testcase classname="tests.test_iam_refactor.TestSpecialtiesAPI" name="test_delete_specialty" time="0.336" /><testcase classname="tests.test_iam_refactor.TestAccessTiersAPI" name="test_list_access_tiers" time="0.301" /><testcase classname="tests.test_iam_refactor.TestAccessTiersAPI" name="test_create_access_tier" time="0.406" /><testcase classname="tests.test_iam_refactor.TestAccessTiersAPI" name="test_create_duplicate_tier_fails" time="0.381" /><testcase classname="tests.test_iam_refactor.TestAccessTiersAPI" name="test_delete_access_tier" time="0.343" /><testcase classname="tests.test_iam_refactor.TestUsersAPI" name="test_list_users_has_iam_fields" time="0.305" /><testcase classname="tests.test_iam_refactor.TestUsersAPI" name="test_create_user_with_iam_fields" time="0.654" /><testcase classname="tests.test_iam_refactor.TestUsersAPI" name="test_create_user_with_invalid_role_fails" time="0.300" /><testcase classname="tests.test_iam_refactor.TestUsersAPI" name="test_update_user_role" time="0.605" /><testcase classname="tests.test_iam_refactor.TestUsersAPI" name="test_user_permission_overrides" time="0.559" /><testcase classname="tests.test_iam_refactor.TestUsersAPI" name="test_get_user_permissions_modules" time="0.306" /><testcase classname="tests.test_iam_refactor.TestTeamsAPI" name="test_list_teams" time="0.302" /></testsuite></testsuites>