<?xml version="1.0" encoding="utf-8"?><testsuites name="pytest tests"><testsuite name="pytest" errors="0" failures="0" skipped="0" tests="22" time="4.617" timestamp="2026-01-25T22:20:16.283035+00:00" hostname="agent-env-c6797f84-f99f-4264-a6d0-08c5bfcc2b70"><testcase classname="backend.tests.test_p1_features.TestAnnouncementTicker" name="test_get_announcement_ticker" time="0.335" /><testcase classname="backend.tests.test_p1_features.TestAnnouncementTicker" name="test_update_announcement_ticker" time="0.088" /><testcase classname="backend.tests.test_p1_features.TestLogs" name="test_get_system_logs" time="0.323" /><testcase classname="backend.tests.test_p1_features.TestLogs" name="test_get_api_logs" time="0.078" /><testcase classname="backend.tests.test_p1_features.TestLogs" name="test_get_ui_logs" time="0.041" /><testcase classname="backend.tests.test_p1_features.TestLogs" name="test_get_user_logs" time="0.055" /><testcase classname="backend.tests.test_p1_features.TestLogs" name="test_create_log_entry" time="0.043" /><testcase classname="backend.tests.test_p1_features.TestApiKeys" name="test_list_api_keys" time="0.302" /><testcase classname="backend.tests.test_p1_features.TestApiKeys" name="test_create_api_key" time="0.038" /><testcase classname="backend.tests.test_p1_features.TestApiKeys" name="test_delete_api_key" time="0.123" /><testcase classname="backend.tests.test_p1_features.TestWebhooks" name="test_list_webhooks" time="0.319" /><testcase classname="backend.tests.test_p1_features.TestWebhooks" name="test_create_webhook" time="0.040" /><testcase classname="backend.tests.test_p1_features.TestWebhooks" name="test_delete_webhook" time="0.080" /><testcase classname="backend.tests.test_p1_features.TestSLA" name="test_list_slas" time="0.305" /><testcase classname="backend.tests.test_p1_features.TestSLA" name="test_create_sla" time="0.078" /><testcase classname="backend.tests.test_p1_features.TestSLA" name="test_delete_sla" time="0.127" /><testcase classname="backend.tests.test_p1_features.TestUserProvisioning" name="test_create_user_with_force_password_change" time="0.583" /><testcase classname="backend.tests.test_p1_features.TestUserProvisioning" name="test_create_user_with_force_otp_setup" time="0.307" /><testcase classname="backend.tests.test_p1_features.TestUserProvisioning" name="test_create_user_with_team_assignment" time="0.393" /><testcase classname="backend.tests.test_p1_features.TestUserProvisioning" name="test_update_user_security_flags" time="0.350" /><testcase classname="backend.tests.test_p1_features.TestWorkflowTriggers" name="test_get_categories_l2_with_triggers" time="0.357" /><testcase classname="backend.tests.test_p1_features.TestWorkflowTriggers" name="test_update_category_trigger" time="0.178" /></testsuite></testsuites>