<?xml version="1.0" encoding="utf-8"?><testsuites name="pytest tests"><testsuite name="pytest" errors="0" failures="4" skipped="0" tests="23" time="8.189" timestamp="2026-01-28T02:51:31.599015+00:00" hostname="agent-env-2891aed9-c603-4b3b-b028-9c2596881be5"><testcase classname="backend.tests.test_uat_p0_blockers.TestAuthentication" name="test_admin_login" time="0.334" /><testcase classname="backend.tests.test_uat_p0_blockers.TestUserCreationErrorHandling" name="test_create_user_invalid_email_returns_error" time="0.383" /><testcase classname="backend.tests.test_uat_p0_blockers.TestUserCreationErrorHandling" name="test_create_user_missing_required_fields" time="0.305" /><testcase classname="backend.tests.test_uat_p0_blockers.TestUserCreationErrorHandling" name="test_create_user_valid_data_succeeds" time="0.635" /><testcase classname="backend.tests.test_uat_p0_blockers.TestTicketCreationPersistence" name="test_create_order_persists" time="0.421" /><testcase classname="backend.tests.test_uat_p0_blockers.TestTicketCreationPersistence" name="test_create_bug_report_persists" time="0.351" /><testcase classname="backend.tests.test_uat_p0_blockers.TestReportsAccess" name="test_reports_available_endpoint" time="0.307" /><testcase classname="backend.tests.test_uat_p0_blockers.TestReportsAccess" name="test_generate_report" time="0.298" /><testcase classname="backend.tests.test_uat_p0_blockers.TestLogsAccess" name="test_system_logs_access" time="0.298"><failure message="AssertionError: System logs access failed: {&quot;detail&quot;:&quot;Not Found&quot;}&#10;assert 404 == 200&#10; +  where 404 = &lt;Response [404]&gt;.status_code">backend/tests/test_uat_p0_blockers.py:261: in test_system_logs_access
    assert response.status_code == 200, f"System logs access failed: {response.text}"
E   AssertionError: System logs access failed: {"detail":"Not Found"}
E   assert 404 == 200
E    +  where 404 = &lt;Response [404]&gt;.status_code</failure></testcase><testcase classname="backend.tests.test_uat_p0_blockers.TestLogsAccess" name="test_api_logs_access" time="0.294"><failure message="AssertionError: API logs access failed: {&quot;detail&quot;:&quot;Not Found&quot;}&#10;assert 404 == 200&#10; +  where 404 = &lt;Response [404]&gt;.status_code">backend/tests/test_uat_p0_blockers.py:268: in test_api_logs_access
    assert response.status_code == 200, f"API logs access failed: {response.text}"
E   AssertionError: API logs access failed: {"detail":"Not Found"}
E   assert 404 == 200
E    +  where 404 = &lt;Response [404]&gt;.status_code</failure></testcase><testcase classname="backend.tests.test_uat_p0_blockers.TestLogsAccess" name="test_ui_logs_access" time="0.298"><failure message="AssertionError: UI logs access failed: {&quot;detail&quot;:&quot;Not Found&quot;}&#10;assert 404 == 200&#10; +  where 404 = &lt;Response [404]&gt;.status_code">backend/tests/test_uat_p0_blockers.py:273: in test_ui_logs_access
    assert response.status_code == 200, f"UI logs access failed: {response.text}"
E   AssertionError: UI logs access failed: {"detail":"Not Found"}
E   assert 404 == 200
E    +  where 404 = &lt;Response [404]&gt;.status_code</failure></testcase><testcase classname="backend.tests.test_uat_p0_blockers.TestLogsAccess" name="test_user_logs_access" time="0.304"><failure message="AssertionError: User logs access failed: {&quot;detail&quot;:&quot;Not Found&quot;}&#10;assert 404 == 200&#10; +  where 404 = &lt;Response [404]&gt;.status_code">backend/tests/test_uat_p0_blockers.py:278: in test_user_logs_access
    assert response.status_code == 200, f"User logs access failed: {response.text}"
E   AssertionError: User logs access failed: {"detail":"Not Found"}
E   assert 404 == 200
E    +  where 404 = &lt;Response [404]&gt;.status_code</failure></testcase><testcase classname="backend.tests.test_uat_p0_blockers.TestAdminReopenCapability" name="test_reopen_closed_ticket" time="0.463" /><testcase classname="backend.tests.test_uat_p0_blockers.TestIAMCRUD" name="test_list_roles" time="0.300" /><testcase classname="backend.tests.test_uat_p0_blockers.TestIAMCRUD" name="test_create_role" time="0.351" /><testcase classname="backend.tests.test_uat_p0_blockers.TestIAMCRUD" name="test_list_account_types" time="0.302" /><testcase classname="backend.tests.test_uat_p0_blockers.TestIAMCRUD" name="test_create_account_type" time="0.375" /><testcase classname="backend.tests.test_uat_p0_blockers.TestIAMCRUD" name="test_list_specialties" time="0.320" /><testcase classname="backend.tests.test_uat_p0_blockers.TestIAMCRUD" name="test_create_specialty" time="0.338" /><testcase classname="backend.tests.test_uat_p0_blockers.TestIAMCRUD" name="test_list_teams" time="0.301" /><testcase classname="backend.tests.test_uat_p0_blockers.TestIAMCRUD" name="test_create_team" time="0.380" /><testcase classname="backend.tests.test_uat_p0_blockers.TestIAMCRUD" name="test_list_plans" time="0.303" /><testcase classname="backend.tests.test_uat_p0_blockers.TestIAMCRUD" name="test_create_plan" time="0.344" /></testsuite></testsuites>