<?xml version="1.0" encoding="utf-8"?><testsuites name="pytest tests"><testsuite name="pytest" errors="0" failures="0" skipped="0" tests="7" time="18.373" timestamp="2026-03-05T06:55:55.427046+00:00" hostname="agent-env-3466b7b7-f9c7-45c8-9afc-2ccba123565d"><testcase classname="test_p1_request_detail.TestRequestDetailWithServiceTemplate" name="test_create_order_with_service_fields_and_verify" time="2.485" /><testcase classname="test_p1_request_detail.TestRequestDetailWithServiceTemplate" name="test_order_response_includes_service_badge_data" time="0.435" /><testcase classname="test_p1_request_detail.TestLinkedTasks" name="test_tasks_endpoint_accepts_request_id_filter" time="5.111" /><testcase classname="test_p1_request_detail.TestLinkedTasks" name="test_tasks_endpoint_returns_empty_for_order_without_tasks" time="3.488" /><testcase classname="test_p1_request_detail.TestMyRequestsServiceName" name="test_my_requests_includes_service_name" time="3.431" /><testcase classname="test_p1_request_detail.TestRequestDetailSidebarFields" name="test_order_response_has_sidebar_fields" time="2.903" /><testcase classname="test_p1_request_detail.TestNoL1L2CategoryVisibility" name="test_service_templates_dont_expose_l1_l2_to_clients" time="0.453" /></testsuite></testsuites>