<?xml version="1.0" encoding="utf-8"?><testsuites name="pytest tests"><testsuite name="pytest" errors="0" failures="1" skipped="0" tests="13" time="14.470" timestamp="2026-01-29T03:26:56.178663+00:00" hostname="agent-env-385d8e7f-0cfc-40f5-bf1a-12fddc4c203d"><testcase classname="backend.tests.test_multi_specialty_support.TestMultiSpecialtySupport" name="test_01_create_user_with_multiple_specialties" time="2.003" /><testcase classname="backend.tests.test_multi_specialty_support.TestMultiSpecialtySupport" name="test_02_create_user_with_legacy_single_specialty" time="1.719" /><testcase classname="backend.tests.test_multi_specialty_support.TestMultiSpecialtySupport" name="test_03_edit_user_add_specialties" time="1.762" /><testcase classname="backend.tests.test_multi_specialty_support.TestMultiSpecialtySupport" name="test_04_edit_user_remove_specialties" time="2.818" /><testcase classname="backend.tests.test_multi_specialty_support.TestMultiSpecialtySupport" name="test_05_primary_specialty_validation" time="0.513" /><testcase classname="backend.tests.test_multi_specialty_support.TestMultiSpecialtySupport" name="test_06_at_least_one_specialty_required" time="0.535" /><testcase classname="backend.tests.test_multi_specialty_support.TestMultiSpecialtySupport" name="test_07_migration_endpoint_exists" time="0.527" /><testcase classname="backend.tests.test_multi_specialty_support.TestMultiSpecialtySupport" name="test_08_user_list_shows_multiple_specialties" time="0.524" /><testcase classname="backend.tests.test_multi_specialty_support.TestMultiSpecialtySupport" name="test_09_existing_multi_specialty_user" time="0.768"><failure message="AssertionError: User should have specialty_ids&#10;assert ('specialty_ids' in {'access_tier_id': None, 'access_tier_name': None, 'account_type': 'Internal Staff', 'active': True, ...} or 0 &gt; 0)&#10; +  where 0 = len([])&#10; +    where [] = &lt;built-in method get of dict object at 0xfa271b06cf00&gt;('specialty_ids', [])&#10; +      where &lt;built-in method get of dict object at 0xfa271b06cf00&gt; = {'access_tier_id': None, 'access_tier_name': None, 'account_type': 'Internal Staff', 'active': True, ...}.get">backend/tests/test_multi_specialty_support.py:312: in test_09_existing_multi_specialty_user
    assert "specialty_ids" in user or len(user.get("specialty_ids", [])) &gt; 0, "User should have specialty_ids"
E   AssertionError: User should have specialty_ids
E   assert ('specialty_ids' in {'access_tier_id': None, 'access_tier_name': None, 'account_type': 'Internal Staff', 'active': True, ...} or 0 &gt; 0)
E    +  where 0 = len([])
E    +    where [] = &lt;built-in method get of dict object at 0xfa271b06cf00&gt;('specialty_ids', [])
E    +      where &lt;built-in method get of dict object at 0xfa271b06cf00&gt; = {'access_tier_id': None, 'access_tier_name': None, 'account_type': 'Internal Staff', 'active': True, ...}.get</failure></testcase><testcase classname="backend.tests.test_multi_specialty_support.TestPoolRoutingMultiSpecialty" name="test_10_pool_routing_query_uses_or_for_specialty_ids" time="0.477" /><testcase classname="backend.tests.test_multi_specialty_support.TestPoolRoutingMultiSpecialty" name="test_11_user_with_multiple_specialties_matches_any" time="0.475" /><testcase classname="backend.tests.test_multi_specialty_support.TestUserDialogMultiSpecialty" name="test_12_api_accepts_specialty_ids_array" time="1.677" /><testcase classname="backend.tests.test_multi_specialty_support.TestUserDialogMultiSpecialty" name="test_13_api_returns_specialties_with_is_primary_flag" time="0.438" /></testsuite></testsuites>