<?xml version="1.0" encoding="utf-8"?><testsuites name="pytest tests"><testsuite name="pytest" errors="0" failures="0" skipped="0" tests="15" time="6.488" timestamp="2026-01-26T19:22:52.675056+00:00" hostname="agent-env-df5edb6f-0ae9-435a-ac93-f00643a23ee7"><testcase classname="backend.tests.test_workflow_targeting.TestWorkflowTemplates" name="test_templates_returns_object_with_templates_and_categories" time="0.423" /><testcase classname="backend.tests.test_workflow_targeting.TestWorkflowTemplates" name="test_templates_returns_6_templates" time="0.355" /><testcase classname="backend.tests.test_workflow_targeting.TestWorkflowTemplates" name="test_templates_returns_6_categories" time="0.351" /><testcase classname="backend.tests.test_workflow_targeting.TestWorkflowTemplates" name="test_templates_filter_by_category" time="0.329" /><testcase classname="backend.tests.test_workflow_targeting.TestWorkflowTemplates" name="test_template_structure" time="0.309" /><testcase classname="backend.tests.test_workflow_targeting.TestWorkflowSpecialtyAccessTierFields" name="test_workflows_list_has_specialty_fields" time="0.321" /><testcase classname="backend.tests.test_workflow_targeting.TestWorkflowSpecialtyAccessTierFields" name="test_workflows_list_has_access_tier_fields" time="0.327" /><testcase classname="backend.tests.test_workflow_targeting.TestWorkflowSpecialtyTargeting" name="test_create_workflow_with_specialties" time="0.488" /><testcase classname="backend.tests.test_workflow_targeting.TestWorkflowSpecialtyTargeting" name="test_create_workflow_with_access_tiers" time="0.501" /><testcase classname="backend.tests.test_workflow_targeting.TestWorkflowSpecialtyTargeting" name="test_update_workflow_specialties_via_patch" time="0.643" /><testcase classname="backend.tests.test_workflow_targeting.TestWorkflowSpecialtyTargeting" name="test_update_workflow_access_tiers_via_patch" time="0.590" /><testcase classname="backend.tests.test_workflow_targeting.TestWorkflowBySpecialtyAndTier" name="test_get_workflows_by_specialty" time="0.493" /><testcase classname="backend.tests.test_workflow_targeting.TestWorkflowBySpecialtyAndTier" name="test_get_workflows_by_access_tier" time="0.440" /><testcase classname="backend.tests.test_workflow_targeting.TestSpecialtiesAndAccessTiersExist" name="test_specialties_exist" time="0.380" /><testcase classname="backend.tests.test_workflow_targeting.TestSpecialtiesAndAccessTiersExist" name="test_access_tiers_exist" time="0.322" /></testsuite></testsuites>