<?xml version="1.0" encoding="utf-8"?><testsuites name="pytest tests"><testsuite name="pytest" errors="0" failures="0" skipped="0" tests="15" time="4.110" timestamp="2026-01-24T05:05:32.057597+00:00" hostname="agent-env-a7f02e90-51f7-4491-83a5-62062ca0b42a"><testcase classname="backend.tests.test_v2_command_center.TestAuth" name="test_admin_login" time="0.325" /><testcase classname="backend.tests.test_v2_command_center.TestAuth" name="test_get_me" time="0.121" /><testcase classname="backend.tests.test_v2_command_center.TestCategoriesL1" name="test_list_categories_l1" time="0.299" /><testcase classname="backend.tests.test_v2_command_center.TestCategoriesL1" name="test_create_category_l1" time="0.119" /><testcase classname="backend.tests.test_v2_command_center.TestCategoriesL2" name="test_list_categories_l2" time="0.376" /><testcase classname="backend.tests.test_v2_command_center.TestCategoriesL2" name="test_create_category_l2" time="0.033" /><testcase classname="backend.tests.test_v2_command_center.TestFeatureRequests" name="test_create_feature_request" time="0.552" /><testcase classname="backend.tests.test_v2_command_center.TestFeatureRequests" name="test_list_feature_requests" time="0.035" /><testcase classname="backend.tests.test_v2_command_center.TestBugReports" name="test_create_bug_report" time="0.415" /><testcase classname="backend.tests.test_v2_command_center.TestBugReports" name="test_list_bug_reports" time="0.038" /><testcase classname="backend.tests.test_v2_command_center.TestMyRequests" name="test_get_my_requests" time="0.290" /><testcase classname="backend.tests.test_v2_command_center.TestProfile" name="test_update_profile" time="0.408" /><testcase classname="backend.tests.test_v2_command_center.TestProfile" name="test_change_password_wrong_current" time="0.265" /><testcase classname="backend.tests.test_v2_command_center.TestDashboard" name="test_dashboard_stats" time="0.336" /><testcase classname="backend.tests.test_v2_command_center.TestEditingOrders" name="test_create_editing_order" time="0.373" /></testsuite></testsuites>