<?xml version="1.0" encoding="utf-8"?><testsuites name="pytest tests"><testsuite name="pytest" errors="0" failures="0" skipped="0" tests="20" time="10.799" timestamp="2026-01-26T01:28:43.522286+00:00" hostname="agent-env-c1453b6b-5c4b-42a2-ba49-144d2d7f5496"><testcase classname="backend.tests.test_webhooks_apikeys.TestWebhooksAndApiKeys" name="test_list_api_keys" time="0.651" /><testcase classname="backend.tests.test_webhooks_apikeys.TestWebhooksAndApiKeys" name="test_create_api_key_read_only" time="0.418" /><testcase classname="backend.tests.test_webhooks_apikeys.TestWebhooksAndApiKeys" name="test_create_api_key_read_write" time="0.369" /><testcase classname="backend.tests.test_webhooks_apikeys.TestWebhooksAndApiKeys" name="test_delete_api_key" time="0.411" /><testcase classname="backend.tests.test_webhooks_apikeys.TestWebhooksAndApiKeys" name="test_delete_nonexistent_api_key" time="0.382" /><testcase classname="backend.tests.test_webhooks_apikeys.TestWebhooksAndApiKeys" name="test_list_webhooks" time="0.312" /><testcase classname="backend.tests.test_webhooks_apikeys.TestWebhooksAndApiKeys" name="test_create_webhook_outgoing" time="0.385" /><testcase classname="backend.tests.test_webhooks_apikeys.TestWebhooksAndApiKeys" name="test_create_webhook_incoming" time="0.383" /><testcase classname="backend.tests.test_webhooks_apikeys.TestWebhooksAndApiKeys" name="test_update_webhook_toggle_active" time="0.373" /><testcase classname="backend.tests.test_webhooks_apikeys.TestWebhooksAndApiKeys" name="test_delete_webhook" time="0.434" /><testcase classname="backend.tests.test_webhooks_apikeys.TestWebhooksAndApiKeys" name="test_delete_nonexistent_webhook" time="0.293" /><testcase classname="backend.tests.test_webhooks_apikeys.TestWebhooksAndApiKeys" name="test_send_test_webhook_success" time="0.632" /><testcase classname="backend.tests.test_webhooks_apikeys.TestWebhooksAndApiKeys" name="test_send_test_webhook_failure" time="0.447" /><testcase classname="backend.tests.test_webhooks_apikeys.TestWebhooksAndApiKeys" name="test_test_nonexistent_webhook" time="0.346" /><testcase classname="backend.tests.test_webhooks_apikeys.TestWebhooksAndApiKeys" name="test_get_webhook_logs" time="0.876" /><testcase classname="backend.tests.test_webhooks_apikeys.TestWebhooksAndApiKeys" name="test_list_all_webhook_logs" time="0.362" /><testcase classname="backend.tests.test_webhooks_apikeys.TestWebhooksAndApiKeys" name="test_webhook_triggers_on_order_created" time="3.441" /><testcase classname="backend.tests.test_webhooks_apikeys.TestWebhooksUnauthorized" name="test_list_webhooks_unauthorized" time="0.060" /><testcase classname="backend.tests.test_webhooks_apikeys.TestWebhooksUnauthorized" name="test_create_webhook_unauthorized" time="0.036" /><testcase classname="backend.tests.test_webhooks_apikeys.TestWebhooksUnauthorized" name="test_list_api_keys_unauthorized" time="0.035" /></testsuite></testsuites>