<?xml version="1.0" encoding="utf-8"?><testsuites name="pytest tests"><testsuite name="pytest" errors="0" failures="0" skipped="2" tests="17" time="5.907" timestamp="2026-01-26T23:19:34.213985+00:00" hostname="agent-env-8b8f2dcf-2f98-4dd8-bbff-952b4cbe726c"><testcase classname="backend.tests.test_reports_and_command_center.TestAuthentication" name="test_admin_login" time="0.327" /><testcase classname="backend.tests.test_reports_and_command_center.TestReportsModule" name="test_get_available_reports" time="0.301" /><testcase classname="backend.tests.test_reports_and_command_center.TestReportsModule" name="test_generate_sla_compliance_report" time="0.307" /><testcase classname="backend.tests.test_reports_and_command_center.TestReportsModule" name="test_generate_tickets_created_report" time="0.301" /><testcase classname="backend.tests.test_reports_and_command_center.TestReportsModule" name="test_generate_stale_pending_review_report" time="0.301" /><testcase classname="backend.tests.test_reports_and_command_center.TestReportsModule" name="test_generate_tickets_by_assignee_report" time="0.337" /><testcase classname="backend.tests.test_reports_and_command_center.TestReportsModule" name="test_generate_open_ticket_aging_report" time="0.309" /><testcase classname="backend.tests.test_reports_and_command_center.TestReportsModule" name="test_export_csv" time="0.299" /><testcase classname="backend.tests.test_reports_and_command_center.TestReportsModule" name="test_export_pdf_data" time="0.303" /><testcase classname="backend.tests.test_reports_and_command_center.TestReportsModule" name="test_report_with_filters" time="0.339" /><testcase classname="backend.tests.test_reports_and_command_center.TestReportsModule" name="test_invalid_report_id" time="0.294" /><testcase classname="backend.tests.test_reports_and_command_center.TestCategoriesForCommandCenter" name="test_get_categories_l1" time="0.311" /><testcase classname="backend.tests.test_reports_and_command_center.TestCategoriesForCommandCenter" name="test_get_categories_l2" time="0.338" /><testcase classname="backend.tests.test_reports_and_command_center.TestOrdersForCommandCenter" name="test_create_draft_order" time="0.294"><skipped type="pytest.skip" message="No L1 categories available">/app/backend/tests/test_reports_and_command_center.py:355: No L1 categories available</skipped></testcase><testcase classname="backend.tests.test_reports_and_command_center.TestOrdersForCommandCenter" name="test_submit_order_requires_l1_l2" time="0.298"><skipped type="pytest.skip" message="No L1 categories available">/app/backend/tests/test_reports_and_command_center.py:395: No L1 categories available</skipped></testcase><testcase classname="backend.tests.test_reports_and_command_center.TestReportCategories" name="test_all_report_categories" time="0.299" /><testcase classname="backend.tests.test_reports_and_command_center.TestReportCategories" name="test_generate_all_reports" time="0.886" /></testsuite></testsuites>