<?xml version="1.0" encoding="utf-8"?><testsuites name="pytest tests"><testsuite name="pytest" errors="0" failures="0" skipped="0" tests="6" time="3.207" timestamp="2026-01-28T20:56:55.109622+00:00" hostname="agent-env-c6bd91ca-8097-462c-8827-b68e9114dd0b"><testcase classname="backend.tests.test_iam_permission_matrix.TestIAMPermissionMatrix" name="test_list_roles" time="1.511" /><testcase classname="backend.tests.test_iam_permission_matrix.TestIAMPermissionMatrix" name="test_get_role_with_permissions" time="0.344" /><testcase classname="backend.tests.test_iam_permission_matrix.TestIAMPermissionMatrix" name="test_update_role_permissions" time="0.368" /><testcase classname="backend.tests.test_iam_permission_matrix.TestIAMPermissionMatrix" name="test_role_permissions_structure" time="0.296" /><testcase classname="backend.tests.test_iam_permission_matrix.TestIAMPermissionMatrix" name="test_system_role_name_protection" time="0.333" /><testcase classname="backend.tests.test_iam_permission_matrix.TestIAMPermissionMatrix" name="test_create_custom_role_with_permissions" time="0.291" /></testsuite></testsuites>