<?xml version="1.0" encoding="utf-8"?><testsuites name="pytest tests"><testsuite name="pytest" errors="0" failures="0" skipped="2" tests="13" time="4.155" timestamp="2026-01-28T00:12:11.155010+00:00" hostname="agent-env-2891aed9-c603-4b3b-b028-9c2596881be5"><testcase classname="backend.tests.test_p0_blockers.TestAuth" name="test_admin_login" time="0.319" /><testcase classname="backend.tests.test_p0_blockers.TestIAMRoles" name="test_list_roles" time="0.310" /><testcase classname="backend.tests.test_p0_blockers.TestIAMRoles" name="test_create_role" time="0.364" /><testcase classname="backend.tests.test_p0_blockers.TestIAMRoles" name="test_update_role" time="0.395" /><testcase classname="backend.tests.test_p0_blockers.TestIAMRoles" name="test_delete_role" time="0.343" /><testcase classname="backend.tests.test_p0_blockers.TestIAMAccountTypes" name="test_list_account_types" time="0.301" /><testcase classname="backend.tests.test_p0_blockers.TestIAMAccountTypes" name="test_create_account_type" time="0.367" /><testcase classname="backend.tests.test_p0_blockers.TestIAMAccountTypes" name="test_update_account_type" time="0.383" /><testcase classname="backend.tests.test_p0_blockers.TestIAMAccountTypes" name="test_delete_account_type" time="0.339" /><testcase classname="backend.tests.test_p0_blockers.TestOrderReassign" name="test_get_reassign_options" time="0.304"><skipped type="pytest.skip" message="No orders available to test reassign options">/app/backend/tests/test_p0_blockers.py:276: No orders available to test reassign options</skipped></testcase><testcase classname="backend.tests.test_p0_blockers.TestOrderReassign" name="test_reassign_endpoint_exists" time="0.302"><skipped type="pytest.skip" message="No reassignable orders available">/app/backend/tests/test_p0_blockers.py:306: No reassignable orders available</skipped></testcase><testcase classname="backend.tests.test_p0_blockers.TestMyTicketsEndpoint" name="test_my_requests_endpoint" time="0.309" /><testcase classname="backend.tests.test_p0_blockers.TestAllOrdersAdminOnly" name="test_orders_endpoint_requires_auth" time="0.040" /></testsuite></testsuites>