<?xml version="1.0" encoding="utf-8"?><testsuites name="pytest tests"><testsuite name="pytest" errors="0" failures="0" skipped="1" tests="19" time="19.756" timestamp="2026-02-01T17:25:53.005305+00:00" hostname="agent-env-56e5c984-d97e-4af1-a0b1-4b37a792ddfe"><testcase classname="backend.tests.test_p0_dashboard_pool_access.TestPoolAccessControl" name="test_admin_login_success" time="0.274" /><testcase classname="backend.tests.test_p0_dashboard_pool_access.TestPoolAccessControl" name="test_media_client_login_success" time="0.258" /><testcase classname="backend.tests.test_p0_dashboard_pool_access.TestPoolAccessControl" name="test_admin_can_access_pool_1" time="0.271" /><testcase classname="backend.tests.test_p0_dashboard_pool_access.TestPoolAccessControl" name="test_admin_can_access_pool_2" time="0.266" /><testcase classname="backend.tests.test_p0_dashboard_pool_access.TestPoolAccessControl" name="test_media_client_cannot_access_pools" time="0.274" /><testcase classname="backend.tests.test_p0_dashboard_pool_access.TestPoolAccessControl" name="test_user_with_can_pick_false_blocked_from_pools" time="0.296" /><testcase classname="backend.tests.test_p0_dashboard_pool_access.TestPoolAccessControl" name="test_create_user_with_can_pick_false_internal_staff" time="2.807" /><testcase classname="backend.tests.test_p0_dashboard_pool_access.TestPoolAccessControl" name="test_user_with_pool_access_pool1_blocked_from_pool2" time="2.721" /><testcase classname="backend.tests.test_p0_dashboard_pool_access.TestPoolAccessControl" name="test_user_with_pool_access_pool2_blocked_from_pool1" time="2.529" /><testcase classname="backend.tests.test_p0_dashboard_pool_access.TestPoolAccessControl" name="test_user_with_pool_access_both_can_access_all_pools" time="1.842" /><testcase classname="backend.tests.test_p0_dashboard_pool_access.TestDashboardMetrics" name="test_admin_dashboard_v2_metrics" time="0.351" /><testcase classname="backend.tests.test_p0_dashboard_pool_access.TestDashboardMetrics" name="test_media_client_dashboard_v2_metrics" time="0.359" /><testcase classname="backend.tests.test_p0_dashboard_pool_access.TestDashboardMetrics" name="test_orders_filter_by_status" time="0.291" /><testcase classname="backend.tests.test_p0_dashboard_pool_access.TestDashboardMetrics" name="test_my_requests_endpoint" time="0.309" /><testcase classname="backend.tests.test_p0_dashboard_pool_access.TestIAMPoolAccessDropdown" name="test_update_user_pool_access" time="0.306" /><testcase classname="backend.tests.test_p0_dashboard_pool_access.TestIAMPoolAccessDropdown" name="test_update_user_can_pick_false_sets_pool_access_none" time="3.447" /><testcase classname="backend.tests.test_p0_dashboard_pool_access.TestIAMPoolAccessDropdown" name="test_pool_access_validation" time="2.532" /><testcase classname="backend.tests.test_p0_dashboard_pool_access.TestUserResponseFields" name="test_user_response_includes_pool_fields" time="0.301" /><testcase classname="backend.tests.test_p0_dashboard_pool_access.TestUserResponseFields" name="test_auth_me_includes_pool_fields_bug" time="0.264"><skipped type="pytest.skip" message="Known bug: auth/me missing can_pick and pool_access fields">/app/backend/tests/test_p0_dashboard_pool_access.py:640: Known bug: auth/me missing can_pick and pool_access fields</skipped></testcase></testsuite></testsuites>