<?xml version="1.0" encoding="utf-8"?><testsuites name="pytest tests"><testsuite name="pytest" errors="0" failures="0" skipped="0" tests="10" time="10.913" timestamp="2026-01-28T22:43:47.493369+00:00" hostname="agent-env-abc66415-fc62-43ab-a165-787f67c2dcd9"><testcase classname="backend.tests.test_iam_searchable_dropdowns.TestIAMSearchableDropdowns" name="test_identity_config_returns_roles_and_account_types" time="0.313" /><testcase classname="backend.tests.test_iam_searchable_dropdowns.TestIAMSearchableDropdowns" name="test_teams_list_returns_related_specialty_ids" time="0.296" /><testcase classname="backend.tests.test_iam_searchable_dropdowns.TestIAMSearchableDropdowns" name="test_team_update_with_related_specialties" time="0.468" /><testcase classname="backend.tests.test_iam_searchable_dropdowns.TestIAMSearchableDropdowns" name="test_specialties_list_for_dropdown" time="0.386" /><testcase classname="backend.tests.test_iam_searchable_dropdowns.TestIAMSearchableDropdowns" name="test_subscription_plans_list_for_dropdown" time="0.276" /><testcase classname="backend.tests.test_iam_searchable_dropdowns.TestIAMSearchableDropdowns" name="test_create_user_with_send_welcome_email_flag" time="1.588" /><testcase classname="backend.tests.test_iam_searchable_dropdowns.TestIAMSearchableDropdowns" name="test_create_partner_user_requires_subscription_plan" time="0.408" /><testcase classname="backend.tests.test_iam_searchable_dropdowns.TestIAMSearchableDropdowns" name="test_create_partner_user_with_subscription_plan" time="1.560" /><testcase classname="backend.tests.test_iam_searchable_dropdowns.TestIAMSearchableDropdowns" name="test_user_disable_and_reactivate" time="5.038" /><testcase classname="backend.tests.test_iam_searchable_dropdowns.TestIAMSearchableDropdowns" name="test_team_create_with_related_specialties" time="0.429" /></testsuite></testsuites>