<?xml version="1.0" encoding="utf-8"?><testsuites name="pytest tests"><testsuite name="pytest" errors="0" failures="0" skipped="1" tests="10" time="3.056" timestamp="2026-01-25T20:42:28.285311+00:00" hostname="agent-env-c6797f84-f99f-4264-a6d0-08c5bfcc2b70"><testcase classname="backend.tests.test_p0_features.TestP0Features" name="test_my_requests_includes_assigned_to_name" time="0.292" /><testcase classname="backend.tests.test_p0_features.TestP0Features" name="test_order_detail_includes_editor_name" time="0.285" /><testcase classname="backend.tests.test_p0_features.TestP0Features" name="test_order_detail_includes_timestamps" time="0.359" /><testcase classname="backend.tests.test_p0_features.TestP0Features" name="test_close_order_endpoint_exists" time="0.278" /><testcase classname="backend.tests.test_p0_features.TestP0Features" name="test_close_order_requires_reason" time="0.269"><skipped type="pytest.skip" message="No open editing requests found for requester">/app/backend/tests/test_p0_features.py:195: No open editing requests found for requester</skipped></testcase><testcase classname="backend.tests.test_p0_features.TestP0Features" name="test_closed_order_has_closed_at_and_reason" time="0.291" /><testcase classname="backend.tests.test_p0_features.TestP0Features" name="test_cannot_close_already_closed_order" time="0.266" /><testcase classname="backend.tests.test_p0_features.TestP0Features" name="test_order_response_schema_has_editor_name" time="0.273" /><testcase classname="backend.tests.test_p0_features.TestP0Features" name="test_unified_request_response_has_assigned_to_name" time="0.306" /><testcase classname="backend.tests.test_p0_features.TestCloseOrderFlow" name="test_create_and_close_order_flow" time="0.309" /></testsuite></testsuites>